ERROR - 2026-05-23 11:57:50 --> Unknown column 'updated_at' in 'field list'
in SYSTEMPATH\Database\MySQLi\Connection.php on line 300.
 1 SYSTEMPATH\Database\MySQLi\Connection.php(300): mysqli->query('INSERT INTO `log_aktivitas` (`user`, `aktivitas`, `aksi`, `created_at`, `updated_at`) VALUES (\'admin\', \'Delete absensi ID 3\', \'DELETE\', \'2026-05-23 11:57:50\', \'2026-05-23 11:57:50\')', 0)
 2 SYSTEMPATH\Database\BaseConnection.php(910): CodeIgniter\Database\MySQLi\Connection->execute('INSERT INTO `log_aktivitas` (`user`, `aktivitas`, `aksi`, `created_at`, `updated_at`) VALUES (\'admin\', \'Delete absensi ID 3\', \'DELETE\', \'2026-05-23 11:57:50\', \'2026-05-23 11:57:50\')')
 3 SYSTEMPATH\Database\BaseConnection.php(827): CodeIgniter\Database\BaseConnection->simpleQuery('INSERT INTO `log_aktivitas` (`user`, `aktivitas`, `aksi`, `created_at`, `updated_at`) VALUES (\'admin\', \'Delete absensi ID 3\', \'DELETE\', \'2026-05-23 11:57:50\', \'2026-05-23 11:57:50\')')
 4 SYSTEMPATH\Database\BaseBuilder.php(2345): CodeIgniter\Database\BaseConnection->query('INSERT INTO `log_aktivitas` (`user`, `aktivitas`, `aksi`, `created_at`, `updated_at`) VALUES (:user:, :aktivitas:, :aksi:, :created_at:, :updated_at:)', [...], false)
 5 SYSTEMPATH\Model.php(355): CodeIgniter\Database\BaseBuilder->insert()
 6 SYSTEMPATH\BaseModel.php(899): CodeIgniter\Model->doInsert([...])
 7 SYSTEMPATH\Model.php(668): CodeIgniter\BaseModel->insert([...], true)
 8 APPPATH\Models\LogModel.php(31): CodeIgniter\Model->insert([...])
 9 APPPATH\Controllers\Admin\Absensi.php(66): App\Models\LogModel->tambahLog('admin', 'Delete absensi ID 3', 'DELETE')
10 SYSTEMPATH\CodeIgniter.php(951): App\Controllers\Admin\Absensi->delete('3')
11 SYSTEMPATH\CodeIgniter.php(497): CodeIgniter\CodeIgniter->runController(Object(App\Controllers\Admin\Absensi))
12 SYSTEMPATH\CodeIgniter.php(340): CodeIgniter\CodeIgniter->handleRequest(null, Object(Config\Cache), false)
13 SYSTEMPATH\Boot.php(417): CodeIgniter\CodeIgniter->run()
14 SYSTEMPATH\Boot.php(68): CodeIgniter\Boot::runCodeIgniter(Object(CodeIgniter\CodeIgniter))
15 FCPATH\index.php(59): CodeIgniter\Boot::bootWeb(Object(Config\Paths))
CRITICAL - 2026-05-23 11:57:50 --> CodeIgniter\Database\Exceptions\DatabaseException: Unknown column 'updated_at' in 'field list'
[Method: GET, Route: admin/absensi/delete/3]
in SYSTEMPATH\Database\BaseConnection.php on line 865.
 1 SYSTEMPATH\Database\BaseBuilder.php(2345): CodeIgniter\Database\BaseConnection->query('INSERT INTO `log_aktivitas` (`user`, `aktivitas`, `aksi`, `created_at`, `updated_at`) VALUES (:user:, :aktivitas:, :aksi:, :created_at:, :updated_at:)', [...], false)
 2 SYSTEMPATH\Model.php(355): CodeIgniter\Database\BaseBuilder->insert()
 3 SYSTEMPATH\BaseModel.php(899): CodeIgniter\Model->doInsert([...])
 4 SYSTEMPATH\Model.php(668): CodeIgniter\BaseModel->insert([...], true)
 5 APPPATH\Models\LogModel.php(31): CodeIgniter\Model->insert([...])
 6 APPPATH\Controllers\Admin\Absensi.php(66): App\Models\LogModel->tambahLog('admin', 'Delete absensi ID 3', 'DELETE')
 7 SYSTEMPATH\CodeIgniter.php(951): App\Controllers\Admin\Absensi->delete('3')
 8 SYSTEMPATH\CodeIgniter.php(497): CodeIgniter\CodeIgniter->runController(Object(App\Controllers\Admin\Absensi))
 9 SYSTEMPATH\CodeIgniter.php(340): CodeIgniter\CodeIgniter->handleRequest(null, Object(Config\Cache), false)
10 SYSTEMPATH\Boot.php(417): CodeIgniter\CodeIgniter->run()
11 SYSTEMPATH\Boot.php(68): CodeIgniter\Boot::runCodeIgniter(Object(CodeIgniter\CodeIgniter))
12 FCPATH\index.php(59): CodeIgniter\Boot::bootWeb(Object(Config\Paths))
CRITICAL - 2026-05-23 11:57:50 --> [Caused by] CodeIgniter\Database\Exceptions\DatabaseException: Unknown column 'updated_at' in 'field list'
in SYSTEMPATH\Database\MySQLi\Connection.php on line 310.
 1 SYSTEMPATH\Database\BaseConnection.php(910): CodeIgniter\Database\MySQLi\Connection->execute('INSERT INTO `log_aktivitas` (`user`, `aktivitas`, `aksi`, `created_at`, `updated_at`) VALUES (\'admin\', \'Delete absensi ID 3\', \'DELETE\', \'2026-05-23 11:57:50\', \'2026-05-23 11:57:50\')')
 2 SYSTEMPATH\Database\BaseConnection.php(827): CodeIgniter\Database\BaseConnection->simpleQuery('INSERT INTO `log_aktivitas` (`user`, `aktivitas`, `aksi`, `created_at`, `updated_at`) VALUES (\'admin\', \'Delete absensi ID 3\', \'DELETE\', \'2026-05-23 11:57:50\', \'2026-05-23 11:57:50\')')
 3 SYSTEMPATH\Database\BaseBuilder.php(2345): CodeIgniter\Database\BaseConnection->query('INSERT INTO `log_aktivitas` (`user`, `aktivitas`, `aksi`, `created_at`, `updated_at`) VALUES (:user:, :aktivitas:, :aksi:, :created_at:, :updated_at:)', [...], false)
 4 SYSTEMPATH\Model.php(355): CodeIgniter\Database\BaseBuilder->insert()
 5 SYSTEMPATH\BaseModel.php(899): CodeIgniter\Model->doInsert([...])
 6 SYSTEMPATH\Model.php(668): CodeIgniter\BaseModel->insert([...], true)
 7 APPPATH\Models\LogModel.php(31): CodeIgniter\Model->insert([...])
 8 APPPATH\Controllers\Admin\Absensi.php(66): App\Models\LogModel->tambahLog('admin', 'Delete absensi ID 3', 'DELETE')
 9 SYSTEMPATH\CodeIgniter.php(951): App\Controllers\Admin\Absensi->delete('3')
10 SYSTEMPATH\CodeIgniter.php(497): CodeIgniter\CodeIgniter->runController(Object(App\Controllers\Admin\Absensi))
11 SYSTEMPATH\CodeIgniter.php(340): CodeIgniter\CodeIgniter->handleRequest(null, Object(Config\Cache), false)
12 SYSTEMPATH\Boot.php(417): CodeIgniter\CodeIgniter->run()
13 SYSTEMPATH\Boot.php(68): CodeIgniter\Boot::runCodeIgniter(Object(CodeIgniter\CodeIgniter))
14 FCPATH\index.php(59): CodeIgniter\Boot::bootWeb(Object(Config\Paths))
CRITICAL - 2026-05-23 11:57:50 --> [Caused by] mysqli_sql_exception: Unknown column 'updated_at' in 'field list'
in SYSTEMPATH\Database\MySQLi\Connection.php on line 300.
 1 SYSTEMPATH\Database\MySQLi\Connection.php(300): mysqli->query('INSERT INTO `log_aktivitas` (`user`, `aktivitas`, `aksi`, `created_at`, `updated_at`) VALUES (\'admin\', \'Delete absensi ID 3\', \'DELETE\', \'2026-05-23 11:57:50\', \'2026-05-23 11:57:50\')', 0)
 2 SYSTEMPATH\Database\BaseConnection.php(910): CodeIgniter\Database\MySQLi\Connection->execute('INSERT INTO `log_aktivitas` (`user`, `aktivitas`, `aksi`, `created_at`, `updated_at`) VALUES (\'admin\', \'Delete absensi ID 3\', \'DELETE\', \'2026-05-23 11:57:50\', \'2026-05-23 11:57:50\')')
 3 SYSTEMPATH\Database\BaseConnection.php(827): CodeIgniter\Database\BaseConnection->simpleQuery('INSERT INTO `log_aktivitas` (`user`, `aktivitas`, `aksi`, `created_at`, `updated_at`) VALUES (\'admin\', \'Delete absensi ID 3\', \'DELETE\', \'2026-05-23 11:57:50\', \'2026-05-23 11:57:50\')')
 4 SYSTEMPATH\Database\BaseBuilder.php(2345): CodeIgniter\Database\BaseConnection->query('INSERT INTO `log_aktivitas` (`user`, `aktivitas`, `aksi`, `created_at`, `updated_at`) VALUES (:user:, :aktivitas:, :aksi:, :created_at:, :updated_at:)', [...], false)
 5 SYSTEMPATH\Model.php(355): CodeIgniter\Database\BaseBuilder->insert()
 6 SYSTEMPATH\BaseModel.php(899): CodeIgniter\Model->doInsert([...])
 7 SYSTEMPATH\Model.php(668): CodeIgniter\BaseModel->insert([...], true)
 8 APPPATH\Models\LogModel.php(31): CodeIgniter\Model->insert([...])
 9 APPPATH\Controllers\Admin\Absensi.php(66): App\Models\LogModel->tambahLog('admin', 'Delete absensi ID 3', 'DELETE')
10 SYSTEMPATH\CodeIgniter.php(951): App\Controllers\Admin\Absensi->delete('3')
11 SYSTEMPATH\CodeIgniter.php(497): CodeIgniter\CodeIgniter->runController(Object(App\Controllers\Admin\Absensi))
12 SYSTEMPATH\CodeIgniter.php(340): CodeIgniter\CodeIgniter->handleRequest(null, Object(Config\Cache), false)
13 SYSTEMPATH\Boot.php(417): CodeIgniter\CodeIgniter->run()
14 SYSTEMPATH\Boot.php(68): CodeIgniter\Boot::runCodeIgniter(Object(CodeIgniter\CodeIgniter))
15 FCPATH\index.php(59): CodeIgniter\Boot::bootWeb(Object(Config\Paths))
ERROR - 2026-05-23 12:00:15 --> Unknown column 'updated_at' in 'field list'
in SYSTEMPATH\Database\MySQLi\Connection.php on line 300.
 1 SYSTEMPATH\Database\MySQLi\Connection.php(300): mysqli->query('INSERT INTO `log_aktivitas` (`user`, `aktivitas`, `aksi`, `created_at`, `updated_at`) VALUES (\'admin\', \'Delete absensi ID 1\', \'DELETE\', \'2026-05-23 12:00:15\', \'2026-05-23 12:00:15\')', 0)
 2 SYSTEMPATH\Database\BaseConnection.php(910): CodeIgniter\Database\MySQLi\Connection->execute('INSERT INTO `log_aktivitas` (`user`, `aktivitas`, `aksi`, `created_at`, `updated_at`) VALUES (\'admin\', \'Delete absensi ID 1\', \'DELETE\', \'2026-05-23 12:00:15\', \'2026-05-23 12:00:15\')')
 3 SYSTEMPATH\Database\BaseConnection.php(827): CodeIgniter\Database\BaseConnection->simpleQuery('INSERT INTO `log_aktivitas` (`user`, `aktivitas`, `aksi`, `created_at`, `updated_at`) VALUES (\'admin\', \'Delete absensi ID 1\', \'DELETE\', \'2026-05-23 12:00:15\', \'2026-05-23 12:00:15\')')
 4 SYSTEMPATH\Database\BaseBuilder.php(2345): CodeIgniter\Database\BaseConnection->query('INSERT INTO `log_aktivitas` (`user`, `aktivitas`, `aksi`, `created_at`, `updated_at`) VALUES (:user:, :aktivitas:, :aksi:, :created_at:, :updated_at:)', [...], false)
 5 SYSTEMPATH\Model.php(355): CodeIgniter\Database\BaseBuilder->insert()
 6 SYSTEMPATH\BaseModel.php(899): CodeIgniter\Model->doInsert([...])
 7 SYSTEMPATH\Model.php(668): CodeIgniter\BaseModel->insert([...], true)
 8 APPPATH\Models\LogModel.php(31): CodeIgniter\Model->insert([...])
 9 APPPATH\Controllers\Admin\Absensi.php(66): App\Models\LogModel->tambahLog('admin', 'Delete absensi ID 1', 'DELETE')
10 SYSTEMPATH\CodeIgniter.php(951): App\Controllers\Admin\Absensi->delete('1')
11 SYSTEMPATH\CodeIgniter.php(497): CodeIgniter\CodeIgniter->runController(Object(App\Controllers\Admin\Absensi))
12 SYSTEMPATH\CodeIgniter.php(340): CodeIgniter\CodeIgniter->handleRequest(null, Object(Config\Cache), false)
13 SYSTEMPATH\Boot.php(417): CodeIgniter\CodeIgniter->run()
14 SYSTEMPATH\Boot.php(68): CodeIgniter\Boot::runCodeIgniter(Object(CodeIgniter\CodeIgniter))
15 FCPATH\index.php(59): CodeIgniter\Boot::bootWeb(Object(Config\Paths))
CRITICAL - 2026-05-23 12:00:15 --> CodeIgniter\Database\Exceptions\DatabaseException: Unknown column 'updated_at' in 'field list'
[Method: GET, Route: admin/absensi/delete/1]
in SYSTEMPATH\Database\BaseConnection.php on line 865.
 1 SYSTEMPATH\Database\BaseBuilder.php(2345): CodeIgniter\Database\BaseConnection->query('INSERT INTO `log_aktivitas` (`user`, `aktivitas`, `aksi`, `created_at`, `updated_at`) VALUES (:user:, :aktivitas:, :aksi:, :created_at:, :updated_at:)', [...], false)
 2 SYSTEMPATH\Model.php(355): CodeIgniter\Database\BaseBuilder->insert()
 3 SYSTEMPATH\BaseModel.php(899): CodeIgniter\Model->doInsert([...])
 4 SYSTEMPATH\Model.php(668): CodeIgniter\BaseModel->insert([...], true)
 5 APPPATH\Models\LogModel.php(31): CodeIgniter\Model->insert([...])
 6 APPPATH\Controllers\Admin\Absensi.php(66): App\Models\LogModel->tambahLog('admin', 'Delete absensi ID 1', 'DELETE')
 7 SYSTEMPATH\CodeIgniter.php(951): App\Controllers\Admin\Absensi->delete('1')
 8 SYSTEMPATH\CodeIgniter.php(497): CodeIgniter\CodeIgniter->runController(Object(App\Controllers\Admin\Absensi))
 9 SYSTEMPATH\CodeIgniter.php(340): CodeIgniter\CodeIgniter->handleRequest(null, Object(Config\Cache), false)
10 SYSTEMPATH\Boot.php(417): CodeIgniter\CodeIgniter->run()
11 SYSTEMPATH\Boot.php(68): CodeIgniter\Boot::runCodeIgniter(Object(CodeIgniter\CodeIgniter))
12 FCPATH\index.php(59): CodeIgniter\Boot::bootWeb(Object(Config\Paths))
CRITICAL - 2026-05-23 12:00:15 --> [Caused by] CodeIgniter\Database\Exceptions\DatabaseException: Unknown column 'updated_at' in 'field list'
in SYSTEMPATH\Database\MySQLi\Connection.php on line 310.
 1 SYSTEMPATH\Database\BaseConnection.php(910): CodeIgniter\Database\MySQLi\Connection->execute('INSERT INTO `log_aktivitas` (`user`, `aktivitas`, `aksi`, `created_at`, `updated_at`) VALUES (\'admin\', \'Delete absensi ID 1\', \'DELETE\', \'2026-05-23 12:00:15\', \'2026-05-23 12:00:15\')')
 2 SYSTEMPATH\Database\BaseConnection.php(827): CodeIgniter\Database\BaseConnection->simpleQuery('INSERT INTO `log_aktivitas` (`user`, `aktivitas`, `aksi`, `created_at`, `updated_at`) VALUES (\'admin\', \'Delete absensi ID 1\', \'DELETE\', \'2026-05-23 12:00:15\', \'2026-05-23 12:00:15\')')
 3 SYSTEMPATH\Database\BaseBuilder.php(2345): CodeIgniter\Database\BaseConnection->query('INSERT INTO `log_aktivitas` (`user`, `aktivitas`, `aksi`, `created_at`, `updated_at`) VALUES (:user:, :aktivitas:, :aksi:, :created_at:, :updated_at:)', [...], false)
 4 SYSTEMPATH\Model.php(355): CodeIgniter\Database\BaseBuilder->insert()
 5 SYSTEMPATH\BaseModel.php(899): CodeIgniter\Model->doInsert([...])
 6 SYSTEMPATH\Model.php(668): CodeIgniter\BaseModel->insert([...], true)
 7 APPPATH\Models\LogModel.php(31): CodeIgniter\Model->insert([...])
 8 APPPATH\Controllers\Admin\Absensi.php(66): App\Models\LogModel->tambahLog('admin', 'Delete absensi ID 1', 'DELETE')
 9 SYSTEMPATH\CodeIgniter.php(951): App\Controllers\Admin\Absensi->delete('1')
10 SYSTEMPATH\CodeIgniter.php(497): CodeIgniter\CodeIgniter->runController(Object(App\Controllers\Admin\Absensi))
11 SYSTEMPATH\CodeIgniter.php(340): CodeIgniter\CodeIgniter->handleRequest(null, Object(Config\Cache), false)
12 SYSTEMPATH\Boot.php(417): CodeIgniter\CodeIgniter->run()
13 SYSTEMPATH\Boot.php(68): CodeIgniter\Boot::runCodeIgniter(Object(CodeIgniter\CodeIgniter))
14 FCPATH\index.php(59): CodeIgniter\Boot::bootWeb(Object(Config\Paths))
CRITICAL - 2026-05-23 12:00:15 --> [Caused by] mysqli_sql_exception: Unknown column 'updated_at' in 'field list'
in SYSTEMPATH\Database\MySQLi\Connection.php on line 300.
 1 SYSTEMPATH\Database\MySQLi\Connection.php(300): mysqli->query('INSERT INTO `log_aktivitas` (`user`, `aktivitas`, `aksi`, `created_at`, `updated_at`) VALUES (\'admin\', \'Delete absensi ID 1\', \'DELETE\', \'2026-05-23 12:00:15\', \'2026-05-23 12:00:15\')', 0)
 2 SYSTEMPATH\Database\BaseConnection.php(910): CodeIgniter\Database\MySQLi\Connection->execute('INSERT INTO `log_aktivitas` (`user`, `aktivitas`, `aksi`, `created_at`, `updated_at`) VALUES (\'admin\', \'Delete absensi ID 1\', \'DELETE\', \'2026-05-23 12:00:15\', \'2026-05-23 12:00:15\')')
 3 SYSTEMPATH\Database\BaseConnection.php(827): CodeIgniter\Database\BaseConnection->simpleQuery('INSERT INTO `log_aktivitas` (`user`, `aktivitas`, `aksi`, `created_at`, `updated_at`) VALUES (\'admin\', \'Delete absensi ID 1\', \'DELETE\', \'2026-05-23 12:00:15\', \'2026-05-23 12:00:15\')')
 4 SYSTEMPATH\Database\BaseBuilder.php(2345): CodeIgniter\Database\BaseConnection->query('INSERT INTO `log_aktivitas` (`user`, `aktivitas`, `aksi`, `created_at`, `updated_at`) VALUES (:user:, :aktivitas:, :aksi:, :created_at:, :updated_at:)', [...], false)
 5 SYSTEMPATH\Model.php(355): CodeIgniter\Database\BaseBuilder->insert()
 6 SYSTEMPATH\BaseModel.php(899): CodeIgniter\Model->doInsert([...])
 7 SYSTEMPATH\Model.php(668): CodeIgniter\BaseModel->insert([...], true)
 8 APPPATH\Models\LogModel.php(31): CodeIgniter\Model->insert([...])
 9 APPPATH\Controllers\Admin\Absensi.php(66): App\Models\LogModel->tambahLog('admin', 'Delete absensi ID 1', 'DELETE')
10 SYSTEMPATH\CodeIgniter.php(951): App\Controllers\Admin\Absensi->delete('1')
11 SYSTEMPATH\CodeIgniter.php(497): CodeIgniter\CodeIgniter->runController(Object(App\Controllers\Admin\Absensi))
12 SYSTEMPATH\CodeIgniter.php(340): CodeIgniter\CodeIgniter->handleRequest(null, Object(Config\Cache), false)
13 SYSTEMPATH\Boot.php(417): CodeIgniter\CodeIgniter->run()
14 SYSTEMPATH\Boot.php(68): CodeIgniter\Boot::runCodeIgniter(Object(CodeIgniter\CodeIgniter))
15 FCPATH\index.php(59): CodeIgniter\Boot::bootWeb(Object(Config\Paths))
ERROR - 2026-05-23 12:12:30 --> Unknown column 'updated_at' in 'field list'
in SYSTEMPATH\Database\MySQLi\Connection.php on line 300.
 1 SYSTEMPATH\Database\MySQLi\Connection.php(300): mysqli->query('INSERT INTO `log_aktivitas` (`user`, `aktivitas`, `aksi`, `created_at`, `updated_at`) VALUES (\'admin\', \'Delete absensi ID 5\', \'DELETE\', \'2026-05-23 12:12:30\', \'2026-05-23 12:12:30\')', 0)
 2 SYSTEMPATH\Database\BaseConnection.php(910): CodeIgniter\Database\MySQLi\Connection->execute('INSERT INTO `log_aktivitas` (`user`, `aktivitas`, `aksi`, `created_at`, `updated_at`) VALUES (\'admin\', \'Delete absensi ID 5\', \'DELETE\', \'2026-05-23 12:12:30\', \'2026-05-23 12:12:30\')')
 3 SYSTEMPATH\Database\BaseConnection.php(827): CodeIgniter\Database\BaseConnection->simpleQuery('INSERT INTO `log_aktivitas` (`user`, `aktivitas`, `aksi`, `created_at`, `updated_at`) VALUES (\'admin\', \'Delete absensi ID 5\', \'DELETE\', \'2026-05-23 12:12:30\', \'2026-05-23 12:12:30\')')
 4 SYSTEMPATH\Database\BaseBuilder.php(2345): CodeIgniter\Database\BaseConnection->query('INSERT INTO `log_aktivitas` (`user`, `aktivitas`, `aksi`, `created_at`, `updated_at`) VALUES (:user:, :aktivitas:, :aksi:, :created_at:, :updated_at:)', [...], false)
 5 SYSTEMPATH\Model.php(355): CodeIgniter\Database\BaseBuilder->insert()
 6 SYSTEMPATH\BaseModel.php(899): CodeIgniter\Model->doInsert([...])
 7 SYSTEMPATH\Model.php(668): CodeIgniter\BaseModel->insert([...], true)
 8 APPPATH\Models\LogModel.php(31): CodeIgniter\Model->insert([...])
 9 APPPATH\Controllers\Admin\Absensi.php(66): App\Models\LogModel->tambahLog('admin', 'Delete absensi ID 5', 'DELETE')
10 SYSTEMPATH\CodeIgniter.php(951): App\Controllers\Admin\Absensi->delete('5')
11 SYSTEMPATH\CodeIgniter.php(497): CodeIgniter\CodeIgniter->runController(Object(App\Controllers\Admin\Absensi))
12 SYSTEMPATH\CodeIgniter.php(340): CodeIgniter\CodeIgniter->handleRequest(null, Object(Config\Cache), false)
13 SYSTEMPATH\Boot.php(417): CodeIgniter\CodeIgniter->run()
14 SYSTEMPATH\Boot.php(68): CodeIgniter\Boot::runCodeIgniter(Object(CodeIgniter\CodeIgniter))
15 FCPATH\index.php(59): CodeIgniter\Boot::bootWeb(Object(Config\Paths))
CRITICAL - 2026-05-23 12:12:30 --> CodeIgniter\Database\Exceptions\DatabaseException: Unknown column 'updated_at' in 'field list'
[Method: GET, Route: admin/absensi/delete/5]
in SYSTEMPATH\Database\BaseConnection.php on line 865.
 1 SYSTEMPATH\Database\BaseBuilder.php(2345): CodeIgniter\Database\BaseConnection->query('INSERT INTO `log_aktivitas` (`user`, `aktivitas`, `aksi`, `created_at`, `updated_at`) VALUES (:user:, :aktivitas:, :aksi:, :created_at:, :updated_at:)', [...], false)
 2 SYSTEMPATH\Model.php(355): CodeIgniter\Database\BaseBuilder->insert()
 3 SYSTEMPATH\BaseModel.php(899): CodeIgniter\Model->doInsert([...])
 4 SYSTEMPATH\Model.php(668): CodeIgniter\BaseModel->insert([...], true)
 5 APPPATH\Models\LogModel.php(31): CodeIgniter\Model->insert([...])
 6 APPPATH\Controllers\Admin\Absensi.php(66): App\Models\LogModel->tambahLog('admin', 'Delete absensi ID 5', 'DELETE')
 7 SYSTEMPATH\CodeIgniter.php(951): App\Controllers\Admin\Absensi->delete('5')
 8 SYSTEMPATH\CodeIgniter.php(497): CodeIgniter\CodeIgniter->runController(Object(App\Controllers\Admin\Absensi))
 9 SYSTEMPATH\CodeIgniter.php(340): CodeIgniter\CodeIgniter->handleRequest(null, Object(Config\Cache), false)
10 SYSTEMPATH\Boot.php(417): CodeIgniter\CodeIgniter->run()
11 SYSTEMPATH\Boot.php(68): CodeIgniter\Boot::runCodeIgniter(Object(CodeIgniter\CodeIgniter))
12 FCPATH\index.php(59): CodeIgniter\Boot::bootWeb(Object(Config\Paths))
CRITICAL - 2026-05-23 12:12:30 --> [Caused by] CodeIgniter\Database\Exceptions\DatabaseException: Unknown column 'updated_at' in 'field list'
in SYSTEMPATH\Database\MySQLi\Connection.php on line 310.
 1 SYSTEMPATH\Database\BaseConnection.php(910): CodeIgniter\Database\MySQLi\Connection->execute('INSERT INTO `log_aktivitas` (`user`, `aktivitas`, `aksi`, `created_at`, `updated_at`) VALUES (\'admin\', \'Delete absensi ID 5\', \'DELETE\', \'2026-05-23 12:12:30\', \'2026-05-23 12:12:30\')')
 2 SYSTEMPATH\Database\BaseConnection.php(827): CodeIgniter\Database\BaseConnection->simpleQuery('INSERT INTO `log_aktivitas` (`user`, `aktivitas`, `aksi`, `created_at`, `updated_at`) VALUES (\'admin\', \'Delete absensi ID 5\', \'DELETE\', \'2026-05-23 12:12:30\', \'2026-05-23 12:12:30\')')
 3 SYSTEMPATH\Database\BaseBuilder.php(2345): CodeIgniter\Database\BaseConnection->query('INSERT INTO `log_aktivitas` (`user`, `aktivitas`, `aksi`, `created_at`, `updated_at`) VALUES (:user:, :aktivitas:, :aksi:, :created_at:, :updated_at:)', [...], false)
 4 SYSTEMPATH\Model.php(355): CodeIgniter\Database\BaseBuilder->insert()
 5 SYSTEMPATH\BaseModel.php(899): CodeIgniter\Model->doInsert([...])
 6 SYSTEMPATH\Model.php(668): CodeIgniter\BaseModel->insert([...], true)
 7 APPPATH\Models\LogModel.php(31): CodeIgniter\Model->insert([...])
 8 APPPATH\Controllers\Admin\Absensi.php(66): App\Models\LogModel->tambahLog('admin', 'Delete absensi ID 5', 'DELETE')
 9 SYSTEMPATH\CodeIgniter.php(951): App\Controllers\Admin\Absensi->delete('5')
10 SYSTEMPATH\CodeIgniter.php(497): CodeIgniter\CodeIgniter->runController(Object(App\Controllers\Admin\Absensi))
11 SYSTEMPATH\CodeIgniter.php(340): CodeIgniter\CodeIgniter->handleRequest(null, Object(Config\Cache), false)
12 SYSTEMPATH\Boot.php(417): CodeIgniter\CodeIgniter->run()
13 SYSTEMPATH\Boot.php(68): CodeIgniter\Boot::runCodeIgniter(Object(CodeIgniter\CodeIgniter))
14 FCPATH\index.php(59): CodeIgniter\Boot::bootWeb(Object(Config\Paths))
CRITICAL - 2026-05-23 12:12:30 --> [Caused by] mysqli_sql_exception: Unknown column 'updated_at' in 'field list'
in SYSTEMPATH\Database\MySQLi\Connection.php on line 300.
 1 SYSTEMPATH\Database\MySQLi\Connection.php(300): mysqli->query('INSERT INTO `log_aktivitas` (`user`, `aktivitas`, `aksi`, `created_at`, `updated_at`) VALUES (\'admin\', \'Delete absensi ID 5\', \'DELETE\', \'2026-05-23 12:12:30\', \'2026-05-23 12:12:30\')', 0)
 2 SYSTEMPATH\Database\BaseConnection.php(910): CodeIgniter\Database\MySQLi\Connection->execute('INSERT INTO `log_aktivitas` (`user`, `aktivitas`, `aksi`, `created_at`, `updated_at`) VALUES (\'admin\', \'Delete absensi ID 5\', \'DELETE\', \'2026-05-23 12:12:30\', \'2026-05-23 12:12:30\')')
 3 SYSTEMPATH\Database\BaseConnection.php(827): CodeIgniter\Database\BaseConnection->simpleQuery('INSERT INTO `log_aktivitas` (`user`, `aktivitas`, `aksi`, `created_at`, `updated_at`) VALUES (\'admin\', \'Delete absensi ID 5\', \'DELETE\', \'2026-05-23 12:12:30\', \'2026-05-23 12:12:30\')')
 4 SYSTEMPATH\Database\BaseBuilder.php(2345): CodeIgniter\Database\BaseConnection->query('INSERT INTO `log_aktivitas` (`user`, `aktivitas`, `aksi`, `created_at`, `updated_at`) VALUES (:user:, :aktivitas:, :aksi:, :created_at:, :updated_at:)', [...], false)
 5 SYSTEMPATH\Model.php(355): CodeIgniter\Database\BaseBuilder->insert()
 6 SYSTEMPATH\BaseModel.php(899): CodeIgniter\Model->doInsert([...])
 7 SYSTEMPATH\Model.php(668): CodeIgniter\BaseModel->insert([...], true)
 8 APPPATH\Models\LogModel.php(31): CodeIgniter\Model->insert([...])
 9 APPPATH\Controllers\Admin\Absensi.php(66): App\Models\LogModel->tambahLog('admin', 'Delete absensi ID 5', 'DELETE')
10 SYSTEMPATH\CodeIgniter.php(951): App\Controllers\Admin\Absensi->delete('5')
11 SYSTEMPATH\CodeIgniter.php(497): CodeIgniter\CodeIgniter->runController(Object(App\Controllers\Admin\Absensi))
12 SYSTEMPATH\CodeIgniter.php(340): CodeIgniter\CodeIgniter->handleRequest(null, Object(Config\Cache), false)
13 SYSTEMPATH\Boot.php(417): CodeIgniter\CodeIgniter->run()
14 SYSTEMPATH\Boot.php(68): CodeIgniter\Boot::runCodeIgniter(Object(CodeIgniter\CodeIgniter))
15 FCPATH\index.php(59): CodeIgniter\Boot::bootWeb(Object(Config\Paths))
ERROR - 2026-05-23 12:18:21 --> Unknown column 'updated_at' in 'field list'
in SYSTEMPATH\Database\MySQLi\Connection.php on line 300.
 1 SYSTEMPATH\Database\MySQLi\Connection.php(300): mysqli->query('INSERT INTO `log_aktivitas` (`user`, `aktivitas`, `aksi`, `created_at`, `updated_at`) VALUES (\'admin\', \'Delete absensi ID 2\', \'DELETE\', \'2026-05-23 12:18:21\', \'2026-05-23 12:18:21\')', 0)
 2 SYSTEMPATH\Database\BaseConnection.php(910): CodeIgniter\Database\MySQLi\Connection->execute('INSERT INTO `log_aktivitas` (`user`, `aktivitas`, `aksi`, `created_at`, `updated_at`) VALUES (\'admin\', \'Delete absensi ID 2\', \'DELETE\', \'2026-05-23 12:18:21\', \'2026-05-23 12:18:21\')')
 3 SYSTEMPATH\Database\BaseConnection.php(827): CodeIgniter\Database\BaseConnection->simpleQuery('INSERT INTO `log_aktivitas` (`user`, `aktivitas`, `aksi`, `created_at`, `updated_at`) VALUES (\'admin\', \'Delete absensi ID 2\', \'DELETE\', \'2026-05-23 12:18:21\', \'2026-05-23 12:18:21\')')
 4 SYSTEMPATH\Database\BaseBuilder.php(2345): CodeIgniter\Database\BaseConnection->query('INSERT INTO `log_aktivitas` (`user`, `aktivitas`, `aksi`, `created_at`, `updated_at`) VALUES (:user:, :aktivitas:, :aksi:, :created_at:, :updated_at:)', [...], false)
 5 SYSTEMPATH\Model.php(355): CodeIgniter\Database\BaseBuilder->insert()
 6 SYSTEMPATH\BaseModel.php(899): CodeIgniter\Model->doInsert([...])
 7 SYSTEMPATH\Model.php(668): CodeIgniter\BaseModel->insert([...], true)
 8 APPPATH\Models\LogModel.php(31): CodeIgniter\Model->insert([...])
 9 APPPATH\Controllers\Admin\Absensi.php(74): App\Models\LogModel->tambahLog('admin', 'Delete absensi ID 2', 'DELETE')
10 SYSTEMPATH\CodeIgniter.php(951): App\Controllers\Admin\Absensi->delete('2')
11 SYSTEMPATH\CodeIgniter.php(497): CodeIgniter\CodeIgniter->runController(Object(App\Controllers\Admin\Absensi))
12 SYSTEMPATH\CodeIgniter.php(340): CodeIgniter\CodeIgniter->handleRequest(null, Object(Config\Cache), false)
13 SYSTEMPATH\Boot.php(417): CodeIgniter\CodeIgniter->run()
14 SYSTEMPATH\Boot.php(68): CodeIgniter\Boot::runCodeIgniter(Object(CodeIgniter\CodeIgniter))
15 FCPATH\index.php(59): CodeIgniter\Boot::bootWeb(Object(Config\Paths))
CRITICAL - 2026-05-23 12:18:21 --> CodeIgniter\Database\Exceptions\DatabaseException: Unknown column 'updated_at' in 'field list'
[Method: GET, Route: admin/absensi/delete/2]
in SYSTEMPATH\Database\BaseConnection.php on line 865.
 1 SYSTEMPATH\Database\BaseBuilder.php(2345): CodeIgniter\Database\BaseConnection->query('INSERT INTO `log_aktivitas` (`user`, `aktivitas`, `aksi`, `created_at`, `updated_at`) VALUES (:user:, :aktivitas:, :aksi:, :created_at:, :updated_at:)', [...], false)
 2 SYSTEMPATH\Model.php(355): CodeIgniter\Database\BaseBuilder->insert()
 3 SYSTEMPATH\BaseModel.php(899): CodeIgniter\Model->doInsert([...])
 4 SYSTEMPATH\Model.php(668): CodeIgniter\BaseModel->insert([...], true)
 5 APPPATH\Models\LogModel.php(31): CodeIgniter\Model->insert([...])
 6 APPPATH\Controllers\Admin\Absensi.php(74): App\Models\LogModel->tambahLog('admin', 'Delete absensi ID 2', 'DELETE')
 7 SYSTEMPATH\CodeIgniter.php(951): App\Controllers\Admin\Absensi->delete('2')
 8 SYSTEMPATH\CodeIgniter.php(497): CodeIgniter\CodeIgniter->runController(Object(App\Controllers\Admin\Absensi))
 9 SYSTEMPATH\CodeIgniter.php(340): CodeIgniter\CodeIgniter->handleRequest(null, Object(Config\Cache), false)
10 SYSTEMPATH\Boot.php(417): CodeIgniter\CodeIgniter->run()
11 SYSTEMPATH\Boot.php(68): CodeIgniter\Boot::runCodeIgniter(Object(CodeIgniter\CodeIgniter))
12 FCPATH\index.php(59): CodeIgniter\Boot::bootWeb(Object(Config\Paths))
CRITICAL - 2026-05-23 12:18:21 --> [Caused by] CodeIgniter\Database\Exceptions\DatabaseException: Unknown column 'updated_at' in 'field list'
in SYSTEMPATH\Database\MySQLi\Connection.php on line 310.
 1 SYSTEMPATH\Database\BaseConnection.php(910): CodeIgniter\Database\MySQLi\Connection->execute('INSERT INTO `log_aktivitas` (`user`, `aktivitas`, `aksi`, `created_at`, `updated_at`) VALUES (\'admin\', \'Delete absensi ID 2\', \'DELETE\', \'2026-05-23 12:18:21\', \'2026-05-23 12:18:21\')')
 2 SYSTEMPATH\Database\BaseConnection.php(827): CodeIgniter\Database\BaseConnection->simpleQuery('INSERT INTO `log_aktivitas` (`user`, `aktivitas`, `aksi`, `created_at`, `updated_at`) VALUES (\'admin\', \'Delete absensi ID 2\', \'DELETE\', \'2026-05-23 12:18:21\', \'2026-05-23 12:18:21\')')
 3 SYSTEMPATH\Database\BaseBuilder.php(2345): CodeIgniter\Database\BaseConnection->query('INSERT INTO `log_aktivitas` (`user`, `aktivitas`, `aksi`, `created_at`, `updated_at`) VALUES (:user:, :aktivitas:, :aksi:, :created_at:, :updated_at:)', [...], false)
 4 SYSTEMPATH\Model.php(355): CodeIgniter\Database\BaseBuilder->insert()
 5 SYSTEMPATH\BaseModel.php(899): CodeIgniter\Model->doInsert([...])
 6 SYSTEMPATH\Model.php(668): CodeIgniter\BaseModel->insert([...], true)
 7 APPPATH\Models\LogModel.php(31): CodeIgniter\Model->insert([...])
 8 APPPATH\Controllers\Admin\Absensi.php(74): App\Models\LogModel->tambahLog('admin', 'Delete absensi ID 2', 'DELETE')
 9 SYSTEMPATH\CodeIgniter.php(951): App\Controllers\Admin\Absensi->delete('2')
10 SYSTEMPATH\CodeIgniter.php(497): CodeIgniter\CodeIgniter->runController(Object(App\Controllers\Admin\Absensi))
11 SYSTEMPATH\CodeIgniter.php(340): CodeIgniter\CodeIgniter->handleRequest(null, Object(Config\Cache), false)
12 SYSTEMPATH\Boot.php(417): CodeIgniter\CodeIgniter->run()
13 SYSTEMPATH\Boot.php(68): CodeIgniter\Boot::runCodeIgniter(Object(CodeIgniter\CodeIgniter))
14 FCPATH\index.php(59): CodeIgniter\Boot::bootWeb(Object(Config\Paths))
CRITICAL - 2026-05-23 12:18:21 --> [Caused by] mysqli_sql_exception: Unknown column 'updated_at' in 'field list'
in SYSTEMPATH\Database\MySQLi\Connection.php on line 300.
 1 SYSTEMPATH\Database\MySQLi\Connection.php(300): mysqli->query('INSERT INTO `log_aktivitas` (`user`, `aktivitas`, `aksi`, `created_at`, `updated_at`) VALUES (\'admin\', \'Delete absensi ID 2\', \'DELETE\', \'2026-05-23 12:18:21\', \'2026-05-23 12:18:21\')', 0)
 2 SYSTEMPATH\Database\BaseConnection.php(910): CodeIgniter\Database\MySQLi\Connection->execute('INSERT INTO `log_aktivitas` (`user`, `aktivitas`, `aksi`, `created_at`, `updated_at`) VALUES (\'admin\', \'Delete absensi ID 2\', \'DELETE\', \'2026-05-23 12:18:21\', \'2026-05-23 12:18:21\')')
 3 SYSTEMPATH\Database\BaseConnection.php(827): CodeIgniter\Database\BaseConnection->simpleQuery('INSERT INTO `log_aktivitas` (`user`, `aktivitas`, `aksi`, `created_at`, `updated_at`) VALUES (\'admin\', \'Delete absensi ID 2\', \'DELETE\', \'2026-05-23 12:18:21\', \'2026-05-23 12:18:21\')')
 4 SYSTEMPATH\Database\BaseBuilder.php(2345): CodeIgniter\Database\BaseConnection->query('INSERT INTO `log_aktivitas` (`user`, `aktivitas`, `aksi`, `created_at`, `updated_at`) VALUES (:user:, :aktivitas:, :aksi:, :created_at:, :updated_at:)', [...], false)
 5 SYSTEMPATH\Model.php(355): CodeIgniter\Database\BaseBuilder->insert()
 6 SYSTEMPATH\BaseModel.php(899): CodeIgniter\Model->doInsert([...])
 7 SYSTEMPATH\Model.php(668): CodeIgniter\BaseModel->insert([...], true)
 8 APPPATH\Models\LogModel.php(31): CodeIgniter\Model->insert([...])
 9 APPPATH\Controllers\Admin\Absensi.php(74): App\Models\LogModel->tambahLog('admin', 'Delete absensi ID 2', 'DELETE')
10 SYSTEMPATH\CodeIgniter.php(951): App\Controllers\Admin\Absensi->delete('2')
11 SYSTEMPATH\CodeIgniter.php(497): CodeIgniter\CodeIgniter->runController(Object(App\Controllers\Admin\Absensi))
12 SYSTEMPATH\CodeIgniter.php(340): CodeIgniter\CodeIgniter->handleRequest(null, Object(Config\Cache), false)
13 SYSTEMPATH\Boot.php(417): CodeIgniter\CodeIgniter->run()
14 SYSTEMPATH\Boot.php(68): CodeIgniter\Boot::runCodeIgniter(Object(CodeIgniter\CodeIgniter))
15 FCPATH\index.php(59): CodeIgniter\Boot::bootWeb(Object(Config\Paths))
ERROR - 2026-05-23 12:18:51 --> Unknown column 'updated_at' in 'field list'
in SYSTEMPATH\Database\MySQLi\Connection.php on line 300.
 1 SYSTEMPATH\Database\MySQLi\Connection.php(300): mysqli->query('INSERT INTO `log_aktivitas` (`user`, `aktivitas`, `aksi`, `created_at`, `updated_at`) VALUES (\'admin\', \'Delete absensi ID 4\', \'DELETE\', \'2026-05-23 12:18:51\', \'2026-05-23 12:18:51\')', 0)
 2 SYSTEMPATH\Database\BaseConnection.php(910): CodeIgniter\Database\MySQLi\Connection->execute('INSERT INTO `log_aktivitas` (`user`, `aktivitas`, `aksi`, `created_at`, `updated_at`) VALUES (\'admin\', \'Delete absensi ID 4\', \'DELETE\', \'2026-05-23 12:18:51\', \'2026-05-23 12:18:51\')')
 3 SYSTEMPATH\Database\BaseConnection.php(827): CodeIgniter\Database\BaseConnection->simpleQuery('INSERT INTO `log_aktivitas` (`user`, `aktivitas`, `aksi`, `created_at`, `updated_at`) VALUES (\'admin\', \'Delete absensi ID 4\', \'DELETE\', \'2026-05-23 12:18:51\', \'2026-05-23 12:18:51\')')
 4 SYSTEMPATH\Database\BaseBuilder.php(2345): CodeIgniter\Database\BaseConnection->query('INSERT INTO `log_aktivitas` (`user`, `aktivitas`, `aksi`, `created_at`, `updated_at`) VALUES (:user:, :aktivitas:, :aksi:, :created_at:, :updated_at:)', [...], false)
 5 SYSTEMPATH\Model.php(355): CodeIgniter\Database\BaseBuilder->insert()
 6 SYSTEMPATH\BaseModel.php(899): CodeIgniter\Model->doInsert([...])
 7 SYSTEMPATH\Model.php(668): CodeIgniter\BaseModel->insert([...], true)
 8 APPPATH\Models\LogModel.php(31): CodeIgniter\Model->insert([...])
 9 APPPATH\Controllers\Admin\Absensi.php(74): App\Models\LogModel->tambahLog('admin', 'Delete absensi ID 4', 'DELETE')
10 SYSTEMPATH\CodeIgniter.php(951): App\Controllers\Admin\Absensi->delete('4')
11 SYSTEMPATH\CodeIgniter.php(497): CodeIgniter\CodeIgniter->runController(Object(App\Controllers\Admin\Absensi))
12 SYSTEMPATH\CodeIgniter.php(340): CodeIgniter\CodeIgniter->handleRequest(null, Object(Config\Cache), false)
13 SYSTEMPATH\Boot.php(417): CodeIgniter\CodeIgniter->run()
14 SYSTEMPATH\Boot.php(68): CodeIgniter\Boot::runCodeIgniter(Object(CodeIgniter\CodeIgniter))
15 FCPATH\index.php(59): CodeIgniter\Boot::bootWeb(Object(Config\Paths))
CRITICAL - 2026-05-23 12:18:51 --> CodeIgniter\Database\Exceptions\DatabaseException: Unknown column 'updated_at' in 'field list'
[Method: GET, Route: admin/absensi/delete/4]
in SYSTEMPATH\Database\BaseConnection.php on line 865.
 1 SYSTEMPATH\Database\BaseBuilder.php(2345): CodeIgniter\Database\BaseConnection->query('INSERT INTO `log_aktivitas` (`user`, `aktivitas`, `aksi`, `created_at`, `updated_at`) VALUES (:user:, :aktivitas:, :aksi:, :created_at:, :updated_at:)', [...], false)
 2 SYSTEMPATH\Model.php(355): CodeIgniter\Database\BaseBuilder->insert()
 3 SYSTEMPATH\BaseModel.php(899): CodeIgniter\Model->doInsert([...])
 4 SYSTEMPATH\Model.php(668): CodeIgniter\BaseModel->insert([...], true)
 5 APPPATH\Models\LogModel.php(31): CodeIgniter\Model->insert([...])
 6 APPPATH\Controllers\Admin\Absensi.php(74): App\Models\LogModel->tambahLog('admin', 'Delete absensi ID 4', 'DELETE')
 7 SYSTEMPATH\CodeIgniter.php(951): App\Controllers\Admin\Absensi->delete('4')
 8 SYSTEMPATH\CodeIgniter.php(497): CodeIgniter\CodeIgniter->runController(Object(App\Controllers\Admin\Absensi))
 9 SYSTEMPATH\CodeIgniter.php(340): CodeIgniter\CodeIgniter->handleRequest(null, Object(Config\Cache), false)
10 SYSTEMPATH\Boot.php(417): CodeIgniter\CodeIgniter->run()
11 SYSTEMPATH\Boot.php(68): CodeIgniter\Boot::runCodeIgniter(Object(CodeIgniter\CodeIgniter))
12 FCPATH\index.php(59): CodeIgniter\Boot::bootWeb(Object(Config\Paths))
CRITICAL - 2026-05-23 12:18:51 --> [Caused by] CodeIgniter\Database\Exceptions\DatabaseException: Unknown column 'updated_at' in 'field list'
in SYSTEMPATH\Database\MySQLi\Connection.php on line 310.
 1 SYSTEMPATH\Database\BaseConnection.php(910): CodeIgniter\Database\MySQLi\Connection->execute('INSERT INTO `log_aktivitas` (`user`, `aktivitas`, `aksi`, `created_at`, `updated_at`) VALUES (\'admin\', \'Delete absensi ID 4\', \'DELETE\', \'2026-05-23 12:18:51\', \'2026-05-23 12:18:51\')')
 2 SYSTEMPATH\Database\BaseConnection.php(827): CodeIgniter\Database\BaseConnection->simpleQuery('INSERT INTO `log_aktivitas` (`user`, `aktivitas`, `aksi`, `created_at`, `updated_at`) VALUES (\'admin\', \'Delete absensi ID 4\', \'DELETE\', \'2026-05-23 12:18:51\', \'2026-05-23 12:18:51\')')
 3 SYSTEMPATH\Database\BaseBuilder.php(2345): CodeIgniter\Database\BaseConnection->query('INSERT INTO `log_aktivitas` (`user`, `aktivitas`, `aksi`, `created_at`, `updated_at`) VALUES (:user:, :aktivitas:, :aksi:, :created_at:, :updated_at:)', [...], false)
 4 SYSTEMPATH\Model.php(355): CodeIgniter\Database\BaseBuilder->insert()
 5 SYSTEMPATH\BaseModel.php(899): CodeIgniter\Model->doInsert([...])
 6 SYSTEMPATH\Model.php(668): CodeIgniter\BaseModel->insert([...], true)
 7 APPPATH\Models\LogModel.php(31): CodeIgniter\Model->insert([...])
 8 APPPATH\Controllers\Admin\Absensi.php(74): App\Models\LogModel->tambahLog('admin', 'Delete absensi ID 4', 'DELETE')
 9 SYSTEMPATH\CodeIgniter.php(951): App\Controllers\Admin\Absensi->delete('4')
10 SYSTEMPATH\CodeIgniter.php(497): CodeIgniter\CodeIgniter->runController(Object(App\Controllers\Admin\Absensi))
11 SYSTEMPATH\CodeIgniter.php(340): CodeIgniter\CodeIgniter->handleRequest(null, Object(Config\Cache), false)
12 SYSTEMPATH\Boot.php(417): CodeIgniter\CodeIgniter->run()
13 SYSTEMPATH\Boot.php(68): CodeIgniter\Boot::runCodeIgniter(Object(CodeIgniter\CodeIgniter))
14 FCPATH\index.php(59): CodeIgniter\Boot::bootWeb(Object(Config\Paths))
CRITICAL - 2026-05-23 12:18:51 --> [Caused by] mysqli_sql_exception: Unknown column 'updated_at' in 'field list'
in SYSTEMPATH\Database\MySQLi\Connection.php on line 300.
 1 SYSTEMPATH\Database\MySQLi\Connection.php(300): mysqli->query('INSERT INTO `log_aktivitas` (`user`, `aktivitas`, `aksi`, `created_at`, `updated_at`) VALUES (\'admin\', \'Delete absensi ID 4\', \'DELETE\', \'2026-05-23 12:18:51\', \'2026-05-23 12:18:51\')', 0)
 2 SYSTEMPATH\Database\BaseConnection.php(910): CodeIgniter\Database\MySQLi\Connection->execute('INSERT INTO `log_aktivitas` (`user`, `aktivitas`, `aksi`, `created_at`, `updated_at`) VALUES (\'admin\', \'Delete absensi ID 4\', \'DELETE\', \'2026-05-23 12:18:51\', \'2026-05-23 12:18:51\')')
 3 SYSTEMPATH\Database\BaseConnection.php(827): CodeIgniter\Database\BaseConnection->simpleQuery('INSERT INTO `log_aktivitas` (`user`, `aktivitas`, `aksi`, `created_at`, `updated_at`) VALUES (\'admin\', \'Delete absensi ID 4\', \'DELETE\', \'2026-05-23 12:18:51\', \'2026-05-23 12:18:51\')')
 4 SYSTEMPATH\Database\BaseBuilder.php(2345): CodeIgniter\Database\BaseConnection->query('INSERT INTO `log_aktivitas` (`user`, `aktivitas`, `aksi`, `created_at`, `updated_at`) VALUES (:user:, :aktivitas:, :aksi:, :created_at:, :updated_at:)', [...], false)
 5 SYSTEMPATH\Model.php(355): CodeIgniter\Database\BaseBuilder->insert()
 6 SYSTEMPATH\BaseModel.php(899): CodeIgniter\Model->doInsert([...])
 7 SYSTEMPATH\Model.php(668): CodeIgniter\BaseModel->insert([...], true)
 8 APPPATH\Models\LogModel.php(31): CodeIgniter\Model->insert([...])
 9 APPPATH\Controllers\Admin\Absensi.php(74): App\Models\LogModel->tambahLog('admin', 'Delete absensi ID 4', 'DELETE')
10 SYSTEMPATH\CodeIgniter.php(951): App\Controllers\Admin\Absensi->delete('4')
11 SYSTEMPATH\CodeIgniter.php(497): CodeIgniter\CodeIgniter->runController(Object(App\Controllers\Admin\Absensi))
12 SYSTEMPATH\CodeIgniter.php(340): CodeIgniter\CodeIgniter->handleRequest(null, Object(Config\Cache), false)
13 SYSTEMPATH\Boot.php(417): CodeIgniter\CodeIgniter->run()
14 SYSTEMPATH\Boot.php(68): CodeIgniter\Boot::runCodeIgniter(Object(CodeIgniter\CodeIgniter))
15 FCPATH\index.php(59): CodeIgniter\Boot::bootWeb(Object(Config\Paths))
