CRITICAL - 2026-06-12 12:32:23 --> CodeIgniter\Database\Exceptions\DataException: There is no data to update.
[Method: GET, Route: absensi/pulang/9]
in SYSTEMPATH\BaseModel.php on line 1057.
 1 SYSTEMPATH\BaseModel.php(1057): CodeIgniter\Database\Exceptions\DataException::forEmptyDataset('update')
 2 SYSTEMPATH\Model.php(709): CodeIgniter\BaseModel->update([...], [])
 3 APPPATH\Controllers\User\Absensi.php(109): CodeIgniter\Model->update('9', [...])
 4 SYSTEMPATH\CodeIgniter.php(951): App\Controllers\User\Absensi->pulang('9')
 5 SYSTEMPATH\CodeIgniter.php(497): CodeIgniter\CodeIgniter->runController(Object(App\Controllers\User\Absensi))
 6 SYSTEMPATH\CodeIgniter.php(340): CodeIgniter\CodeIgniter->handleRequest(null, Object(Config\Cache), false)
 7 SYSTEMPATH\Boot.php(417): CodeIgniter\CodeIgniter->run()
 8 SYSTEMPATH\Boot.php(68): CodeIgniter\Boot::runCodeIgniter(Object(CodeIgniter\CodeIgniter))
 9 FCPATH\index.php(59): CodeIgniter\Boot::bootWeb(Object(Config\Paths))
CRITICAL - 2026-06-12 12:35:26 --> CodeIgniter\Database\Exceptions\DataException: There is no data to update.
[Method: GET, Route: absensi/pulang/20]
in SYSTEMPATH\BaseModel.php on line 1057.
 1 SYSTEMPATH\BaseModel.php(1057): CodeIgniter\Database\Exceptions\DataException::forEmptyDataset('update')
 2 SYSTEMPATH\Model.php(709): CodeIgniter\BaseModel->update([...], [])
 3 APPPATH\Controllers\User\Absensi.php(109): CodeIgniter\Model->update('20', [...])
 4 SYSTEMPATH\CodeIgniter.php(951): App\Controllers\User\Absensi->pulang('20')
 5 SYSTEMPATH\CodeIgniter.php(497): CodeIgniter\CodeIgniter->runController(Object(App\Controllers\User\Absensi))
 6 SYSTEMPATH\CodeIgniter.php(340): CodeIgniter\CodeIgniter->handleRequest(null, Object(Config\Cache), false)
 7 SYSTEMPATH\Boot.php(417): CodeIgniter\CodeIgniter->run()
 8 SYSTEMPATH\Boot.php(68): CodeIgniter\Boot::runCodeIgniter(Object(CodeIgniter\CodeIgniter))
 9 FCPATH\index.php(59): CodeIgniter\Boot::bootWeb(Object(Config\Paths))
CRITICAL - 2026-06-12 12:44:18 --> CodeIgniter\Database\Exceptions\DataException: There is no data to update.
[Method: GET, Route: absensi/pulang/20]
in SYSTEMPATH\BaseModel.php on line 1057.
 1 SYSTEMPATH\BaseModel.php(1057): CodeIgniter\Database\Exceptions\DataException::forEmptyDataset('update')
 2 SYSTEMPATH\Model.php(709): CodeIgniter\BaseModel->update([...], [])
 3 APPPATH\Controllers\User\Absensi.php(109): CodeIgniter\Model->update('20', [...])
 4 SYSTEMPATH\CodeIgniter.php(951): App\Controllers\User\Absensi->pulang('20')
 5 SYSTEMPATH\CodeIgniter.php(497): CodeIgniter\CodeIgniter->runController(Object(App\Controllers\User\Absensi))
 6 SYSTEMPATH\CodeIgniter.php(340): CodeIgniter\CodeIgniter->handleRequest(null, Object(Config\Cache), false)
 7 SYSTEMPATH\Boot.php(417): CodeIgniter\CodeIgniter->run()
 8 SYSTEMPATH\Boot.php(68): CodeIgniter\Boot::runCodeIgniter(Object(CodeIgniter\CodeIgniter))
 9 FCPATH\index.php(59): CodeIgniter\Boot::bootWeb(Object(Config\Paths))
CRITICAL - 2026-06-12 12:48:07 --> CodeIgniter\Database\Exceptions\DataException: There is no data to update.
[Method: GET, Route: absensi/pulang/20]
in SYSTEMPATH\BaseModel.php on line 1057.
 1 SYSTEMPATH\BaseModel.php(1057): CodeIgniter\Database\Exceptions\DataException::forEmptyDataset('update')
 2 SYSTEMPATH\Model.php(709): CodeIgniter\BaseModel->update([...], [])
 3 APPPATH\Controllers\User\Absensi.php(109): CodeIgniter\Model->update('20', [...])
 4 SYSTEMPATH\CodeIgniter.php(951): App\Controllers\User\Absensi->pulang('20')
 5 SYSTEMPATH\CodeIgniter.php(497): CodeIgniter\CodeIgniter->runController(Object(App\Controllers\User\Absensi))
 6 SYSTEMPATH\CodeIgniter.php(340): CodeIgniter\CodeIgniter->handleRequest(null, Object(Config\Cache), false)
 7 SYSTEMPATH\Boot.php(417): CodeIgniter\CodeIgniter->run()
 8 SYSTEMPATH\Boot.php(68): CodeIgniter\Boot::runCodeIgniter(Object(CodeIgniter\CodeIgniter))
 9 FCPATH\index.php(59): CodeIgniter\Boot::bootWeb(Object(Config\Paths))
CRITICAL - 2026-06-12 12:48:08 --> CodeIgniter\Database\Exceptions\DataException: There is no data to update.
[Method: GET, Route: absensi/pulang/20]
in SYSTEMPATH\BaseModel.php on line 1057.
 1 SYSTEMPATH\BaseModel.php(1057): CodeIgniter\Database\Exceptions\DataException::forEmptyDataset('update')
 2 SYSTEMPATH\Model.php(709): CodeIgniter\BaseModel->update([...], [])
 3 APPPATH\Controllers\User\Absensi.php(109): CodeIgniter\Model->update('20', [...])
 4 SYSTEMPATH\CodeIgniter.php(951): App\Controllers\User\Absensi->pulang('20')
 5 SYSTEMPATH\CodeIgniter.php(497): CodeIgniter\CodeIgniter->runController(Object(App\Controllers\User\Absensi))
 6 SYSTEMPATH\CodeIgniter.php(340): CodeIgniter\CodeIgniter->handleRequest(null, Object(Config\Cache), false)
 7 SYSTEMPATH\Boot.php(417): CodeIgniter\CodeIgniter->run()
 8 SYSTEMPATH\Boot.php(68): CodeIgniter\Boot::runCodeIgniter(Object(CodeIgniter\CodeIgniter))
 9 FCPATH\index.php(59): CodeIgniter\Boot::bootWeb(Object(Config\Paths))
CRITICAL - 2026-06-12 12:48:08 --> CodeIgniter\Database\Exceptions\DataException: There is no data to update.
[Method: GET, Route: absensi/pulang/20]
in SYSTEMPATH\BaseModel.php on line 1057.
 1 SYSTEMPATH\BaseModel.php(1057): CodeIgniter\Database\Exceptions\DataException::forEmptyDataset('update')
 2 SYSTEMPATH\Model.php(709): CodeIgniter\BaseModel->update([...], [])
 3 APPPATH\Controllers\User\Absensi.php(109): CodeIgniter\Model->update('20', [...])
 4 SYSTEMPATH\CodeIgniter.php(951): App\Controllers\User\Absensi->pulang('20')
 5 SYSTEMPATH\CodeIgniter.php(497): CodeIgniter\CodeIgniter->runController(Object(App\Controllers\User\Absensi))
 6 SYSTEMPATH\CodeIgniter.php(340): CodeIgniter\CodeIgniter->handleRequest(null, Object(Config\Cache), false)
 7 SYSTEMPATH\Boot.php(417): CodeIgniter\CodeIgniter->run()
 8 SYSTEMPATH\Boot.php(68): CodeIgniter\Boot::runCodeIgniter(Object(CodeIgniter\CodeIgniter))
 9 FCPATH\index.php(59): CodeIgniter\Boot::bootWeb(Object(Config\Paths))
CRITICAL - 2026-06-12 12:48:09 --> CodeIgniter\Database\Exceptions\DataException: There is no data to update.
[Method: GET, Route: absensi/pulang/20]
in SYSTEMPATH\BaseModel.php on line 1057.
 1 SYSTEMPATH\BaseModel.php(1057): CodeIgniter\Database\Exceptions\DataException::forEmptyDataset('update')
 2 SYSTEMPATH\Model.php(709): CodeIgniter\BaseModel->update([...], [])
 3 APPPATH\Controllers\User\Absensi.php(109): CodeIgniter\Model->update('20', [...])
 4 SYSTEMPATH\CodeIgniter.php(951): App\Controllers\User\Absensi->pulang('20')
 5 SYSTEMPATH\CodeIgniter.php(497): CodeIgniter\CodeIgniter->runController(Object(App\Controllers\User\Absensi))
 6 SYSTEMPATH\CodeIgniter.php(340): CodeIgniter\CodeIgniter->handleRequest(null, Object(Config\Cache), false)
 7 SYSTEMPATH\Boot.php(417): CodeIgniter\CodeIgniter->run()
 8 SYSTEMPATH\Boot.php(68): CodeIgniter\Boot::runCodeIgniter(Object(CodeIgniter\CodeIgniter))
 9 FCPATH\index.php(59): CodeIgniter\Boot::bootWeb(Object(Config\Paths))
CRITICAL - 2026-06-12 12:48:09 --> CodeIgniter\Database\Exceptions\DataException: There is no data to update.
[Method: GET, Route: absensi/pulang/20]
in SYSTEMPATH\BaseModel.php on line 1057.
 1 SYSTEMPATH\BaseModel.php(1057): CodeIgniter\Database\Exceptions\DataException::forEmptyDataset('update')
 2 SYSTEMPATH\Model.php(709): CodeIgniter\BaseModel->update([...], [])
 3 APPPATH\Controllers\User\Absensi.php(109): CodeIgniter\Model->update('20', [...])
 4 SYSTEMPATH\CodeIgniter.php(951): App\Controllers\User\Absensi->pulang('20')
 5 SYSTEMPATH\CodeIgniter.php(497): CodeIgniter\CodeIgniter->runController(Object(App\Controllers\User\Absensi))
 6 SYSTEMPATH\CodeIgniter.php(340): CodeIgniter\CodeIgniter->handleRequest(null, Object(Config\Cache), false)
 7 SYSTEMPATH\Boot.php(417): CodeIgniter\CodeIgniter->run()
 8 SYSTEMPATH\Boot.php(68): CodeIgniter\Boot::runCodeIgniter(Object(CodeIgniter\CodeIgniter))
 9 FCPATH\index.php(59): CodeIgniter\Boot::bootWeb(Object(Config\Paths))
CRITICAL - 2026-06-12 12:48:32 --> CodeIgniter\Database\Exceptions\DataException: There is no data to update.
[Method: GET, Route: absensi/pulang/19]
in SYSTEMPATH\BaseModel.php on line 1057.
 1 SYSTEMPATH\BaseModel.php(1057): CodeIgniter\Database\Exceptions\DataException::forEmptyDataset('update')
 2 SYSTEMPATH\Model.php(709): CodeIgniter\BaseModel->update([...], [])
 3 APPPATH\Controllers\User\Absensi.php(109): CodeIgniter\Model->update('19', [...])
 4 SYSTEMPATH\CodeIgniter.php(951): App\Controllers\User\Absensi->pulang('19')
 5 SYSTEMPATH\CodeIgniter.php(497): CodeIgniter\CodeIgniter->runController(Object(App\Controllers\User\Absensi))
 6 SYSTEMPATH\CodeIgniter.php(340): CodeIgniter\CodeIgniter->handleRequest(null, Object(Config\Cache), false)
 7 SYSTEMPATH\Boot.php(417): CodeIgniter\CodeIgniter->run()
 8 SYSTEMPATH\Boot.php(68): CodeIgniter\Boot::runCodeIgniter(Object(CodeIgniter\CodeIgniter))
 9 FCPATH\index.php(59): CodeIgniter\Boot::bootWeb(Object(Config\Paths))
CRITICAL - 2026-06-12 12:56:03 --> CodeIgniter\Database\Exceptions\DataException: There is no data to update.
[Method: GET, Route: absensi/pulang/21]
in SYSTEMPATH\BaseModel.php on line 1057.
 1 SYSTEMPATH\BaseModel.php(1057): CodeIgniter\Database\Exceptions\DataException::forEmptyDataset('update')
 2 SYSTEMPATH\Model.php(709): CodeIgniter\BaseModel->update([...], [])
 3 APPPATH\Controllers\User\Absensi.php(109): CodeIgniter\Model->update('21', [...])
 4 SYSTEMPATH\CodeIgniter.php(951): App\Controllers\User\Absensi->pulang('21')
 5 SYSTEMPATH\CodeIgniter.php(497): CodeIgniter\CodeIgniter->runController(Object(App\Controllers\User\Absensi))
 6 SYSTEMPATH\CodeIgniter.php(340): CodeIgniter\CodeIgniter->handleRequest(null, Object(Config\Cache), false)
 7 SYSTEMPATH\Boot.php(417): CodeIgniter\CodeIgniter->run()
 8 SYSTEMPATH\Boot.php(68): CodeIgniter\Boot::runCodeIgniter(Object(CodeIgniter\CodeIgniter))
 9 FCPATH\index.php(59): CodeIgniter\Boot::bootWeb(Object(Config\Paths))
CRITICAL - 2026-06-12 12:59:09 --> CodeIgniter\Database\Exceptions\DataException: There is no data to update.
[Method: GET, Route: absensi/pulang/21]
in SYSTEMPATH\BaseModel.php on line 1057.
 1 SYSTEMPATH\BaseModel.php(1057): CodeIgniter\Database\Exceptions\DataException::forEmptyDataset('update')
 2 SYSTEMPATH\Model.php(709): CodeIgniter\BaseModel->update([...], [])
 3 APPPATH\Controllers\User\Absensi.php(109): CodeIgniter\Model->update('21', [...])
 4 SYSTEMPATH\CodeIgniter.php(951): App\Controllers\User\Absensi->pulang('21')
 5 SYSTEMPATH\CodeIgniter.php(497): CodeIgniter\CodeIgniter->runController(Object(App\Controllers\User\Absensi))
 6 SYSTEMPATH\CodeIgniter.php(340): CodeIgniter\CodeIgniter->handleRequest(null, Object(Config\Cache), false)
 7 SYSTEMPATH\Boot.php(417): CodeIgniter\CodeIgniter->run()
 8 SYSTEMPATH\Boot.php(68): CodeIgniter\Boot::runCodeIgniter(Object(CodeIgniter\CodeIgniter))
 9 FCPATH\index.php(59): CodeIgniter\Boot::bootWeb(Object(Config\Paths))
CRITICAL - 2026-06-12 12:59:28 --> CodeIgniter\Database\Exceptions\DataException: There is no data to update.
[Method: GET, Route: absensi/pulang/20]
in SYSTEMPATH\BaseModel.php on line 1057.
 1 SYSTEMPATH\BaseModel.php(1057): CodeIgniter\Database\Exceptions\DataException::forEmptyDataset('update')
 2 SYSTEMPATH\Model.php(709): CodeIgniter\BaseModel->update([...], [])
 3 APPPATH\Controllers\User\Absensi.php(109): CodeIgniter\Model->update('20', [...])
 4 SYSTEMPATH\CodeIgniter.php(951): App\Controllers\User\Absensi->pulang('20')
 5 SYSTEMPATH\CodeIgniter.php(497): CodeIgniter\CodeIgniter->runController(Object(App\Controllers\User\Absensi))
 6 SYSTEMPATH\CodeIgniter.php(340): CodeIgniter\CodeIgniter->handleRequest(null, Object(Config\Cache), false)
 7 SYSTEMPATH\Boot.php(417): CodeIgniter\CodeIgniter->run()
 8 SYSTEMPATH\Boot.php(68): CodeIgniter\Boot::runCodeIgniter(Object(CodeIgniter\CodeIgniter))
 9 FCPATH\index.php(59): CodeIgniter\Boot::bootWeb(Object(Config\Paths))
CRITICAL - 2026-06-12 13:00:47 --> CodeIgniter\Database\Exceptions\DataException: There is no data to update.
[Method: GET, Route: absensi/pulang/20]
in SYSTEMPATH\BaseModel.php on line 1057.
 1 SYSTEMPATH\BaseModel.php(1057): CodeIgniter\Database\Exceptions\DataException::forEmptyDataset('update')
 2 SYSTEMPATH\Model.php(709): CodeIgniter\BaseModel->update([...], [])
 3 APPPATH\Controllers\User\Absensi.php(112): CodeIgniter\Model->update('20', [...])
 4 SYSTEMPATH\CodeIgniter.php(951): App\Controllers\User\Absensi->pulang('20')
 5 SYSTEMPATH\CodeIgniter.php(497): CodeIgniter\CodeIgniter->runController(Object(App\Controllers\User\Absensi))
 6 SYSTEMPATH\CodeIgniter.php(340): CodeIgniter\CodeIgniter->handleRequest(null, Object(Config\Cache), false)
 7 SYSTEMPATH\Boot.php(417): CodeIgniter\CodeIgniter->run()
 8 SYSTEMPATH\Boot.php(68): CodeIgniter\Boot::runCodeIgniter(Object(CodeIgniter\CodeIgniter))
 9 FCPATH\index.php(59): CodeIgniter\Boot::bootWeb(Object(Config\Paths))
CRITICAL - 2026-06-12 13:00:48 --> CodeIgniter\Database\Exceptions\DataException: There is no data to update.
[Method: GET, Route: absensi/pulang/20]
in SYSTEMPATH\BaseModel.php on line 1057.
 1 SYSTEMPATH\BaseModel.php(1057): CodeIgniter\Database\Exceptions\DataException::forEmptyDataset('update')
 2 SYSTEMPATH\Model.php(709): CodeIgniter\BaseModel->update([...], [])
 3 APPPATH\Controllers\User\Absensi.php(112): CodeIgniter\Model->update('20', [...])
 4 SYSTEMPATH\CodeIgniter.php(951): App\Controllers\User\Absensi->pulang('20')
 5 SYSTEMPATH\CodeIgniter.php(497): CodeIgniter\CodeIgniter->runController(Object(App\Controllers\User\Absensi))
 6 SYSTEMPATH\CodeIgniter.php(340): CodeIgniter\CodeIgniter->handleRequest(null, Object(Config\Cache), false)
 7 SYSTEMPATH\Boot.php(417): CodeIgniter\CodeIgniter->run()
 8 SYSTEMPATH\Boot.php(68): CodeIgniter\Boot::runCodeIgniter(Object(CodeIgniter\CodeIgniter))
 9 FCPATH\index.php(59): CodeIgniter\Boot::bootWeb(Object(Config\Paths))
CRITICAL - 2026-06-12 13:00:54 --> CodeIgniter\Database\Exceptions\DataException: There is no data to update.
[Method: GET, Route: absensi/pulang/20]
in SYSTEMPATH\BaseModel.php on line 1057.
 1 SYSTEMPATH\BaseModel.php(1057): CodeIgniter\Database\Exceptions\DataException::forEmptyDataset('update')
 2 SYSTEMPATH\Model.php(709): CodeIgniter\BaseModel->update([...], [])
 3 APPPATH\Controllers\User\Absensi.php(112): CodeIgniter\Model->update('20', [...])
 4 SYSTEMPATH\CodeIgniter.php(951): App\Controllers\User\Absensi->pulang('20')
 5 SYSTEMPATH\CodeIgniter.php(497): CodeIgniter\CodeIgniter->runController(Object(App\Controllers\User\Absensi))
 6 SYSTEMPATH\CodeIgniter.php(340): CodeIgniter\CodeIgniter->handleRequest(null, Object(Config\Cache), false)
 7 SYSTEMPATH\Boot.php(417): CodeIgniter\CodeIgniter->run()
 8 SYSTEMPATH\Boot.php(68): CodeIgniter\Boot::runCodeIgniter(Object(CodeIgniter\CodeIgniter))
 9 FCPATH\index.php(59): CodeIgniter\Boot::bootWeb(Object(Config\Paths))
CRITICAL - 2026-06-12 13:01:48 --> CodeIgniter\Database\Exceptions\DataException: There is no data to update.
[Method: GET, Route: absensi/pulang/20]
in SYSTEMPATH\BaseModel.php on line 1057.
 1 SYSTEMPATH\BaseModel.php(1057): CodeIgniter\Database\Exceptions\DataException::forEmptyDataset('update')
 2 SYSTEMPATH\Model.php(709): CodeIgniter\BaseModel->update([...], [])
 3 APPPATH\Controllers\User\Absensi.php(112): CodeIgniter\Model->update('20', [...])
 4 SYSTEMPATH\CodeIgniter.php(951): App\Controllers\User\Absensi->pulang('20')
 5 SYSTEMPATH\CodeIgniter.php(497): CodeIgniter\CodeIgniter->runController(Object(App\Controllers\User\Absensi))
 6 SYSTEMPATH\CodeIgniter.php(340): CodeIgniter\CodeIgniter->handleRequest(null, Object(Config\Cache), false)
 7 SYSTEMPATH\Boot.php(417): CodeIgniter\CodeIgniter->run()
 8 SYSTEMPATH\Boot.php(68): CodeIgniter\Boot::runCodeIgniter(Object(CodeIgniter\CodeIgniter))
 9 FCPATH\index.php(59): CodeIgniter\Boot::bootWeb(Object(Config\Paths))
CRITICAL - 2026-06-12 13:04:34 --> CodeIgniter\Database\Exceptions\DataException: There is no data to update.
[Method: GET, Route: absensi/pulang/20]
in SYSTEMPATH\BaseModel.php on line 1057.
 1 SYSTEMPATH\BaseModel.php(1057): CodeIgniter\Database\Exceptions\DataException::forEmptyDataset('update')
 2 SYSTEMPATH\Model.php(709): CodeIgniter\BaseModel->update([...], [])
 3 APPPATH\Controllers\User\Absensi.php(112): CodeIgniter\Model->update('20', [...])
 4 SYSTEMPATH\CodeIgniter.php(951): App\Controllers\User\Absensi->pulang('20')
 5 SYSTEMPATH\CodeIgniter.php(497): CodeIgniter\CodeIgniter->runController(Object(App\Controllers\User\Absensi))
 6 SYSTEMPATH\CodeIgniter.php(340): CodeIgniter\CodeIgniter->handleRequest(null, Object(Config\Cache), false)
 7 SYSTEMPATH\Boot.php(417): CodeIgniter\CodeIgniter->run()
 8 SYSTEMPATH\Boot.php(68): CodeIgniter\Boot::runCodeIgniter(Object(CodeIgniter\CodeIgniter))
 9 FCPATH\index.php(59): CodeIgniter\Boot::bootWeb(Object(Config\Paths))
CRITICAL - 2026-06-12 13:04:35 --> CodeIgniter\Database\Exceptions\DataException: There is no data to update.
[Method: GET, Route: absensi/pulang/20]
in SYSTEMPATH\BaseModel.php on line 1057.
 1 SYSTEMPATH\BaseModel.php(1057): CodeIgniter\Database\Exceptions\DataException::forEmptyDataset('update')
 2 SYSTEMPATH\Model.php(709): CodeIgniter\BaseModel->update([...], [])
 3 APPPATH\Controllers\User\Absensi.php(112): CodeIgniter\Model->update('20', [...])
 4 SYSTEMPATH\CodeIgniter.php(951): App\Controllers\User\Absensi->pulang('20')
 5 SYSTEMPATH\CodeIgniter.php(497): CodeIgniter\CodeIgniter->runController(Object(App\Controllers\User\Absensi))
 6 SYSTEMPATH\CodeIgniter.php(340): CodeIgniter\CodeIgniter->handleRequest(null, Object(Config\Cache), false)
 7 SYSTEMPATH\Boot.php(417): CodeIgniter\CodeIgniter->run()
 8 SYSTEMPATH\Boot.php(68): CodeIgniter\Boot::runCodeIgniter(Object(CodeIgniter\CodeIgniter))
 9 FCPATH\index.php(59): CodeIgniter\Boot::bootWeb(Object(Config\Paths))
CRITICAL - 2026-06-12 13:04:35 --> CodeIgniter\Database\Exceptions\DataException: There is no data to update.
[Method: GET, Route: absensi/pulang/20]
in SYSTEMPATH\BaseModel.php on line 1057.
 1 SYSTEMPATH\BaseModel.php(1057): CodeIgniter\Database\Exceptions\DataException::forEmptyDataset('update')
 2 SYSTEMPATH\Model.php(709): CodeIgniter\BaseModel->update([...], [])
 3 APPPATH\Controllers\User\Absensi.php(112): CodeIgniter\Model->update('20', [...])
 4 SYSTEMPATH\CodeIgniter.php(951): App\Controllers\User\Absensi->pulang('20')
 5 SYSTEMPATH\CodeIgniter.php(497): CodeIgniter\CodeIgniter->runController(Object(App\Controllers\User\Absensi))
 6 SYSTEMPATH\CodeIgniter.php(340): CodeIgniter\CodeIgniter->handleRequest(null, Object(Config\Cache), false)
 7 SYSTEMPATH\Boot.php(417): CodeIgniter\CodeIgniter->run()
 8 SYSTEMPATH\Boot.php(68): CodeIgniter\Boot::runCodeIgniter(Object(CodeIgniter\CodeIgniter))
 9 FCPATH\index.php(59): CodeIgniter\Boot::bootWeb(Object(Config\Paths))
CRITICAL - 2026-06-12 13:04:35 --> CodeIgniter\Database\Exceptions\DataException: There is no data to update.
[Method: GET, Route: absensi/pulang/20]
in SYSTEMPATH\BaseModel.php on line 1057.
 1 SYSTEMPATH\BaseModel.php(1057): CodeIgniter\Database\Exceptions\DataException::forEmptyDataset('update')
 2 SYSTEMPATH\Model.php(709): CodeIgniter\BaseModel->update([...], [])
 3 APPPATH\Controllers\User\Absensi.php(112): CodeIgniter\Model->update('20', [...])
 4 SYSTEMPATH\CodeIgniter.php(951): App\Controllers\User\Absensi->pulang('20')
 5 SYSTEMPATH\CodeIgniter.php(497): CodeIgniter\CodeIgniter->runController(Object(App\Controllers\User\Absensi))
 6 SYSTEMPATH\CodeIgniter.php(340): CodeIgniter\CodeIgniter->handleRequest(null, Object(Config\Cache), false)
 7 SYSTEMPATH\Boot.php(417): CodeIgniter\CodeIgniter->run()
 8 SYSTEMPATH\Boot.php(68): CodeIgniter\Boot::runCodeIgniter(Object(CodeIgniter\CodeIgniter))
 9 FCPATH\index.php(59): CodeIgniter\Boot::bootWeb(Object(Config\Paths))
CRITICAL - 2026-06-12 13:04:36 --> CodeIgniter\Database\Exceptions\DataException: There is no data to update.
[Method: GET, Route: absensi/pulang/20]
in SYSTEMPATH\BaseModel.php on line 1057.
 1 SYSTEMPATH\BaseModel.php(1057): CodeIgniter\Database\Exceptions\DataException::forEmptyDataset('update')
 2 SYSTEMPATH\Model.php(709): CodeIgniter\BaseModel->update([...], [])
 3 APPPATH\Controllers\User\Absensi.php(112): CodeIgniter\Model->update('20', [...])
 4 SYSTEMPATH\CodeIgniter.php(951): App\Controllers\User\Absensi->pulang('20')
 5 SYSTEMPATH\CodeIgniter.php(497): CodeIgniter\CodeIgniter->runController(Object(App\Controllers\User\Absensi))
 6 SYSTEMPATH\CodeIgniter.php(340): CodeIgniter\CodeIgniter->handleRequest(null, Object(Config\Cache), false)
 7 SYSTEMPATH\Boot.php(417): CodeIgniter\CodeIgniter->run()
 8 SYSTEMPATH\Boot.php(68): CodeIgniter\Boot::runCodeIgniter(Object(CodeIgniter\CodeIgniter))
 9 FCPATH\index.php(59): CodeIgniter\Boot::bootWeb(Object(Config\Paths))
CRITICAL - 2026-06-12 13:08:02 --> CodeIgniter\Database\Exceptions\DataException: There is no data to update.
[Method: GET, Route: absensi/pulang/20]
in SYSTEMPATH\BaseModel.php on line 1057.
 1 SYSTEMPATH\BaseModel.php(1057): CodeIgniter\Database\Exceptions\DataException::forEmptyDataset('update')
 2 SYSTEMPATH\Model.php(709): CodeIgniter\BaseModel->update([...], [])
 3 APPPATH\Controllers\User\Absensi.php(112): CodeIgniter\Model->update('20', [...])
 4 SYSTEMPATH\CodeIgniter.php(951): App\Controllers\User\Absensi->pulang('20')
 5 SYSTEMPATH\CodeIgniter.php(497): CodeIgniter\CodeIgniter->runController(Object(App\Controllers\User\Absensi))
 6 SYSTEMPATH\CodeIgniter.php(340): CodeIgniter\CodeIgniter->handleRequest(null, Object(Config\Cache), false)
 7 SYSTEMPATH\Boot.php(417): CodeIgniter\CodeIgniter->run()
 8 SYSTEMPATH\Boot.php(68): CodeIgniter\Boot::runCodeIgniter(Object(CodeIgniter\CodeIgniter))
 9 FCPATH\index.php(59): CodeIgniter\Boot::bootWeb(Object(Config\Paths))
