CRITICAL - 2026-04-22 14:34:22 --> CodeIgniter\View\Exceptions\ViewException: Invalid file: "log.php"
[Method: GET, Route: log]
in SYSTEMPATH\Exceptions\FrameworkException.php on line 39.
 1 SYSTEMPATH\View\View.php(228): CodeIgniter\Exceptions\FrameworkException::forInvalidFile('log.php')
 2 SYSTEMPATH\Common.php(1250): CodeIgniter\View\View->render('log', [], true)
 3 APPPATH\Controllers\Log.php(14): view('log', [...])
 4 SYSTEMPATH\CodeIgniter.php(951): App\Controllers\Log->index()
 5 SYSTEMPATH\CodeIgniter.php(497): CodeIgniter\CodeIgniter->runController(Object(App\Controllers\Log))
 6 SYSTEMPATH\CodeIgniter.php(340): CodeIgniter\CodeIgniter->handleRequest(null, Object(Config\Cache), false)
 7 SYSTEMPATH\Boot.php(417): CodeIgniter\CodeIgniter->run()
 8 SYSTEMPATH\Boot.php(68): CodeIgniter\Boot::runCodeIgniter(Object(CodeIgniter\CodeIgniter))
 9 FCPATH\index.php(59): CodeIgniter\Boot::bootWeb(Object(Config\Paths))
CRITICAL - 2026-04-22 14:34:44 --> CodeIgniter\View\Exceptions\ViewException: Invalid file: "log.php"
[Method: GET, Route: log]
in SYSTEMPATH\Exceptions\FrameworkException.php on line 39.
 1 SYSTEMPATH\View\View.php(228): CodeIgniter\Exceptions\FrameworkException::forInvalidFile('log.php')
 2 SYSTEMPATH\Common.php(1250): CodeIgniter\View\View->render('log', [], true)
 3 APPPATH\Controllers\Log.php(14): view('log', [...])
 4 SYSTEMPATH\CodeIgniter.php(951): App\Controllers\Log->index()
 5 SYSTEMPATH\CodeIgniter.php(497): CodeIgniter\CodeIgniter->runController(Object(App\Controllers\Log))
 6 SYSTEMPATH\CodeIgniter.php(340): CodeIgniter\CodeIgniter->handleRequest(null, Object(Config\Cache), false)
 7 SYSTEMPATH\Boot.php(417): CodeIgniter\CodeIgniter->run()
 8 SYSTEMPATH\Boot.php(68): CodeIgniter\Boot::runCodeIgniter(Object(CodeIgniter\CodeIgniter))
 9 FCPATH\index.php(59): CodeIgniter\Boot::bootWeb(Object(Config\Paths))
CRITICAL - 2026-04-22 14:43:06 --> ErrorException: Undefined variable $total_cuti
[Method: GET, Route: /]
in APPPATH\Views\dashboard.php on line 13.
 1 APPPATH\Views\dashboard.php(13): CodeIgniter\Debug\Exceptions->errorHandler(2, 'Undefined variable $total_cuti', 'C:\\xampp\\htdocs\\absensi\\app\\Views\\dashboard.php', 13)
 2 SYSTEMPATH\View\View.php(240): include('C:\\xampp\\htdocs\\absensi\\app\\Views\\dashboard.php')
 3 SYSTEMPATH\View\View.php(243): CodeIgniter\View\View->CodeIgniter\View\{closure}()
 4 SYSTEMPATH\Common.php(1250): CodeIgniter\View\View->render('dashboard', [], true)
 5 APPPATH\Controllers\Home.php(9): view('dashboard')
 6 SYSTEMPATH\CodeIgniter.php(951): App\Controllers\Home->index()
 7 SYSTEMPATH\CodeIgniter.php(497): CodeIgniter\CodeIgniter->runController(Object(App\Controllers\Home))
 8 SYSTEMPATH\CodeIgniter.php(340): CodeIgniter\CodeIgniter->handleRequest(null, Object(Config\Cache), false)
 9 SYSTEMPATH\Boot.php(417): CodeIgniter\CodeIgniter->run()
10 SYSTEMPATH\Boot.php(68): CodeIgniter\Boot::runCodeIgniter(Object(CodeIgniter\CodeIgniter))
11 FCPATH\index.php(59): CodeIgniter\Boot::bootWeb(Object(Config\Paths))
CRITICAL - 2026-04-22 14:44:31 --> ErrorException: Undefined variable $total_cuti
[Method: GET, Route: /]
in APPPATH\Views\dashboard.php on line 12.
 1 APPPATH\Views\dashboard.php(12): CodeIgniter\Debug\Exceptions->errorHandler(2, 'Undefined variable $total_cuti', 'C:\\xampp\\htdocs\\absensi\\app\\Views\\dashboard.php', 12)
 2 SYSTEMPATH\View\View.php(240): include('C:\\xampp\\htdocs\\absensi\\app\\Views\\dashboard.php')
 3 SYSTEMPATH\View\View.php(243): CodeIgniter\View\View->CodeIgniter\View\{closure}()
 4 SYSTEMPATH\Common.php(1250): CodeIgniter\View\View->render('dashboard', [], true)
 5 APPPATH\Controllers\Home.php(9): view('dashboard')
 6 SYSTEMPATH\CodeIgniter.php(951): App\Controllers\Home->index()
 7 SYSTEMPATH\CodeIgniter.php(497): CodeIgniter\CodeIgniter->runController(Object(App\Controllers\Home))
 8 SYSTEMPATH\CodeIgniter.php(340): CodeIgniter\CodeIgniter->handleRequest(null, Object(Config\Cache), false)
 9 SYSTEMPATH\Boot.php(417): CodeIgniter\CodeIgniter->run()
10 SYSTEMPATH\Boot.php(68): CodeIgniter\Boot::runCodeIgniter(Object(CodeIgniter\CodeIgniter))
11 FCPATH\index.php(59): CodeIgniter\Boot::bootWeb(Object(Config\Paths))
CRITICAL - 2026-04-22 15:49:49 --> ErrorException: Undefined array key "role"
[Method: POST, Route: login/auth]
in APPPATH\Controllers\Login.php on line 32.
 1 APPPATH\Controllers\Login.php(32): CodeIgniter\Debug\Exceptions->errorHandler(2, 'Undefined array key "role"', 'C:\\xampp\\htdocs\\absensi\\app\\Controllers\\Login.php', 32)
 2 SYSTEMPATH\CodeIgniter.php(951): App\Controllers\Login->auth()
 3 SYSTEMPATH\CodeIgniter.php(497): CodeIgniter\CodeIgniter->runController(Object(App\Controllers\Login))
 4 SYSTEMPATH\CodeIgniter.php(340): CodeIgniter\CodeIgniter->handleRequest(null, Object(Config\Cache), false)
 5 SYSTEMPATH\Boot.php(417): CodeIgniter\CodeIgniter->run()
 6 SYSTEMPATH\Boot.php(68): CodeIgniter\Boot::runCodeIgniter(Object(CodeIgniter\CodeIgniter))
 7 FCPATH\index.php(59): CodeIgniter\Boot::bootWeb(Object(Config\Paths))
CRITICAL - 2026-04-22 15:50:22 --> ErrorException: Undefined array key "role"
[Method: POST, Route: login/auth]
in APPPATH\Controllers\Login.php on line 32.
 1 APPPATH\Controllers\Login.php(32): CodeIgniter\Debug\Exceptions->errorHandler(2, 'Undefined array key "role"', 'C:\\xampp\\htdocs\\absensi\\app\\Controllers\\Login.php', 32)
 2 SYSTEMPATH\CodeIgniter.php(951): App\Controllers\Login->auth()
 3 SYSTEMPATH\CodeIgniter.php(497): CodeIgniter\CodeIgniter->runController(Object(App\Controllers\Login))
 4 SYSTEMPATH\CodeIgniter.php(340): CodeIgniter\CodeIgniter->handleRequest(null, Object(Config\Cache), false)
 5 SYSTEMPATH\Boot.php(417): CodeIgniter\CodeIgniter->run()
 6 SYSTEMPATH\Boot.php(68): CodeIgniter\Boot::runCodeIgniter(Object(CodeIgniter\CodeIgniter))
 7 FCPATH\index.php(59): CodeIgniter\Boot::bootWeb(Object(Config\Paths))
CRITICAL - 2026-04-22 15:51:54 --> ErrorException: Undefined array key "role"
[Method: POST, Route: login/auth]
in APPPATH\Controllers\Login.php on line 33.
 1 APPPATH\Controllers\Login.php(33): CodeIgniter\Debug\Exceptions->errorHandler(2, 'Undefined array key "role"', 'C:\\xampp\\htdocs\\absensi\\app\\Controllers\\Login.php', 33)
 2 SYSTEMPATH\CodeIgniter.php(951): App\Controllers\Login->auth()
 3 SYSTEMPATH\CodeIgniter.php(497): CodeIgniter\CodeIgniter->runController(Object(App\Controllers\Login))
 4 SYSTEMPATH\CodeIgniter.php(340): CodeIgniter\CodeIgniter->handleRequest(null, Object(Config\Cache), false)
 5 SYSTEMPATH\Boot.php(417): CodeIgniter\CodeIgniter->run()
 6 SYSTEMPATH\Boot.php(68): CodeIgniter\Boot::runCodeIgniter(Object(CodeIgniter\CodeIgniter))
 7 FCPATH\index.php(59): CodeIgniter\Boot::bootWeb(Object(Config\Paths))
CRITICAL - 2026-04-22 15:51:58 --> ErrorException: Undefined array key "role"
[Method: POST, Route: login/auth]
in APPPATH\Controllers\Login.php on line 33.
 1 APPPATH\Controllers\Login.php(33): CodeIgniter\Debug\Exceptions->errorHandler(2, 'Undefined array key "role"', 'C:\\xampp\\htdocs\\absensi\\app\\Controllers\\Login.php', 33)
 2 SYSTEMPATH\CodeIgniter.php(951): App\Controllers\Login->auth()
 3 SYSTEMPATH\CodeIgniter.php(497): CodeIgniter\CodeIgniter->runController(Object(App\Controllers\Login))
 4 SYSTEMPATH\CodeIgniter.php(340): CodeIgniter\CodeIgniter->handleRequest(null, Object(Config\Cache), false)
 5 SYSTEMPATH\Boot.php(417): CodeIgniter\CodeIgniter->run()
 6 SYSTEMPATH\Boot.php(68): CodeIgniter\Boot::runCodeIgniter(Object(CodeIgniter\CodeIgniter))
 7 FCPATH\index.php(59): CodeIgniter\Boot::bootWeb(Object(Config\Paths))
CRITICAL - 2026-04-22 15:52:10 --> ErrorException: Undefined array key "role"
[Method: POST, Route: login/auth]
in APPPATH\Controllers\Login.php on line 33.
 1 APPPATH\Controllers\Login.php(33): CodeIgniter\Debug\Exceptions->errorHandler(2, 'Undefined array key "role"', 'C:\\xampp\\htdocs\\absensi\\app\\Controllers\\Login.php', 33)
 2 SYSTEMPATH\CodeIgniter.php(951): App\Controllers\Login->auth()
 3 SYSTEMPATH\CodeIgniter.php(497): CodeIgniter\CodeIgniter->runController(Object(App\Controllers\Login))
 4 SYSTEMPATH\CodeIgniter.php(340): CodeIgniter\CodeIgniter->handleRequest(null, Object(Config\Cache), false)
 5 SYSTEMPATH\Boot.php(417): CodeIgniter\CodeIgniter->run()
 6 SYSTEMPATH\Boot.php(68): CodeIgniter\Boot::runCodeIgniter(Object(CodeIgniter\CodeIgniter))
 7 FCPATH\index.php(59): CodeIgniter\Boot::bootWeb(Object(Config\Paths))
CRITICAL - 2026-04-22 16:12:23 --> CodeIgniter\View\Exceptions\ViewException: Invalid file: "dashboard_admin.php"
[Method: POST, Route: login/auth]
in SYSTEMPATH\Exceptions\FrameworkException.php on line 39.
 1 SYSTEMPATH\View\View.php(228): CodeIgniter\Exceptions\FrameworkException::forInvalidFile('dashboard_admin.php')
 2 SYSTEMPATH\Common.php(1250): CodeIgniter\View\View->render('dashboard_admin', [], true)
 3 APPPATH\Controllers\Login.php(40): view('dashboard_admin')
 4 SYSTEMPATH\CodeIgniter.php(951): App\Controllers\Login->auth()
 5 SYSTEMPATH\CodeIgniter.php(497): CodeIgniter\CodeIgniter->runController(Object(App\Controllers\Login))
 6 SYSTEMPATH\CodeIgniter.php(340): CodeIgniter\CodeIgniter->handleRequest(null, Object(Config\Cache), false)
 7 SYSTEMPATH\Boot.php(417): CodeIgniter\CodeIgniter->run()
 8 SYSTEMPATH\Boot.php(68): CodeIgniter\Boot::runCodeIgniter(Object(CodeIgniter\CodeIgniter))
 9 FCPATH\index.php(59): CodeIgniter\Boot::bootWeb(Object(Config\Paths))
CRITICAL - 2026-04-22 16:12:53 --> CodeIgniter\View\Exceptions\ViewException: Invalid file: "dashboard_admin.php"
[Method: POST, Route: login/auth]
in SYSTEMPATH\Exceptions\FrameworkException.php on line 39.
 1 SYSTEMPATH\View\View.php(228): CodeIgniter\Exceptions\FrameworkException::forInvalidFile('dashboard_admin.php')
 2 SYSTEMPATH\Common.php(1250): CodeIgniter\View\View->render('dashboard_admin', [], true)
 3 APPPATH\Controllers\Login.php(40): view('dashboard_admin')
 4 SYSTEMPATH\CodeIgniter.php(951): App\Controllers\Login->auth()
 5 SYSTEMPATH\CodeIgniter.php(497): CodeIgniter\CodeIgniter->runController(Object(App\Controllers\Login))
 6 SYSTEMPATH\CodeIgniter.php(340): CodeIgniter\CodeIgniter->handleRequest(null, Object(Config\Cache), false)
 7 SYSTEMPATH\Boot.php(417): CodeIgniter\CodeIgniter->run()
 8 SYSTEMPATH\Boot.php(68): CodeIgniter\Boot::runCodeIgniter(Object(CodeIgniter\CodeIgniter))
 9 FCPATH\index.php(59): CodeIgniter\Boot::bootWeb(Object(Config\Paths))
CRITICAL - 2026-04-22 16:27:26 --> CodeIgniter\Database\Exceptions\DatabaseException: You must set the database table to be used with your query.
[Method: POST, Route: login/auth]
in SYSTEMPATH\Database\BaseConnection.php on line 1125.
 1 SYSTEMPATH\Model.php(601): CodeIgniter\Database\BaseConnection->table(null)
 2 SYSTEMPATH\Model.php(751): CodeIgniter\Model->builder()
 3 APPPATH\Controllers\Login.php(26): CodeIgniter\Model->__call('where', [...])
 4 SYSTEMPATH\CodeIgniter.php(951): App\Controllers\Login->auth()
 5 SYSTEMPATH\CodeIgniter.php(497): CodeIgniter\CodeIgniter->runController(Object(App\Controllers\Login))
 6 SYSTEMPATH\CodeIgniter.php(340): CodeIgniter\CodeIgniter->handleRequest(null, Object(Config\Cache), false)
 7 SYSTEMPATH\Boot.php(417): CodeIgniter\CodeIgniter->run()
 8 SYSTEMPATH\Boot.php(68): CodeIgniter\Boot::runCodeIgniter(Object(CodeIgniter\CodeIgniter))
 9 FCPATH\index.php(59): CodeIgniter\Boot::bootWeb(Object(Config\Paths))
CRITICAL - 2026-04-22 16:29:22 --> CodeIgniter\Database\Exceptions\DatabaseException: You must set the database table to be used with your query.
[Method: POST, Route: login/auth]
in SYSTEMPATH\Database\BaseConnection.php on line 1125.
 1 SYSTEMPATH\Model.php(601): CodeIgniter\Database\BaseConnection->table(null)
 2 SYSTEMPATH\Model.php(751): CodeIgniter\Model->builder()
 3 APPPATH\Controllers\Login.php(21): CodeIgniter\Model->__call('where', [...])
 4 SYSTEMPATH\CodeIgniter.php(951): App\Controllers\Login->auth()
 5 SYSTEMPATH\CodeIgniter.php(497): CodeIgniter\CodeIgniter->runController(Object(App\Controllers\Login))
 6 SYSTEMPATH\CodeIgniter.php(340): CodeIgniter\CodeIgniter->handleRequest(null, Object(Config\Cache), false)
 7 SYSTEMPATH\Boot.php(417): CodeIgniter\CodeIgniter->run()
 8 SYSTEMPATH\Boot.php(68): CodeIgniter\Boot::runCodeIgniter(Object(CodeIgniter\CodeIgniter))
 9 FCPATH\index.php(59): CodeIgniter\Boot::bootWeb(Object(Config\Paths))
CRITICAL - 2026-04-22 16:29:26 --> CodeIgniter\Database\Exceptions\DatabaseException: You must set the database table to be used with your query.
[Method: POST, Route: login/auth]
in SYSTEMPATH\Database\BaseConnection.php on line 1125.
 1 SYSTEMPATH\Model.php(601): CodeIgniter\Database\BaseConnection->table(null)
 2 SYSTEMPATH\Model.php(751): CodeIgniter\Model->builder()
 3 APPPATH\Controllers\Login.php(21): CodeIgniter\Model->__call('where', [...])
 4 SYSTEMPATH\CodeIgniter.php(951): App\Controllers\Login->auth()
 5 SYSTEMPATH\CodeIgniter.php(497): CodeIgniter\CodeIgniter->runController(Object(App\Controllers\Login))
 6 SYSTEMPATH\CodeIgniter.php(340): CodeIgniter\CodeIgniter->handleRequest(null, Object(Config\Cache), false)
 7 SYSTEMPATH\Boot.php(417): CodeIgniter\CodeIgniter->run()
 8 SYSTEMPATH\Boot.php(68): CodeIgniter\Boot::runCodeIgniter(Object(CodeIgniter\CodeIgniter))
 9 FCPATH\index.php(59): CodeIgniter\Boot::bootWeb(Object(Config\Paths))
CRITICAL - 2026-04-22 16:29:41 --> CodeIgniter\Database\Exceptions\DatabaseException: You must set the database table to be used with your query.
[Method: POST, Route: login/auth]
in SYSTEMPATH\Database\BaseConnection.php on line 1125.
 1 SYSTEMPATH\Model.php(601): CodeIgniter\Database\BaseConnection->table(null)
 2 SYSTEMPATH\Model.php(751): CodeIgniter\Model->builder()
 3 APPPATH\Controllers\Login.php(21): CodeIgniter\Model->__call('where', [...])
 4 SYSTEMPATH\CodeIgniter.php(951): App\Controllers\Login->auth()
 5 SYSTEMPATH\CodeIgniter.php(497): CodeIgniter\CodeIgniter->runController(Object(App\Controllers\Login))
 6 SYSTEMPATH\CodeIgniter.php(340): CodeIgniter\CodeIgniter->handleRequest(null, Object(Config\Cache), false)
 7 SYSTEMPATH\Boot.php(417): CodeIgniter\CodeIgniter->run()
 8 SYSTEMPATH\Boot.php(68): CodeIgniter\Boot::runCodeIgniter(Object(CodeIgniter\CodeIgniter))
 9 FCPATH\index.php(59): CodeIgniter\Boot::bootWeb(Object(Config\Paths))
CRITICAL - 2026-04-22 16:29:55 --> CodeIgniter\Database\Exceptions\DatabaseException: You must set the database table to be used with your query.
[Method: POST, Route: login/auth]
in SYSTEMPATH\Database\BaseConnection.php on line 1125.
 1 SYSTEMPATH\Model.php(601): CodeIgniter\Database\BaseConnection->table(null)
 2 SYSTEMPATH\Model.php(751): CodeIgniter\Model->builder()
 3 APPPATH\Controllers\Login.php(21): CodeIgniter\Model->__call('where', [...])
 4 SYSTEMPATH\CodeIgniter.php(951): App\Controllers\Login->auth()
 5 SYSTEMPATH\CodeIgniter.php(497): CodeIgniter\CodeIgniter->runController(Object(App\Controllers\Login))
 6 SYSTEMPATH\CodeIgniter.php(340): CodeIgniter\CodeIgniter->handleRequest(null, Object(Config\Cache), false)
 7 SYSTEMPATH\Boot.php(417): CodeIgniter\CodeIgniter->run()
 8 SYSTEMPATH\Boot.php(68): CodeIgniter\Boot::runCodeIgniter(Object(CodeIgniter\CodeIgniter))
 9 FCPATH\index.php(59): CodeIgniter\Boot::bootWeb(Object(Config\Paths))
CRITICAL - 2026-04-22 16:30:09 --> CodeIgniter\Database\Exceptions\DatabaseException: You must set the database table to be used with your query.
[Method: POST, Route: login/auth]
in SYSTEMPATH\Database\BaseConnection.php on line 1125.
 1 SYSTEMPATH\Model.php(601): CodeIgniter\Database\BaseConnection->table(null)
 2 SYSTEMPATH\Model.php(751): CodeIgniter\Model->builder()
 3 APPPATH\Controllers\Login.php(21): CodeIgniter\Model->__call('where', [...])
 4 SYSTEMPATH\CodeIgniter.php(951): App\Controllers\Login->auth()
 5 SYSTEMPATH\CodeIgniter.php(497): CodeIgniter\CodeIgniter->runController(Object(App\Controllers\Login))
 6 SYSTEMPATH\CodeIgniter.php(340): CodeIgniter\CodeIgniter->handleRequest(null, Object(Config\Cache), false)
 7 SYSTEMPATH\Boot.php(417): CodeIgniter\CodeIgniter->run()
 8 SYSTEMPATH\Boot.php(68): CodeIgniter\Boot::runCodeIgniter(Object(CodeIgniter\CodeIgniter))
 9 FCPATH\index.php(59): CodeIgniter\Boot::bootWeb(Object(Config\Paths))
CRITICAL - 2026-04-22 16:30:14 --> CodeIgniter\Database\Exceptions\DatabaseException: You must set the database table to be used with your query.
[Method: POST, Route: login/auth]
in SYSTEMPATH\Database\BaseConnection.php on line 1125.
 1 SYSTEMPATH\Model.php(601): CodeIgniter\Database\BaseConnection->table(null)
 2 SYSTEMPATH\Model.php(751): CodeIgniter\Model->builder()
 3 APPPATH\Controllers\Login.php(21): CodeIgniter\Model->__call('where', [...])
 4 SYSTEMPATH\CodeIgniter.php(951): App\Controllers\Login->auth()
 5 SYSTEMPATH\CodeIgniter.php(497): CodeIgniter\CodeIgniter->runController(Object(App\Controllers\Login))
 6 SYSTEMPATH\CodeIgniter.php(340): CodeIgniter\CodeIgniter->handleRequest(null, Object(Config\Cache), false)
 7 SYSTEMPATH\Boot.php(417): CodeIgniter\CodeIgniter->run()
 8 SYSTEMPATH\Boot.php(68): CodeIgniter\Boot::runCodeIgniter(Object(CodeIgniter\CodeIgniter))
 9 FCPATH\index.php(59): CodeIgniter\Boot::bootWeb(Object(Config\Paths))
CRITICAL - 2026-04-22 16:30:26 --> CodeIgniter\Database\Exceptions\DatabaseException: You must set the database table to be used with your query.
[Method: POST, Route: login/auth]
in SYSTEMPATH\Database\BaseConnection.php on line 1125.
 1 SYSTEMPATH\Model.php(601): CodeIgniter\Database\BaseConnection->table(null)
 2 SYSTEMPATH\Model.php(751): CodeIgniter\Model->builder()
 3 APPPATH\Controllers\Login.php(21): CodeIgniter\Model->__call('where', [...])
 4 SYSTEMPATH\CodeIgniter.php(951): App\Controllers\Login->auth()
 5 SYSTEMPATH\CodeIgniter.php(497): CodeIgniter\CodeIgniter->runController(Object(App\Controllers\Login))
 6 SYSTEMPATH\CodeIgniter.php(340): CodeIgniter\CodeIgniter->handleRequest(null, Object(Config\Cache), false)
 7 SYSTEMPATH\Boot.php(417): CodeIgniter\CodeIgniter->run()
 8 SYSTEMPATH\Boot.php(68): CodeIgniter\Boot::runCodeIgniter(Object(CodeIgniter\CodeIgniter))
 9 FCPATH\index.php(59): CodeIgniter\Boot::bootWeb(Object(Config\Paths))
CRITICAL - 2026-04-22 16:30:35 --> CodeIgniter\Database\Exceptions\DatabaseException: You must set the database table to be used with your query.
[Method: POST, Route: login/auth]
in SYSTEMPATH\Database\BaseConnection.php on line 1125.
 1 SYSTEMPATH\Model.php(601): CodeIgniter\Database\BaseConnection->table(null)
 2 SYSTEMPATH\Model.php(751): CodeIgniter\Model->builder()
 3 APPPATH\Controllers\Login.php(21): CodeIgniter\Model->__call('where', [...])
 4 SYSTEMPATH\CodeIgniter.php(951): App\Controllers\Login->auth()
 5 SYSTEMPATH\CodeIgniter.php(497): CodeIgniter\CodeIgniter->runController(Object(App\Controllers\Login))
 6 SYSTEMPATH\CodeIgniter.php(340): CodeIgniter\CodeIgniter->handleRequest(null, Object(Config\Cache), false)
 7 SYSTEMPATH\Boot.php(417): CodeIgniter\CodeIgniter->run()
 8 SYSTEMPATH\Boot.php(68): CodeIgniter\Boot::runCodeIgniter(Object(CodeIgniter\CodeIgniter))
 9 FCPATH\index.php(59): CodeIgniter\Boot::bootWeb(Object(Config\Paths))
CRITICAL - 2026-04-22 16:31:21 --> CodeIgniter\Database\Exceptions\DatabaseException: You must set the database table to be used with your query.
[Method: POST, Route: login/auth]
in SYSTEMPATH\Database\BaseConnection.php on line 1125.
 1 SYSTEMPATH\Model.php(601): CodeIgniter\Database\BaseConnection->table(null)
 2 SYSTEMPATH\Model.php(751): CodeIgniter\Model->builder()
 3 APPPATH\Controllers\Login.php(21): CodeIgniter\Model->__call('where', [...])
 4 SYSTEMPATH\CodeIgniter.php(951): App\Controllers\Login->auth()
 5 SYSTEMPATH\CodeIgniter.php(497): CodeIgniter\CodeIgniter->runController(Object(App\Controllers\Login))
 6 SYSTEMPATH\CodeIgniter.php(340): CodeIgniter\CodeIgniter->handleRequest(null, Object(Config\Cache), false)
 7 SYSTEMPATH\Boot.php(417): CodeIgniter\CodeIgniter->run()
 8 SYSTEMPATH\Boot.php(68): CodeIgniter\Boot::runCodeIgniter(Object(CodeIgniter\CodeIgniter))
 9 FCPATH\index.php(59): CodeIgniter\Boot::bootWeb(Object(Config\Paths))
CRITICAL - 2026-04-22 16:32:19 --> CodeIgniter\Database\Exceptions\DatabaseException: You must set the database table to be used with your query.
[Method: POST, Route: login/auth]
in SYSTEMPATH\Database\BaseConnection.php on line 1125.
 1 SYSTEMPATH\Model.php(601): CodeIgniter\Database\BaseConnection->table(null)
 2 SYSTEMPATH\Model.php(751): CodeIgniter\Model->builder()
 3 APPPATH\Controllers\Login.php(21): CodeIgniter\Model->__call('where', [...])
 4 SYSTEMPATH\CodeIgniter.php(951): App\Controllers\Login->auth()
 5 SYSTEMPATH\CodeIgniter.php(497): CodeIgniter\CodeIgniter->runController(Object(App\Controllers\Login))
 6 SYSTEMPATH\CodeIgniter.php(340): CodeIgniter\CodeIgniter->handleRequest(null, Object(Config\Cache), false)
 7 SYSTEMPATH\Boot.php(417): CodeIgniter\CodeIgniter->run()
 8 SYSTEMPATH\Boot.php(68): CodeIgniter\Boot::runCodeIgniter(Object(CodeIgniter\CodeIgniter))
 9 FCPATH\index.php(59): CodeIgniter\Boot::bootWeb(Object(Config\Paths))
CRITICAL - 2026-04-22 16:35:42 --> CodeIgniter\Database\Exceptions\DatabaseException: You must set the database table to be used with your query.
[Method: POST, Route: login/auth]
in SYSTEMPATH\Database\BaseConnection.php on line 1125.
 1 SYSTEMPATH\Model.php(601): CodeIgniter\Database\BaseConnection->table(null)
 2 SYSTEMPATH\Model.php(751): CodeIgniter\Model->builder()
 3 APPPATH\Controllers\Login.php(21): CodeIgniter\Model->__call('where', [...])
 4 SYSTEMPATH\CodeIgniter.php(951): App\Controllers\Login->auth()
 5 SYSTEMPATH\CodeIgniter.php(497): CodeIgniter\CodeIgniter->runController(Object(App\Controllers\Login))
 6 SYSTEMPATH\CodeIgniter.php(340): CodeIgniter\CodeIgniter->handleRequest(null, Object(Config\Cache), false)
 7 SYSTEMPATH\Boot.php(417): CodeIgniter\CodeIgniter->run()
 8 SYSTEMPATH\Boot.php(68): CodeIgniter\Boot::runCodeIgniter(Object(CodeIgniter\CodeIgniter))
 9 FCPATH\index.php(59): CodeIgniter\Boot::bootWeb(Object(Config\Paths))
CRITICAL - 2026-04-22 16:35:54 --> CodeIgniter\Database\Exceptions\DatabaseException: You must set the database table to be used with your query.
[Method: POST, Route: login/auth]
in SYSTEMPATH\Database\BaseConnection.php on line 1125.
 1 SYSTEMPATH\Model.php(601): CodeIgniter\Database\BaseConnection->table(null)
 2 SYSTEMPATH\Model.php(751): CodeIgniter\Model->builder()
 3 APPPATH\Controllers\Login.php(21): CodeIgniter\Model->__call('where', [...])
 4 SYSTEMPATH\CodeIgniter.php(951): App\Controllers\Login->auth()
 5 SYSTEMPATH\CodeIgniter.php(497): CodeIgniter\CodeIgniter->runController(Object(App\Controllers\Login))
 6 SYSTEMPATH\CodeIgniter.php(340): CodeIgniter\CodeIgniter->handleRequest(null, Object(Config\Cache), false)
 7 SYSTEMPATH\Boot.php(417): CodeIgniter\CodeIgniter->run()
 8 SYSTEMPATH\Boot.php(68): CodeIgniter\Boot::runCodeIgniter(Object(CodeIgniter\CodeIgniter))
 9 FCPATH\index.php(59): CodeIgniter\Boot::bootWeb(Object(Config\Paths))
CRITICAL - 2026-04-22 16:37:52 --> CodeIgniter\Database\Exceptions\DatabaseException: You must set the database table to be used with your query.
[Method: POST, Route: login/auth]
in SYSTEMPATH\Database\BaseConnection.php on line 1125.
 1 SYSTEMPATH\Model.php(601): CodeIgniter\Database\BaseConnection->table(null)
 2 SYSTEMPATH\Model.php(751): CodeIgniter\Model->builder()
 3 APPPATH\Controllers\Login.php(22): CodeIgniter\Model->__call('where', [...])
 4 SYSTEMPATH\CodeIgniter.php(951): App\Controllers\Login->auth()
 5 SYSTEMPATH\CodeIgniter.php(497): CodeIgniter\CodeIgniter->runController(Object(App\Controllers\Login))
 6 SYSTEMPATH\CodeIgniter.php(340): CodeIgniter\CodeIgniter->handleRequest(null, Object(Config\Cache), false)
 7 SYSTEMPATH\Boot.php(417): CodeIgniter\CodeIgniter->run()
 8 SYSTEMPATH\Boot.php(68): CodeIgniter\Boot::runCodeIgniter(Object(CodeIgniter\CodeIgniter))
 9 FCPATH\index.php(59): CodeIgniter\Boot::bootWeb(Object(Config\Paths))
CRITICAL - 2026-04-22 16:38:05 --> CodeIgniter\Database\Exceptions\DatabaseException: You must set the database table to be used with your query.
[Method: POST, Route: login/auth]
in SYSTEMPATH\Database\BaseConnection.php on line 1125.
 1 SYSTEMPATH\Model.php(601): CodeIgniter\Database\BaseConnection->table(null)
 2 SYSTEMPATH\Model.php(751): CodeIgniter\Model->builder()
 3 APPPATH\Controllers\Login.php(22): CodeIgniter\Model->__call('where', [...])
 4 SYSTEMPATH\CodeIgniter.php(951): App\Controllers\Login->auth()
 5 SYSTEMPATH\CodeIgniter.php(497): CodeIgniter\CodeIgniter->runController(Object(App\Controllers\Login))
 6 SYSTEMPATH\CodeIgniter.php(340): CodeIgniter\CodeIgniter->handleRequest(null, Object(Config\Cache), false)
 7 SYSTEMPATH\Boot.php(417): CodeIgniter\CodeIgniter->run()
 8 SYSTEMPATH\Boot.php(68): CodeIgniter\Boot::runCodeIgniter(Object(CodeIgniter\CodeIgniter))
 9 FCPATH\index.php(59): CodeIgniter\Boot::bootWeb(Object(Config\Paths))
CRITICAL - 2026-04-22 16:41:11 --> CodeIgniter\Database\Exceptions\DatabaseException: You must set the database table to be used with your query.
[Method: POST, Route: login/auth]
in SYSTEMPATH\Database\BaseConnection.php on line 1125.
 1 SYSTEMPATH\Model.php(601): CodeIgniter\Database\BaseConnection->table(null)
 2 SYSTEMPATH\Model.php(751): CodeIgniter\Model->builder()
 3 APPPATH\Controllers\Login.php(22): CodeIgniter\Model->__call('where', [...])
 4 SYSTEMPATH\CodeIgniter.php(951): App\Controllers\Login->auth()
 5 SYSTEMPATH\CodeIgniter.php(497): CodeIgniter\CodeIgniter->runController(Object(App\Controllers\Login))
 6 SYSTEMPATH\CodeIgniter.php(340): CodeIgniter\CodeIgniter->handleRequest(null, Object(Config\Cache), false)
 7 SYSTEMPATH\Boot.php(417): CodeIgniter\CodeIgniter->run()
 8 SYSTEMPATH\Boot.php(68): CodeIgniter\Boot::runCodeIgniter(Object(CodeIgniter\CodeIgniter))
 9 FCPATH\index.php(59): CodeIgniter\Boot::bootWeb(Object(Config\Paths))
CRITICAL - 2026-04-22 16:41:22 --> CodeIgniter\Database\Exceptions\DatabaseException: You must set the database table to be used with your query.
[Method: POST, Route: login/auth]
in SYSTEMPATH\Database\BaseConnection.php on line 1125.
 1 SYSTEMPATH\Model.php(601): CodeIgniter\Database\BaseConnection->table(null)
 2 SYSTEMPATH\Model.php(751): CodeIgniter\Model->builder()
 3 APPPATH\Controllers\Login.php(22): CodeIgniter\Model->__call('where', [...])
 4 SYSTEMPATH\CodeIgniter.php(951): App\Controllers\Login->auth()
 5 SYSTEMPATH\CodeIgniter.php(497): CodeIgniter\CodeIgniter->runController(Object(App\Controllers\Login))
 6 SYSTEMPATH\CodeIgniter.php(340): CodeIgniter\CodeIgniter->handleRequest(null, Object(Config\Cache), false)
 7 SYSTEMPATH\Boot.php(417): CodeIgniter\CodeIgniter->run()
 8 SYSTEMPATH\Boot.php(68): CodeIgniter\Boot::runCodeIgniter(Object(CodeIgniter\CodeIgniter))
 9 FCPATH\index.php(59): CodeIgniter\Boot::bootWeb(Object(Config\Paths))
CRITICAL - 2026-04-22 16:42:09 --> CodeIgniter\Database\Exceptions\DatabaseException: You must set the database table to be used with your query.
[Method: POST, Route: login/auth]
in SYSTEMPATH\Database\BaseConnection.php on line 1125.
 1 SYSTEMPATH\Model.php(601): CodeIgniter\Database\BaseConnection->table(null)
 2 SYSTEMPATH\Model.php(751): CodeIgniter\Model->builder()
 3 APPPATH\Controllers\Login.php(21): CodeIgniter\Model->__call('where', [...])
 4 SYSTEMPATH\CodeIgniter.php(951): App\Controllers\Login->auth()
 5 SYSTEMPATH\CodeIgniter.php(497): CodeIgniter\CodeIgniter->runController(Object(App\Controllers\Login))
 6 SYSTEMPATH\CodeIgniter.php(340): CodeIgniter\CodeIgniter->handleRequest(null, Object(Config\Cache), false)
 7 SYSTEMPATH\Boot.php(417): CodeIgniter\CodeIgniter->run()
 8 SYSTEMPATH\Boot.php(68): CodeIgniter\Boot::runCodeIgniter(Object(CodeIgniter\CodeIgniter))
 9 FCPATH\index.php(59): CodeIgniter\Boot::bootWeb(Object(Config\Paths))
