ERROR - 2026-05-29 03:04:30 --> Unknown column 'nama_karyawan' in 'where clause'
in SYSTEMPATH\Database\MySQLi\Connection.php on line 300.
 1 SYSTEMPATH\Database\MySQLi\Connection.php(300): mysqli->query('SELECT *
FROM `cuti`
WHERE `nama_karyawan` = \'agnes\'
ORDER BY `id` DESC', 0)
 2 SYSTEMPATH\Database\BaseConnection.php(910): CodeIgniter\Database\MySQLi\Connection->execute('SELECT *
FROM `cuti`
WHERE `nama_karyawan` = \'agnes\'
ORDER BY `id` DESC')
 3 SYSTEMPATH\Database\BaseConnection.php(827): CodeIgniter\Database\BaseConnection->simpleQuery('SELECT *
FROM `cuti`
WHERE `nama_karyawan` = \'agnes\'
ORDER BY `id` DESC')
 4 SYSTEMPATH\Database\BaseBuilder.php(1649): CodeIgniter\Database\BaseConnection->query('SELECT *
FROM `cuti`
WHERE `nama_karyawan` = :nama_karyawan:
ORDER BY `id` DESC', [...], false)
 5 SYSTEMPATH\Model.php(253): CodeIgniter\Database\BaseBuilder->get()
 6 SYSTEMPATH\BaseModel.php(676): CodeIgniter\Model->doFindAll(0, 0)
 7 APPPATH\Controllers\User\Cuti.php(33): CodeIgniter\BaseModel->findAll()
 8 SYSTEMPATH\CodeIgniter.php(951): App\Controllers\User\Cuti->index()
 9 SYSTEMPATH\CodeIgniter.php(497): CodeIgniter\CodeIgniter->runController(Object(App\Controllers\User\Cuti))
10 SYSTEMPATH\CodeIgniter.php(340): CodeIgniter\CodeIgniter->handleRequest(null, Object(Config\Cache), false)
11 SYSTEMPATH\Boot.php(417): CodeIgniter\CodeIgniter->run()
12 SYSTEMPATH\Boot.php(68): CodeIgniter\Boot::runCodeIgniter(Object(CodeIgniter\CodeIgniter))
13 FCPATH\index.php(59): CodeIgniter\Boot::bootWeb(Object(Config\Paths))
CRITICAL - 2026-05-29 03:04:30 --> CodeIgniter\Database\Exceptions\DatabaseException: Unknown column 'nama_karyawan' in 'where clause'
[Method: GET, Route: cuti]
in SYSTEMPATH\Database\BaseConnection.php on line 865.
 1 SYSTEMPATH\Database\BaseBuilder.php(1649): CodeIgniter\Database\BaseConnection->query('SELECT *
FROM `cuti`
WHERE `nama_karyawan` = :nama_karyawan:
ORDER BY `id` DESC', [...], false)
 2 SYSTEMPATH\Model.php(253): CodeIgniter\Database\BaseBuilder->get()
 3 SYSTEMPATH\BaseModel.php(676): CodeIgniter\Model->doFindAll(0, 0)
 4 APPPATH\Controllers\User\Cuti.php(33): CodeIgniter\BaseModel->findAll()
 5 SYSTEMPATH\CodeIgniter.php(951): App\Controllers\User\Cuti->index()
 6 SYSTEMPATH\CodeIgniter.php(497): CodeIgniter\CodeIgniter->runController(Object(App\Controllers\User\Cuti))
 7 SYSTEMPATH\CodeIgniter.php(340): CodeIgniter\CodeIgniter->handleRequest(null, Object(Config\Cache), false)
 8 SYSTEMPATH\Boot.php(417): CodeIgniter\CodeIgniter->run()
 9 SYSTEMPATH\Boot.php(68): CodeIgniter\Boot::runCodeIgniter(Object(CodeIgniter\CodeIgniter))
10 FCPATH\index.php(59): CodeIgniter\Boot::bootWeb(Object(Config\Paths))
CRITICAL - 2026-05-29 03:04:30 --> [Caused by] CodeIgniter\Database\Exceptions\DatabaseException: Unknown column 'nama_karyawan' in 'where clause'
in SYSTEMPATH\Database\MySQLi\Connection.php on line 310.
 1 SYSTEMPATH\Database\BaseConnection.php(910): CodeIgniter\Database\MySQLi\Connection->execute('SELECT *
FROM `cuti`
WHERE `nama_karyawan` = \'agnes\'
ORDER BY `id` DESC')
 2 SYSTEMPATH\Database\BaseConnection.php(827): CodeIgniter\Database\BaseConnection->simpleQuery('SELECT *
FROM `cuti`
WHERE `nama_karyawan` = \'agnes\'
ORDER BY `id` DESC')
 3 SYSTEMPATH\Database\BaseBuilder.php(1649): CodeIgniter\Database\BaseConnection->query('SELECT *
FROM `cuti`
WHERE `nama_karyawan` = :nama_karyawan:
ORDER BY `id` DESC', [...], false)
 4 SYSTEMPATH\Model.php(253): CodeIgniter\Database\BaseBuilder->get()
 5 SYSTEMPATH\BaseModel.php(676): CodeIgniter\Model->doFindAll(0, 0)
 6 APPPATH\Controllers\User\Cuti.php(33): CodeIgniter\BaseModel->findAll()
 7 SYSTEMPATH\CodeIgniter.php(951): App\Controllers\User\Cuti->index()
 8 SYSTEMPATH\CodeIgniter.php(497): CodeIgniter\CodeIgniter->runController(Object(App\Controllers\User\Cuti))
 9 SYSTEMPATH\CodeIgniter.php(340): CodeIgniter\CodeIgniter->handleRequest(null, Object(Config\Cache), false)
10 SYSTEMPATH\Boot.php(417): CodeIgniter\CodeIgniter->run()
11 SYSTEMPATH\Boot.php(68): CodeIgniter\Boot::runCodeIgniter(Object(CodeIgniter\CodeIgniter))
12 FCPATH\index.php(59): CodeIgniter\Boot::bootWeb(Object(Config\Paths))
CRITICAL - 2026-05-29 03:04:30 --> [Caused by] mysqli_sql_exception: Unknown column 'nama_karyawan' in 'where clause'
in SYSTEMPATH\Database\MySQLi\Connection.php on line 300.
 1 SYSTEMPATH\Database\MySQLi\Connection.php(300): mysqli->query('SELECT *
FROM `cuti`
WHERE `nama_karyawan` = \'agnes\'
ORDER BY `id` DESC', 0)
 2 SYSTEMPATH\Database\BaseConnection.php(910): CodeIgniter\Database\MySQLi\Connection->execute('SELECT *
FROM `cuti`
WHERE `nama_karyawan` = \'agnes\'
ORDER BY `id` DESC')
 3 SYSTEMPATH\Database\BaseConnection.php(827): CodeIgniter\Database\BaseConnection->simpleQuery('SELECT *
FROM `cuti`
WHERE `nama_karyawan` = \'agnes\'
ORDER BY `id` DESC')
 4 SYSTEMPATH\Database\BaseBuilder.php(1649): CodeIgniter\Database\BaseConnection->query('SELECT *
FROM `cuti`
WHERE `nama_karyawan` = :nama_karyawan:
ORDER BY `id` DESC', [...], false)
 5 SYSTEMPATH\Model.php(253): CodeIgniter\Database\BaseBuilder->get()
 6 SYSTEMPATH\BaseModel.php(676): CodeIgniter\Model->doFindAll(0, 0)
 7 APPPATH\Controllers\User\Cuti.php(33): CodeIgniter\BaseModel->findAll()
 8 SYSTEMPATH\CodeIgniter.php(951): App\Controllers\User\Cuti->index()
 9 SYSTEMPATH\CodeIgniter.php(497): CodeIgniter\CodeIgniter->runController(Object(App\Controllers\User\Cuti))
10 SYSTEMPATH\CodeIgniter.php(340): CodeIgniter\CodeIgniter->handleRequest(null, Object(Config\Cache), false)
11 SYSTEMPATH\Boot.php(417): CodeIgniter\CodeIgniter->run()
12 SYSTEMPATH\Boot.php(68): CodeIgniter\Boot::runCodeIgniter(Object(CodeIgniter\CodeIgniter))
13 FCPATH\index.php(59): CodeIgniter\Boot::bootWeb(Object(Config\Paths))
ERROR - 2026-05-29 03:31:06 --> Cannot add or update a child row: a foreign key constraint fails (`db_absensi`.`cuti`, CONSTRAINT `cuti_ibfk_1` FOREIGN KEY (`id_karyawan`) REFERENCES `karyawan` (`id`))
in SYSTEMPATH\Database\MySQLi\Connection.php on line 300.
 1 SYSTEMPATH\Database\MySQLi\Connection.php(300): mysqli->query('INSERT INTO `cuti` (`tanggal_mulai`, `tanggal_selesai`, `keterangan`, `status`) VALUES (\'2026-05-29\', \'2026-05-30\', \'Sakit\', \'pending\')', 0)
 2 SYSTEMPATH\Database\BaseConnection.php(910): CodeIgniter\Database\MySQLi\Connection->execute('INSERT INTO `cuti` (`tanggal_mulai`, `tanggal_selesai`, `keterangan`, `status`) VALUES (\'2026-05-29\', \'2026-05-30\', \'Sakit\', \'pending\')')
 3 SYSTEMPATH\Database\BaseConnection.php(827): CodeIgniter\Database\BaseConnection->simpleQuery('INSERT INTO `cuti` (`tanggal_mulai`, `tanggal_selesai`, `keterangan`, `status`) VALUES (\'2026-05-29\', \'2026-05-30\', \'Sakit\', \'pending\')')
 4 SYSTEMPATH\Database\BaseBuilder.php(2345): CodeIgniter\Database\BaseConnection->query('INSERT INTO `cuti` (`tanggal_mulai`, `tanggal_selesai`, `keterangan`, `status`) VALUES (:tanggal_mulai:, :tanggal_selesai:, :keterangan:, :status:)', [...], false)
 5 SYSTEMPATH\Model.php(355): CodeIgniter\Database\BaseBuilder->insert()
 6 SYSTEMPATH\BaseModel.php(899): CodeIgniter\Model->doInsert([...])
 7 SYSTEMPATH\Model.php(668): CodeIgniter\BaseModel->insert([...], true)
 8 APPPATH\Controllers\User\Cuti.php(67): CodeIgniter\Model->insert([...])
 9 SYSTEMPATH\CodeIgniter.php(951): App\Controllers\User\Cuti->store()
10 SYSTEMPATH\CodeIgniter.php(497): CodeIgniter\CodeIgniter->runController(Object(App\Controllers\User\Cuti))
11 SYSTEMPATH\CodeIgniter.php(340): CodeIgniter\CodeIgniter->handleRequest(null, Object(Config\Cache), false)
12 SYSTEMPATH\Boot.php(417): CodeIgniter\CodeIgniter->run()
13 SYSTEMPATH\Boot.php(68): CodeIgniter\Boot::runCodeIgniter(Object(CodeIgniter\CodeIgniter))
14 FCPATH\index.php(59): CodeIgniter\Boot::bootWeb(Object(Config\Paths))
CRITICAL - 2026-05-29 03:31:06 --> CodeIgniter\Database\Exceptions\DatabaseException: Cannot add or update a child row: a foreign key constraint fails (`db_absensi`.`cuti`, CONSTRAINT `cuti_ibfk_1` FOREIGN KEY (`id_karyawan`) REFERENCES `karyawan` (`id`))
[Method: POST, Route: cuti/store]
in SYSTEMPATH\Database\BaseConnection.php on line 865.
 1 SYSTEMPATH\Database\BaseBuilder.php(2345): CodeIgniter\Database\BaseConnection->query('INSERT INTO `cuti` (`tanggal_mulai`, `tanggal_selesai`, `keterangan`, `status`) VALUES (:tanggal_mulai:, :tanggal_selesai:, :keterangan:, :status:)', [...], false)
 2 SYSTEMPATH\Model.php(355): CodeIgniter\Database\BaseBuilder->insert()
 3 SYSTEMPATH\BaseModel.php(899): CodeIgniter\Model->doInsert([...])
 4 SYSTEMPATH\Model.php(668): CodeIgniter\BaseModel->insert([...], true)
 5 APPPATH\Controllers\User\Cuti.php(67): CodeIgniter\Model->insert([...])
 6 SYSTEMPATH\CodeIgniter.php(951): App\Controllers\User\Cuti->store()
 7 SYSTEMPATH\CodeIgniter.php(497): CodeIgniter\CodeIgniter->runController(Object(App\Controllers\User\Cuti))
 8 SYSTEMPATH\CodeIgniter.php(340): CodeIgniter\CodeIgniter->handleRequest(null, Object(Config\Cache), false)
 9 SYSTEMPATH\Boot.php(417): CodeIgniter\CodeIgniter->run()
10 SYSTEMPATH\Boot.php(68): CodeIgniter\Boot::runCodeIgniter(Object(CodeIgniter\CodeIgniter))
11 FCPATH\index.php(59): CodeIgniter\Boot::bootWeb(Object(Config\Paths))
CRITICAL - 2026-05-29 03:31:06 --> [Caused by] CodeIgniter\Database\Exceptions\DatabaseException: Cannot add or update a child row: a foreign key constraint fails (`db_absensi`.`cuti`, CONSTRAINT `cuti_ibfk_1` FOREIGN KEY (`id_karyawan`) REFERENCES `karyawan` (`id`))
in SYSTEMPATH\Database\MySQLi\Connection.php on line 310.
 1 SYSTEMPATH\Database\BaseConnection.php(910): CodeIgniter\Database\MySQLi\Connection->execute('INSERT INTO `cuti` (`tanggal_mulai`, `tanggal_selesai`, `keterangan`, `status`) VALUES (\'2026-05-29\', \'2026-05-30\', \'Sakit\', \'pending\')')
 2 SYSTEMPATH\Database\BaseConnection.php(827): CodeIgniter\Database\BaseConnection->simpleQuery('INSERT INTO `cuti` (`tanggal_mulai`, `tanggal_selesai`, `keterangan`, `status`) VALUES (\'2026-05-29\', \'2026-05-30\', \'Sakit\', \'pending\')')
 3 SYSTEMPATH\Database\BaseBuilder.php(2345): CodeIgniter\Database\BaseConnection->query('INSERT INTO `cuti` (`tanggal_mulai`, `tanggal_selesai`, `keterangan`, `status`) VALUES (:tanggal_mulai:, :tanggal_selesai:, :keterangan:, :status:)', [...], false)
 4 SYSTEMPATH\Model.php(355): CodeIgniter\Database\BaseBuilder->insert()
 5 SYSTEMPATH\BaseModel.php(899): CodeIgniter\Model->doInsert([...])
 6 SYSTEMPATH\Model.php(668): CodeIgniter\BaseModel->insert([...], true)
 7 APPPATH\Controllers\User\Cuti.php(67): CodeIgniter\Model->insert([...])
 8 SYSTEMPATH\CodeIgniter.php(951): App\Controllers\User\Cuti->store()
 9 SYSTEMPATH\CodeIgniter.php(497): CodeIgniter\CodeIgniter->runController(Object(App\Controllers\User\Cuti))
10 SYSTEMPATH\CodeIgniter.php(340): CodeIgniter\CodeIgniter->handleRequest(null, Object(Config\Cache), false)
11 SYSTEMPATH\Boot.php(417): CodeIgniter\CodeIgniter->run()
12 SYSTEMPATH\Boot.php(68): CodeIgniter\Boot::runCodeIgniter(Object(CodeIgniter\CodeIgniter))
13 FCPATH\index.php(59): CodeIgniter\Boot::bootWeb(Object(Config\Paths))
CRITICAL - 2026-05-29 03:31:06 --> [Caused by] mysqli_sql_exception: Cannot add or update a child row: a foreign key constraint fails (`db_absensi`.`cuti`, CONSTRAINT `cuti_ibfk_1` FOREIGN KEY (`id_karyawan`) REFERENCES `karyawan` (`id`))
in SYSTEMPATH\Database\MySQLi\Connection.php on line 300.
 1 SYSTEMPATH\Database\MySQLi\Connection.php(300): mysqli->query('INSERT INTO `cuti` (`tanggal_mulai`, `tanggal_selesai`, `keterangan`, `status`) VALUES (\'2026-05-29\', \'2026-05-30\', \'Sakit\', \'pending\')', 0)
 2 SYSTEMPATH\Database\BaseConnection.php(910): CodeIgniter\Database\MySQLi\Connection->execute('INSERT INTO `cuti` (`tanggal_mulai`, `tanggal_selesai`, `keterangan`, `status`) VALUES (\'2026-05-29\', \'2026-05-30\', \'Sakit\', \'pending\')')
 3 SYSTEMPATH\Database\BaseConnection.php(827): CodeIgniter\Database\BaseConnection->simpleQuery('INSERT INTO `cuti` (`tanggal_mulai`, `tanggal_selesai`, `keterangan`, `status`) VALUES (\'2026-05-29\', \'2026-05-30\', \'Sakit\', \'pending\')')
 4 SYSTEMPATH\Database\BaseBuilder.php(2345): CodeIgniter\Database\BaseConnection->query('INSERT INTO `cuti` (`tanggal_mulai`, `tanggal_selesai`, `keterangan`, `status`) VALUES (:tanggal_mulai:, :tanggal_selesai:, :keterangan:, :status:)', [...], false)
 5 SYSTEMPATH\Model.php(355): CodeIgniter\Database\BaseBuilder->insert()
 6 SYSTEMPATH\BaseModel.php(899): CodeIgniter\Model->doInsert([...])
 7 SYSTEMPATH\Model.php(668): CodeIgniter\BaseModel->insert([...], true)
 8 APPPATH\Controllers\User\Cuti.php(67): CodeIgniter\Model->insert([...])
 9 SYSTEMPATH\CodeIgniter.php(951): App\Controllers\User\Cuti->store()
10 SYSTEMPATH\CodeIgniter.php(497): CodeIgniter\CodeIgniter->runController(Object(App\Controllers\User\Cuti))
11 SYSTEMPATH\CodeIgniter.php(340): CodeIgniter\CodeIgniter->handleRequest(null, Object(Config\Cache), false)
12 SYSTEMPATH\Boot.php(417): CodeIgniter\CodeIgniter->run()
13 SYSTEMPATH\Boot.php(68): CodeIgniter\Boot::runCodeIgniter(Object(CodeIgniter\CodeIgniter))
14 FCPATH\index.php(59): CodeIgniter\Boot::bootWeb(Object(Config\Paths))
ERROR - 2026-05-29 03:34:11 --> Cannot add or update a child row: a foreign key constraint fails (`db_absensi`.`cuti`, CONSTRAINT `cuti_ibfk_1` FOREIGN KEY (`id_karyawan`) REFERENCES `karyawan` (`id`))
in SYSTEMPATH\Database\MySQLi\Connection.php on line 300.
 1 SYSTEMPATH\Database\MySQLi\Connection.php(300): mysqli->query('INSERT INTO `cuti` (`tanggal_mulai`, `tanggal_selesai`, `keterangan`, `status`) VALUES (\'2026-05-29\', \'2026-05-30\', \'Sakit\', \'pending\')', 0)
 2 SYSTEMPATH\Database\BaseConnection.php(910): CodeIgniter\Database\MySQLi\Connection->execute('INSERT INTO `cuti` (`tanggal_mulai`, `tanggal_selesai`, `keterangan`, `status`) VALUES (\'2026-05-29\', \'2026-05-30\', \'Sakit\', \'pending\')')
 3 SYSTEMPATH\Database\BaseConnection.php(827): CodeIgniter\Database\BaseConnection->simpleQuery('INSERT INTO `cuti` (`tanggal_mulai`, `tanggal_selesai`, `keterangan`, `status`) VALUES (\'2026-05-29\', \'2026-05-30\', \'Sakit\', \'pending\')')
 4 SYSTEMPATH\Database\BaseBuilder.php(2345): CodeIgniter\Database\BaseConnection->query('INSERT INTO `cuti` (`tanggal_mulai`, `tanggal_selesai`, `keterangan`, `status`) VALUES (:tanggal_mulai:, :tanggal_selesai:, :keterangan:, :status:)', [...], false)
 5 SYSTEMPATH\Model.php(355): CodeIgniter\Database\BaseBuilder->insert()
 6 SYSTEMPATH\BaseModel.php(899): CodeIgniter\Model->doInsert([...])
 7 SYSTEMPATH\Model.php(668): CodeIgniter\BaseModel->insert([...], true)
 8 APPPATH\Controllers\User\Cuti.php(49): CodeIgniter\Model->insert([...])
 9 SYSTEMPATH\CodeIgniter.php(951): App\Controllers\User\Cuti->store()
10 SYSTEMPATH\CodeIgniter.php(497): CodeIgniter\CodeIgniter->runController(Object(App\Controllers\User\Cuti))
11 SYSTEMPATH\CodeIgniter.php(340): CodeIgniter\CodeIgniter->handleRequest(null, Object(Config\Cache), false)
12 SYSTEMPATH\Boot.php(417): CodeIgniter\CodeIgniter->run()
13 SYSTEMPATH\Boot.php(68): CodeIgniter\Boot::runCodeIgniter(Object(CodeIgniter\CodeIgniter))
14 FCPATH\index.php(59): CodeIgniter\Boot::bootWeb(Object(Config\Paths))
CRITICAL - 2026-05-29 03:34:11 --> CodeIgniter\Database\Exceptions\DatabaseException: Cannot add or update a child row: a foreign key constraint fails (`db_absensi`.`cuti`, CONSTRAINT `cuti_ibfk_1` FOREIGN KEY (`id_karyawan`) REFERENCES `karyawan` (`id`))
[Method: POST, Route: cuti/store]
in SYSTEMPATH\Database\BaseConnection.php on line 865.
 1 SYSTEMPATH\Database\BaseBuilder.php(2345): CodeIgniter\Database\BaseConnection->query('INSERT INTO `cuti` (`tanggal_mulai`, `tanggal_selesai`, `keterangan`, `status`) VALUES (:tanggal_mulai:, :tanggal_selesai:, :keterangan:, :status:)', [...], false)
 2 SYSTEMPATH\Model.php(355): CodeIgniter\Database\BaseBuilder->insert()
 3 SYSTEMPATH\BaseModel.php(899): CodeIgniter\Model->doInsert([...])
 4 SYSTEMPATH\Model.php(668): CodeIgniter\BaseModel->insert([...], true)
 5 APPPATH\Controllers\User\Cuti.php(49): CodeIgniter\Model->insert([...])
 6 SYSTEMPATH\CodeIgniter.php(951): App\Controllers\User\Cuti->store()
 7 SYSTEMPATH\CodeIgniter.php(497): CodeIgniter\CodeIgniter->runController(Object(App\Controllers\User\Cuti))
 8 SYSTEMPATH\CodeIgniter.php(340): CodeIgniter\CodeIgniter->handleRequest(null, Object(Config\Cache), false)
 9 SYSTEMPATH\Boot.php(417): CodeIgniter\CodeIgniter->run()
10 SYSTEMPATH\Boot.php(68): CodeIgniter\Boot::runCodeIgniter(Object(CodeIgniter\CodeIgniter))
11 FCPATH\index.php(59): CodeIgniter\Boot::bootWeb(Object(Config\Paths))
CRITICAL - 2026-05-29 03:34:11 --> [Caused by] CodeIgniter\Database\Exceptions\DatabaseException: Cannot add or update a child row: a foreign key constraint fails (`db_absensi`.`cuti`, CONSTRAINT `cuti_ibfk_1` FOREIGN KEY (`id_karyawan`) REFERENCES `karyawan` (`id`))
in SYSTEMPATH\Database\MySQLi\Connection.php on line 310.
 1 SYSTEMPATH\Database\BaseConnection.php(910): CodeIgniter\Database\MySQLi\Connection->execute('INSERT INTO `cuti` (`tanggal_mulai`, `tanggal_selesai`, `keterangan`, `status`) VALUES (\'2026-05-29\', \'2026-05-30\', \'Sakit\', \'pending\')')
 2 SYSTEMPATH\Database\BaseConnection.php(827): CodeIgniter\Database\BaseConnection->simpleQuery('INSERT INTO `cuti` (`tanggal_mulai`, `tanggal_selesai`, `keterangan`, `status`) VALUES (\'2026-05-29\', \'2026-05-30\', \'Sakit\', \'pending\')')
 3 SYSTEMPATH\Database\BaseBuilder.php(2345): CodeIgniter\Database\BaseConnection->query('INSERT INTO `cuti` (`tanggal_mulai`, `tanggal_selesai`, `keterangan`, `status`) VALUES (:tanggal_mulai:, :tanggal_selesai:, :keterangan:, :status:)', [...], false)
 4 SYSTEMPATH\Model.php(355): CodeIgniter\Database\BaseBuilder->insert()
 5 SYSTEMPATH\BaseModel.php(899): CodeIgniter\Model->doInsert([...])
 6 SYSTEMPATH\Model.php(668): CodeIgniter\BaseModel->insert([...], true)
 7 APPPATH\Controllers\User\Cuti.php(49): CodeIgniter\Model->insert([...])
 8 SYSTEMPATH\CodeIgniter.php(951): App\Controllers\User\Cuti->store()
 9 SYSTEMPATH\CodeIgniter.php(497): CodeIgniter\CodeIgniter->runController(Object(App\Controllers\User\Cuti))
10 SYSTEMPATH\CodeIgniter.php(340): CodeIgniter\CodeIgniter->handleRequest(null, Object(Config\Cache), false)
11 SYSTEMPATH\Boot.php(417): CodeIgniter\CodeIgniter->run()
12 SYSTEMPATH\Boot.php(68): CodeIgniter\Boot::runCodeIgniter(Object(CodeIgniter\CodeIgniter))
13 FCPATH\index.php(59): CodeIgniter\Boot::bootWeb(Object(Config\Paths))
CRITICAL - 2026-05-29 03:34:11 --> [Caused by] mysqli_sql_exception: Cannot add or update a child row: a foreign key constraint fails (`db_absensi`.`cuti`, CONSTRAINT `cuti_ibfk_1` FOREIGN KEY (`id_karyawan`) REFERENCES `karyawan` (`id`))
in SYSTEMPATH\Database\MySQLi\Connection.php on line 300.
 1 SYSTEMPATH\Database\MySQLi\Connection.php(300): mysqli->query('INSERT INTO `cuti` (`tanggal_mulai`, `tanggal_selesai`, `keterangan`, `status`) VALUES (\'2026-05-29\', \'2026-05-30\', \'Sakit\', \'pending\')', 0)
 2 SYSTEMPATH\Database\BaseConnection.php(910): CodeIgniter\Database\MySQLi\Connection->execute('INSERT INTO `cuti` (`tanggal_mulai`, `tanggal_selesai`, `keterangan`, `status`) VALUES (\'2026-05-29\', \'2026-05-30\', \'Sakit\', \'pending\')')
 3 SYSTEMPATH\Database\BaseConnection.php(827): CodeIgniter\Database\BaseConnection->simpleQuery('INSERT INTO `cuti` (`tanggal_mulai`, `tanggal_selesai`, `keterangan`, `status`) VALUES (\'2026-05-29\', \'2026-05-30\', \'Sakit\', \'pending\')')
 4 SYSTEMPATH\Database\BaseBuilder.php(2345): CodeIgniter\Database\BaseConnection->query('INSERT INTO `cuti` (`tanggal_mulai`, `tanggal_selesai`, `keterangan`, `status`) VALUES (:tanggal_mulai:, :tanggal_selesai:, :keterangan:, :status:)', [...], false)
 5 SYSTEMPATH\Model.php(355): CodeIgniter\Database\BaseBuilder->insert()
 6 SYSTEMPATH\BaseModel.php(899): CodeIgniter\Model->doInsert([...])
 7 SYSTEMPATH\Model.php(668): CodeIgniter\BaseModel->insert([...], true)
 8 APPPATH\Controllers\User\Cuti.php(49): CodeIgniter\Model->insert([...])
 9 SYSTEMPATH\CodeIgniter.php(951): App\Controllers\User\Cuti->store()
10 SYSTEMPATH\CodeIgniter.php(497): CodeIgniter\CodeIgniter->runController(Object(App\Controllers\User\Cuti))
11 SYSTEMPATH\CodeIgniter.php(340): CodeIgniter\CodeIgniter->handleRequest(null, Object(Config\Cache), false)
12 SYSTEMPATH\Boot.php(417): CodeIgniter\CodeIgniter->run()
13 SYSTEMPATH\Boot.php(68): CodeIgniter\Boot::runCodeIgniter(Object(CodeIgniter\CodeIgniter))
14 FCPATH\index.php(59): CodeIgniter\Boot::bootWeb(Object(Config\Paths))
ERROR - 2026-05-29 03:35:25 --> Cannot add or update a child row: a foreign key constraint fails (`db_absensi`.`cuti`, CONSTRAINT `cuti_ibfk_1` FOREIGN KEY (`id_karyawan`) REFERENCES `karyawan` (`id`))
in SYSTEMPATH\Database\MySQLi\Connection.php on line 300.
 1 SYSTEMPATH\Database\MySQLi\Connection.php(300): mysqli->query('INSERT INTO `cuti` (`tanggal_mulai`, `tanggal_selesai`, `keterangan`, `status`) VALUES (\'2026-05-29\', \'2026-05-30\', \'Sakit\', \'pending\')', 0)
 2 SYSTEMPATH\Database\BaseConnection.php(910): CodeIgniter\Database\MySQLi\Connection->execute('INSERT INTO `cuti` (`tanggal_mulai`, `tanggal_selesai`, `keterangan`, `status`) VALUES (\'2026-05-29\', \'2026-05-30\', \'Sakit\', \'pending\')')
 3 SYSTEMPATH\Database\BaseConnection.php(827): CodeIgniter\Database\BaseConnection->simpleQuery('INSERT INTO `cuti` (`tanggal_mulai`, `tanggal_selesai`, `keterangan`, `status`) VALUES (\'2026-05-29\', \'2026-05-30\', \'Sakit\', \'pending\')')
 4 SYSTEMPATH\Database\BaseBuilder.php(2345): CodeIgniter\Database\BaseConnection->query('INSERT INTO `cuti` (`tanggal_mulai`, `tanggal_selesai`, `keterangan`, `status`) VALUES (:tanggal_mulai:, :tanggal_selesai:, :keterangan:, :status:)', [...], false)
 5 SYSTEMPATH\Model.php(355): CodeIgniter\Database\BaseBuilder->insert()
 6 SYSTEMPATH\BaseModel.php(899): CodeIgniter\Model->doInsert([...])
 7 SYSTEMPATH\Model.php(668): CodeIgniter\BaseModel->insert([...], true)
 8 APPPATH\Controllers\User\Cuti.php(49): CodeIgniter\Model->insert([...])
 9 SYSTEMPATH\CodeIgniter.php(951): App\Controllers\User\Cuti->store()
10 SYSTEMPATH\CodeIgniter.php(497): CodeIgniter\CodeIgniter->runController(Object(App\Controllers\User\Cuti))
11 SYSTEMPATH\CodeIgniter.php(340): CodeIgniter\CodeIgniter->handleRequest(null, Object(Config\Cache), false)
12 SYSTEMPATH\Boot.php(417): CodeIgniter\CodeIgniter->run()
13 SYSTEMPATH\Boot.php(68): CodeIgniter\Boot::runCodeIgniter(Object(CodeIgniter\CodeIgniter))
14 FCPATH\index.php(59): CodeIgniter\Boot::bootWeb(Object(Config\Paths))
CRITICAL - 2026-05-29 03:35:25 --> CodeIgniter\Database\Exceptions\DatabaseException: Cannot add or update a child row: a foreign key constraint fails (`db_absensi`.`cuti`, CONSTRAINT `cuti_ibfk_1` FOREIGN KEY (`id_karyawan`) REFERENCES `karyawan` (`id`))
[Method: POST, Route: cuti/store]
in SYSTEMPATH\Database\BaseConnection.php on line 865.
 1 SYSTEMPATH\Database\BaseBuilder.php(2345): CodeIgniter\Database\BaseConnection->query('INSERT INTO `cuti` (`tanggal_mulai`, `tanggal_selesai`, `keterangan`, `status`) VALUES (:tanggal_mulai:, :tanggal_selesai:, :keterangan:, :status:)', [...], false)
 2 SYSTEMPATH\Model.php(355): CodeIgniter\Database\BaseBuilder->insert()
 3 SYSTEMPATH\BaseModel.php(899): CodeIgniter\Model->doInsert([...])
 4 SYSTEMPATH\Model.php(668): CodeIgniter\BaseModel->insert([...], true)
 5 APPPATH\Controllers\User\Cuti.php(49): CodeIgniter\Model->insert([...])
 6 SYSTEMPATH\CodeIgniter.php(951): App\Controllers\User\Cuti->store()
 7 SYSTEMPATH\CodeIgniter.php(497): CodeIgniter\CodeIgniter->runController(Object(App\Controllers\User\Cuti))
 8 SYSTEMPATH\CodeIgniter.php(340): CodeIgniter\CodeIgniter->handleRequest(null, Object(Config\Cache), false)
 9 SYSTEMPATH\Boot.php(417): CodeIgniter\CodeIgniter->run()
10 SYSTEMPATH\Boot.php(68): CodeIgniter\Boot::runCodeIgniter(Object(CodeIgniter\CodeIgniter))
11 FCPATH\index.php(59): CodeIgniter\Boot::bootWeb(Object(Config\Paths))
CRITICAL - 2026-05-29 03:35:25 --> [Caused by] CodeIgniter\Database\Exceptions\DatabaseException: Cannot add or update a child row: a foreign key constraint fails (`db_absensi`.`cuti`, CONSTRAINT `cuti_ibfk_1` FOREIGN KEY (`id_karyawan`) REFERENCES `karyawan` (`id`))
in SYSTEMPATH\Database\MySQLi\Connection.php on line 310.
 1 SYSTEMPATH\Database\BaseConnection.php(910): CodeIgniter\Database\MySQLi\Connection->execute('INSERT INTO `cuti` (`tanggal_mulai`, `tanggal_selesai`, `keterangan`, `status`) VALUES (\'2026-05-29\', \'2026-05-30\', \'Sakit\', \'pending\')')
 2 SYSTEMPATH\Database\BaseConnection.php(827): CodeIgniter\Database\BaseConnection->simpleQuery('INSERT INTO `cuti` (`tanggal_mulai`, `tanggal_selesai`, `keterangan`, `status`) VALUES (\'2026-05-29\', \'2026-05-30\', \'Sakit\', \'pending\')')
 3 SYSTEMPATH\Database\BaseBuilder.php(2345): CodeIgniter\Database\BaseConnection->query('INSERT INTO `cuti` (`tanggal_mulai`, `tanggal_selesai`, `keterangan`, `status`) VALUES (:tanggal_mulai:, :tanggal_selesai:, :keterangan:, :status:)', [...], false)
 4 SYSTEMPATH\Model.php(355): CodeIgniter\Database\BaseBuilder->insert()
 5 SYSTEMPATH\BaseModel.php(899): CodeIgniter\Model->doInsert([...])
 6 SYSTEMPATH\Model.php(668): CodeIgniter\BaseModel->insert([...], true)
 7 APPPATH\Controllers\User\Cuti.php(49): CodeIgniter\Model->insert([...])
 8 SYSTEMPATH\CodeIgniter.php(951): App\Controllers\User\Cuti->store()
 9 SYSTEMPATH\CodeIgniter.php(497): CodeIgniter\CodeIgniter->runController(Object(App\Controllers\User\Cuti))
10 SYSTEMPATH\CodeIgniter.php(340): CodeIgniter\CodeIgniter->handleRequest(null, Object(Config\Cache), false)
11 SYSTEMPATH\Boot.php(417): CodeIgniter\CodeIgniter->run()
12 SYSTEMPATH\Boot.php(68): CodeIgniter\Boot::runCodeIgniter(Object(CodeIgniter\CodeIgniter))
13 FCPATH\index.php(59): CodeIgniter\Boot::bootWeb(Object(Config\Paths))
CRITICAL - 2026-05-29 03:35:25 --> [Caused by] mysqli_sql_exception: Cannot add or update a child row: a foreign key constraint fails (`db_absensi`.`cuti`, CONSTRAINT `cuti_ibfk_1` FOREIGN KEY (`id_karyawan`) REFERENCES `karyawan` (`id`))
in SYSTEMPATH\Database\MySQLi\Connection.php on line 300.
 1 SYSTEMPATH\Database\MySQLi\Connection.php(300): mysqli->query('INSERT INTO `cuti` (`tanggal_mulai`, `tanggal_selesai`, `keterangan`, `status`) VALUES (\'2026-05-29\', \'2026-05-30\', \'Sakit\', \'pending\')', 0)
 2 SYSTEMPATH\Database\BaseConnection.php(910): CodeIgniter\Database\MySQLi\Connection->execute('INSERT INTO `cuti` (`tanggal_mulai`, `tanggal_selesai`, `keterangan`, `status`) VALUES (\'2026-05-29\', \'2026-05-30\', \'Sakit\', \'pending\')')
 3 SYSTEMPATH\Database\BaseConnection.php(827): CodeIgniter\Database\BaseConnection->simpleQuery('INSERT INTO `cuti` (`tanggal_mulai`, `tanggal_selesai`, `keterangan`, `status`) VALUES (\'2026-05-29\', \'2026-05-30\', \'Sakit\', \'pending\')')
 4 SYSTEMPATH\Database\BaseBuilder.php(2345): CodeIgniter\Database\BaseConnection->query('INSERT INTO `cuti` (`tanggal_mulai`, `tanggal_selesai`, `keterangan`, `status`) VALUES (:tanggal_mulai:, :tanggal_selesai:, :keterangan:, :status:)', [...], false)
 5 SYSTEMPATH\Model.php(355): CodeIgniter\Database\BaseBuilder->insert()
 6 SYSTEMPATH\BaseModel.php(899): CodeIgniter\Model->doInsert([...])
 7 SYSTEMPATH\Model.php(668): CodeIgniter\BaseModel->insert([...], true)
 8 APPPATH\Controllers\User\Cuti.php(49): CodeIgniter\Model->insert([...])
 9 SYSTEMPATH\CodeIgniter.php(951): App\Controllers\User\Cuti->store()
10 SYSTEMPATH\CodeIgniter.php(497): CodeIgniter\CodeIgniter->runController(Object(App\Controllers\User\Cuti))
11 SYSTEMPATH\CodeIgniter.php(340): CodeIgniter\CodeIgniter->handleRequest(null, Object(Config\Cache), false)
12 SYSTEMPATH\Boot.php(417): CodeIgniter\CodeIgniter->run()
13 SYSTEMPATH\Boot.php(68): CodeIgniter\Boot::runCodeIgniter(Object(CodeIgniter\CodeIgniter))
14 FCPATH\index.php(59): CodeIgniter\Boot::bootWeb(Object(Config\Paths))
ERROR - 2026-05-29 03:42:08 --> Cannot add or update a child row: a foreign key constraint fails (`db_absensi`.`cuti`, CONSTRAINT `cuti_ibfk_1` FOREIGN KEY (`id_karyawan`) REFERENCES `karyawan` (`id`))
in SYSTEMPATH\Database\MySQLi\Connection.php on line 300.
 1 SYSTEMPATH\Database\MySQLi\Connection.php(300): mysqli->query('INSERT INTO `cuti` (`tanggal_mulai`, `tanggal_selesai`, `keterangan`, `status`) VALUES (\'2026-05-29\', \'2026-05-30\', \'Sakit\', \'pending\')', 0)
 2 SYSTEMPATH\Database\BaseConnection.php(910): CodeIgniter\Database\MySQLi\Connection->execute('INSERT INTO `cuti` (`tanggal_mulai`, `tanggal_selesai`, `keterangan`, `status`) VALUES (\'2026-05-29\', \'2026-05-30\', \'Sakit\', \'pending\')')
 3 SYSTEMPATH\Database\BaseConnection.php(827): CodeIgniter\Database\BaseConnection->simpleQuery('INSERT INTO `cuti` (`tanggal_mulai`, `tanggal_selesai`, `keterangan`, `status`) VALUES (\'2026-05-29\', \'2026-05-30\', \'Sakit\', \'pending\')')
 4 SYSTEMPATH\Database\BaseBuilder.php(2345): CodeIgniter\Database\BaseConnection->query('INSERT INTO `cuti` (`tanggal_mulai`, `tanggal_selesai`, `keterangan`, `status`) VALUES (:tanggal_mulai:, :tanggal_selesai:, :keterangan:, :status:)', [...], false)
 5 SYSTEMPATH\Model.php(355): CodeIgniter\Database\BaseBuilder->insert()
 6 SYSTEMPATH\BaseModel.php(899): CodeIgniter\Model->doInsert([...])
 7 SYSTEMPATH\Model.php(668): CodeIgniter\BaseModel->insert([...], true)
 8 APPPATH\Controllers\User\Cuti.php(49): CodeIgniter\Model->insert([...])
 9 SYSTEMPATH\CodeIgniter.php(951): App\Controllers\User\Cuti->store()
10 SYSTEMPATH\CodeIgniter.php(497): CodeIgniter\CodeIgniter->runController(Object(App\Controllers\User\Cuti))
11 SYSTEMPATH\CodeIgniter.php(340): CodeIgniter\CodeIgniter->handleRequest(null, Object(Config\Cache), false)
12 SYSTEMPATH\Boot.php(417): CodeIgniter\CodeIgniter->run()
13 SYSTEMPATH\Boot.php(68): CodeIgniter\Boot::runCodeIgniter(Object(CodeIgniter\CodeIgniter))
14 FCPATH\index.php(59): CodeIgniter\Boot::bootWeb(Object(Config\Paths))
CRITICAL - 2026-05-29 03:42:08 --> CodeIgniter\Database\Exceptions\DatabaseException: Cannot add or update a child row: a foreign key constraint fails (`db_absensi`.`cuti`, CONSTRAINT `cuti_ibfk_1` FOREIGN KEY (`id_karyawan`) REFERENCES `karyawan` (`id`))
[Method: POST, Route: cuti/store]
in SYSTEMPATH\Database\BaseConnection.php on line 865.
 1 SYSTEMPATH\Database\BaseBuilder.php(2345): CodeIgniter\Database\BaseConnection->query('INSERT INTO `cuti` (`tanggal_mulai`, `tanggal_selesai`, `keterangan`, `status`) VALUES (:tanggal_mulai:, :tanggal_selesai:, :keterangan:, :status:)', [...], false)
 2 SYSTEMPATH\Model.php(355): CodeIgniter\Database\BaseBuilder->insert()
 3 SYSTEMPATH\BaseModel.php(899): CodeIgniter\Model->doInsert([...])
 4 SYSTEMPATH\Model.php(668): CodeIgniter\BaseModel->insert([...], true)
 5 APPPATH\Controllers\User\Cuti.php(49): CodeIgniter\Model->insert([...])
 6 SYSTEMPATH\CodeIgniter.php(951): App\Controllers\User\Cuti->store()
 7 SYSTEMPATH\CodeIgniter.php(497): CodeIgniter\CodeIgniter->runController(Object(App\Controllers\User\Cuti))
 8 SYSTEMPATH\CodeIgniter.php(340): CodeIgniter\CodeIgniter->handleRequest(null, Object(Config\Cache), false)
 9 SYSTEMPATH\Boot.php(417): CodeIgniter\CodeIgniter->run()
10 SYSTEMPATH\Boot.php(68): CodeIgniter\Boot::runCodeIgniter(Object(CodeIgniter\CodeIgniter))
11 FCPATH\index.php(59): CodeIgniter\Boot::bootWeb(Object(Config\Paths))
CRITICAL - 2026-05-29 03:42:08 --> [Caused by] CodeIgniter\Database\Exceptions\DatabaseException: Cannot add or update a child row: a foreign key constraint fails (`db_absensi`.`cuti`, CONSTRAINT `cuti_ibfk_1` FOREIGN KEY (`id_karyawan`) REFERENCES `karyawan` (`id`))
in SYSTEMPATH\Database\MySQLi\Connection.php on line 310.
 1 SYSTEMPATH\Database\BaseConnection.php(910): CodeIgniter\Database\MySQLi\Connection->execute('INSERT INTO `cuti` (`tanggal_mulai`, `tanggal_selesai`, `keterangan`, `status`) VALUES (\'2026-05-29\', \'2026-05-30\', \'Sakit\', \'pending\')')
 2 SYSTEMPATH\Database\BaseConnection.php(827): CodeIgniter\Database\BaseConnection->simpleQuery('INSERT INTO `cuti` (`tanggal_mulai`, `tanggal_selesai`, `keterangan`, `status`) VALUES (\'2026-05-29\', \'2026-05-30\', \'Sakit\', \'pending\')')
 3 SYSTEMPATH\Database\BaseBuilder.php(2345): CodeIgniter\Database\BaseConnection->query('INSERT INTO `cuti` (`tanggal_mulai`, `tanggal_selesai`, `keterangan`, `status`) VALUES (:tanggal_mulai:, :tanggal_selesai:, :keterangan:, :status:)', [...], false)
 4 SYSTEMPATH\Model.php(355): CodeIgniter\Database\BaseBuilder->insert()
 5 SYSTEMPATH\BaseModel.php(899): CodeIgniter\Model->doInsert([...])
 6 SYSTEMPATH\Model.php(668): CodeIgniter\BaseModel->insert([...], true)
 7 APPPATH\Controllers\User\Cuti.php(49): CodeIgniter\Model->insert([...])
 8 SYSTEMPATH\CodeIgniter.php(951): App\Controllers\User\Cuti->store()
 9 SYSTEMPATH\CodeIgniter.php(497): CodeIgniter\CodeIgniter->runController(Object(App\Controllers\User\Cuti))
10 SYSTEMPATH\CodeIgniter.php(340): CodeIgniter\CodeIgniter->handleRequest(null, Object(Config\Cache), false)
11 SYSTEMPATH\Boot.php(417): CodeIgniter\CodeIgniter->run()
12 SYSTEMPATH\Boot.php(68): CodeIgniter\Boot::runCodeIgniter(Object(CodeIgniter\CodeIgniter))
13 FCPATH\index.php(59): CodeIgniter\Boot::bootWeb(Object(Config\Paths))
CRITICAL - 2026-05-29 03:42:08 --> [Caused by] mysqli_sql_exception: Cannot add or update a child row: a foreign key constraint fails (`db_absensi`.`cuti`, CONSTRAINT `cuti_ibfk_1` FOREIGN KEY (`id_karyawan`) REFERENCES `karyawan` (`id`))
in SYSTEMPATH\Database\MySQLi\Connection.php on line 300.
 1 SYSTEMPATH\Database\MySQLi\Connection.php(300): mysqli->query('INSERT INTO `cuti` (`tanggal_mulai`, `tanggal_selesai`, `keterangan`, `status`) VALUES (\'2026-05-29\', \'2026-05-30\', \'Sakit\', \'pending\')', 0)
 2 SYSTEMPATH\Database\BaseConnection.php(910): CodeIgniter\Database\MySQLi\Connection->execute('INSERT INTO `cuti` (`tanggal_mulai`, `tanggal_selesai`, `keterangan`, `status`) VALUES (\'2026-05-29\', \'2026-05-30\', \'Sakit\', \'pending\')')
 3 SYSTEMPATH\Database\BaseConnection.php(827): CodeIgniter\Database\BaseConnection->simpleQuery('INSERT INTO `cuti` (`tanggal_mulai`, `tanggal_selesai`, `keterangan`, `status`) VALUES (\'2026-05-29\', \'2026-05-30\', \'Sakit\', \'pending\')')
 4 SYSTEMPATH\Database\BaseBuilder.php(2345): CodeIgniter\Database\BaseConnection->query('INSERT INTO `cuti` (`tanggal_mulai`, `tanggal_selesai`, `keterangan`, `status`) VALUES (:tanggal_mulai:, :tanggal_selesai:, :keterangan:, :status:)', [...], false)
 5 SYSTEMPATH\Model.php(355): CodeIgniter\Database\BaseBuilder->insert()
 6 SYSTEMPATH\BaseModel.php(899): CodeIgniter\Model->doInsert([...])
 7 SYSTEMPATH\Model.php(668): CodeIgniter\BaseModel->insert([...], true)
 8 APPPATH\Controllers\User\Cuti.php(49): CodeIgniter\Model->insert([...])
 9 SYSTEMPATH\CodeIgniter.php(951): App\Controllers\User\Cuti->store()
10 SYSTEMPATH\CodeIgniter.php(497): CodeIgniter\CodeIgniter->runController(Object(App\Controllers\User\Cuti))
11 SYSTEMPATH\CodeIgniter.php(340): CodeIgniter\CodeIgniter->handleRequest(null, Object(Config\Cache), false)
12 SYSTEMPATH\Boot.php(417): CodeIgniter\CodeIgniter->run()
13 SYSTEMPATH\Boot.php(68): CodeIgniter\Boot::runCodeIgniter(Object(CodeIgniter\CodeIgniter))
14 FCPATH\index.php(59): CodeIgniter\Boot::bootWeb(Object(Config\Paths))
ERROR - 2026-05-29 03:42:55 --> Cannot add or update a child row: a foreign key constraint fails (`db_absensi`.`cuti`, CONSTRAINT `cuti_ibfk_1` FOREIGN KEY (`id_karyawan`) REFERENCES `karyawan` (`id`))
in SYSTEMPATH\Database\MySQLi\Connection.php on line 300.
 1 SYSTEMPATH\Database\MySQLi\Connection.php(300): mysqli->query('INSERT INTO `cuti` (`tanggal_mulai`, `tanggal_selesai`, `keterangan`, `status`) VALUES (\'2026-05-29\', \'2026-05-30\', \'Sakit\', \'pending\')', 0)
 2 SYSTEMPATH\Database\BaseConnection.php(910): CodeIgniter\Database\MySQLi\Connection->execute('INSERT INTO `cuti` (`tanggal_mulai`, `tanggal_selesai`, `keterangan`, `status`) VALUES (\'2026-05-29\', \'2026-05-30\', \'Sakit\', \'pending\')')
 3 SYSTEMPATH\Database\BaseConnection.php(827): CodeIgniter\Database\BaseConnection->simpleQuery('INSERT INTO `cuti` (`tanggal_mulai`, `tanggal_selesai`, `keterangan`, `status`) VALUES (\'2026-05-29\', \'2026-05-30\', \'Sakit\', \'pending\')')
 4 SYSTEMPATH\Database\BaseBuilder.php(2345): CodeIgniter\Database\BaseConnection->query('INSERT INTO `cuti` (`tanggal_mulai`, `tanggal_selesai`, `keterangan`, `status`) VALUES (:tanggal_mulai:, :tanggal_selesai:, :keterangan:, :status:)', [...], false)
 5 SYSTEMPATH\Model.php(355): CodeIgniter\Database\BaseBuilder->insert()
 6 SYSTEMPATH\BaseModel.php(899): CodeIgniter\Model->doInsert([...])
 7 SYSTEMPATH\Model.php(668): CodeIgniter\BaseModel->insert([...], true)
 8 APPPATH\Controllers\User\Cuti.php(49): CodeIgniter\Model->insert([...])
 9 SYSTEMPATH\CodeIgniter.php(951): App\Controllers\User\Cuti->store()
10 SYSTEMPATH\CodeIgniter.php(497): CodeIgniter\CodeIgniter->runController(Object(App\Controllers\User\Cuti))
11 SYSTEMPATH\CodeIgniter.php(340): CodeIgniter\CodeIgniter->handleRequest(null, Object(Config\Cache), false)
12 SYSTEMPATH\Boot.php(417): CodeIgniter\CodeIgniter->run()
13 SYSTEMPATH\Boot.php(68): CodeIgniter\Boot::runCodeIgniter(Object(CodeIgniter\CodeIgniter))
14 FCPATH\index.php(59): CodeIgniter\Boot::bootWeb(Object(Config\Paths))
CRITICAL - 2026-05-29 03:42:55 --> CodeIgniter\Database\Exceptions\DatabaseException: Cannot add or update a child row: a foreign key constraint fails (`db_absensi`.`cuti`, CONSTRAINT `cuti_ibfk_1` FOREIGN KEY (`id_karyawan`) REFERENCES `karyawan` (`id`))
[Method: POST, Route: cuti/store]
in SYSTEMPATH\Database\BaseConnection.php on line 865.
 1 SYSTEMPATH\Database\BaseBuilder.php(2345): CodeIgniter\Database\BaseConnection->query('INSERT INTO `cuti` (`tanggal_mulai`, `tanggal_selesai`, `keterangan`, `status`) VALUES (:tanggal_mulai:, :tanggal_selesai:, :keterangan:, :status:)', [...], false)
 2 SYSTEMPATH\Model.php(355): CodeIgniter\Database\BaseBuilder->insert()
 3 SYSTEMPATH\BaseModel.php(899): CodeIgniter\Model->doInsert([...])
 4 SYSTEMPATH\Model.php(668): CodeIgniter\BaseModel->insert([...], true)
 5 APPPATH\Controllers\User\Cuti.php(49): CodeIgniter\Model->insert([...])
 6 SYSTEMPATH\CodeIgniter.php(951): App\Controllers\User\Cuti->store()
 7 SYSTEMPATH\CodeIgniter.php(497): CodeIgniter\CodeIgniter->runController(Object(App\Controllers\User\Cuti))
 8 SYSTEMPATH\CodeIgniter.php(340): CodeIgniter\CodeIgniter->handleRequest(null, Object(Config\Cache), false)
 9 SYSTEMPATH\Boot.php(417): CodeIgniter\CodeIgniter->run()
10 SYSTEMPATH\Boot.php(68): CodeIgniter\Boot::runCodeIgniter(Object(CodeIgniter\CodeIgniter))
11 FCPATH\index.php(59): CodeIgniter\Boot::bootWeb(Object(Config\Paths))
CRITICAL - 2026-05-29 03:42:55 --> [Caused by] CodeIgniter\Database\Exceptions\DatabaseException: Cannot add or update a child row: a foreign key constraint fails (`db_absensi`.`cuti`, CONSTRAINT `cuti_ibfk_1` FOREIGN KEY (`id_karyawan`) REFERENCES `karyawan` (`id`))
in SYSTEMPATH\Database\MySQLi\Connection.php on line 310.
 1 SYSTEMPATH\Database\BaseConnection.php(910): CodeIgniter\Database\MySQLi\Connection->execute('INSERT INTO `cuti` (`tanggal_mulai`, `tanggal_selesai`, `keterangan`, `status`) VALUES (\'2026-05-29\', \'2026-05-30\', \'Sakit\', \'pending\')')
 2 SYSTEMPATH\Database\BaseConnection.php(827): CodeIgniter\Database\BaseConnection->simpleQuery('INSERT INTO `cuti` (`tanggal_mulai`, `tanggal_selesai`, `keterangan`, `status`) VALUES (\'2026-05-29\', \'2026-05-30\', \'Sakit\', \'pending\')')
 3 SYSTEMPATH\Database\BaseBuilder.php(2345): CodeIgniter\Database\BaseConnection->query('INSERT INTO `cuti` (`tanggal_mulai`, `tanggal_selesai`, `keterangan`, `status`) VALUES (:tanggal_mulai:, :tanggal_selesai:, :keterangan:, :status:)', [...], false)
 4 SYSTEMPATH\Model.php(355): CodeIgniter\Database\BaseBuilder->insert()
 5 SYSTEMPATH\BaseModel.php(899): CodeIgniter\Model->doInsert([...])
 6 SYSTEMPATH\Model.php(668): CodeIgniter\BaseModel->insert([...], true)
 7 APPPATH\Controllers\User\Cuti.php(49): CodeIgniter\Model->insert([...])
 8 SYSTEMPATH\CodeIgniter.php(951): App\Controllers\User\Cuti->store()
 9 SYSTEMPATH\CodeIgniter.php(497): CodeIgniter\CodeIgniter->runController(Object(App\Controllers\User\Cuti))
10 SYSTEMPATH\CodeIgniter.php(340): CodeIgniter\CodeIgniter->handleRequest(null, Object(Config\Cache), false)
11 SYSTEMPATH\Boot.php(417): CodeIgniter\CodeIgniter->run()
12 SYSTEMPATH\Boot.php(68): CodeIgniter\Boot::runCodeIgniter(Object(CodeIgniter\CodeIgniter))
13 FCPATH\index.php(59): CodeIgniter\Boot::bootWeb(Object(Config\Paths))
CRITICAL - 2026-05-29 03:42:55 --> [Caused by] mysqli_sql_exception: Cannot add or update a child row: a foreign key constraint fails (`db_absensi`.`cuti`, CONSTRAINT `cuti_ibfk_1` FOREIGN KEY (`id_karyawan`) REFERENCES `karyawan` (`id`))
in SYSTEMPATH\Database\MySQLi\Connection.php on line 300.
 1 SYSTEMPATH\Database\MySQLi\Connection.php(300): mysqli->query('INSERT INTO `cuti` (`tanggal_mulai`, `tanggal_selesai`, `keterangan`, `status`) VALUES (\'2026-05-29\', \'2026-05-30\', \'Sakit\', \'pending\')', 0)
 2 SYSTEMPATH\Database\BaseConnection.php(910): CodeIgniter\Database\MySQLi\Connection->execute('INSERT INTO `cuti` (`tanggal_mulai`, `tanggal_selesai`, `keterangan`, `status`) VALUES (\'2026-05-29\', \'2026-05-30\', \'Sakit\', \'pending\')')
 3 SYSTEMPATH\Database\BaseConnection.php(827): CodeIgniter\Database\BaseConnection->simpleQuery('INSERT INTO `cuti` (`tanggal_mulai`, `tanggal_selesai`, `keterangan`, `status`) VALUES (\'2026-05-29\', \'2026-05-30\', \'Sakit\', \'pending\')')
 4 SYSTEMPATH\Database\BaseBuilder.php(2345): CodeIgniter\Database\BaseConnection->query('INSERT INTO `cuti` (`tanggal_mulai`, `tanggal_selesai`, `keterangan`, `status`) VALUES (:tanggal_mulai:, :tanggal_selesai:, :keterangan:, :status:)', [...], false)
 5 SYSTEMPATH\Model.php(355): CodeIgniter\Database\BaseBuilder->insert()
 6 SYSTEMPATH\BaseModel.php(899): CodeIgniter\Model->doInsert([...])
 7 SYSTEMPATH\Model.php(668): CodeIgniter\BaseModel->insert([...], true)
 8 APPPATH\Controllers\User\Cuti.php(49): CodeIgniter\Model->insert([...])
 9 SYSTEMPATH\CodeIgniter.php(951): App\Controllers\User\Cuti->store()
10 SYSTEMPATH\CodeIgniter.php(497): CodeIgniter\CodeIgniter->runController(Object(App\Controllers\User\Cuti))
11 SYSTEMPATH\CodeIgniter.php(340): CodeIgniter\CodeIgniter->handleRequest(null, Object(Config\Cache), false)
12 SYSTEMPATH\Boot.php(417): CodeIgniter\CodeIgniter->run()
13 SYSTEMPATH\Boot.php(68): CodeIgniter\Boot::runCodeIgniter(Object(CodeIgniter\CodeIgniter))
14 FCPATH\index.php(59): CodeIgniter\Boot::bootWeb(Object(Config\Paths))
ERROR - 2026-05-29 03:51:09 --> Cannot add or update a child row: a foreign key constraint fails (`db_absensi`.`cuti`, CONSTRAINT `cuti_ibfk_1` FOREIGN KEY (`id_karyawan`) REFERENCES `karyawan` (`id`))
in SYSTEMPATH\Database\MySQLi\Connection.php on line 300.
 1 SYSTEMPATH\Database\MySQLi\Connection.php(300): mysqli->query('INSERT INTO `cuti` (`tanggal_mulai`, `tanggal_selesai`, `keterangan`, `status`) VALUES (\'2026-05-29\', \'2026-05-30\', \'Sakit\', \'pending\')', 0)
 2 SYSTEMPATH\Database\BaseConnection.php(910): CodeIgniter\Database\MySQLi\Connection->execute('INSERT INTO `cuti` (`tanggal_mulai`, `tanggal_selesai`, `keterangan`, `status`) VALUES (\'2026-05-29\', \'2026-05-30\', \'Sakit\', \'pending\')')
 3 SYSTEMPATH\Database\BaseConnection.php(827): CodeIgniter\Database\BaseConnection->simpleQuery('INSERT INTO `cuti` (`tanggal_mulai`, `tanggal_selesai`, `keterangan`, `status`) VALUES (\'2026-05-29\', \'2026-05-30\', \'Sakit\', \'pending\')')
 4 SYSTEMPATH\Database\BaseBuilder.php(2345): CodeIgniter\Database\BaseConnection->query('INSERT INTO `cuti` (`tanggal_mulai`, `tanggal_selesai`, `keterangan`, `status`) VALUES (:tanggal_mulai:, :tanggal_selesai:, :keterangan:, :status:)', [...], false)
 5 SYSTEMPATH\Model.php(355): CodeIgniter\Database\BaseBuilder->insert()
 6 SYSTEMPATH\BaseModel.php(899): CodeIgniter\Model->doInsert([...])
 7 SYSTEMPATH\Model.php(668): CodeIgniter\BaseModel->insert([...], true)
 8 APPPATH\Controllers\User\Cuti.php(59): CodeIgniter\Model->insert([...])
 9 SYSTEMPATH\CodeIgniter.php(951): App\Controllers\User\Cuti->store()
10 SYSTEMPATH\CodeIgniter.php(497): CodeIgniter\CodeIgniter->runController(Object(App\Controllers\User\Cuti))
11 SYSTEMPATH\CodeIgniter.php(340): CodeIgniter\CodeIgniter->handleRequest(null, Object(Config\Cache), false)
12 SYSTEMPATH\Boot.php(417): CodeIgniter\CodeIgniter->run()
13 SYSTEMPATH\Boot.php(68): CodeIgniter\Boot::runCodeIgniter(Object(CodeIgniter\CodeIgniter))
14 FCPATH\index.php(59): CodeIgniter\Boot::bootWeb(Object(Config\Paths))
CRITICAL - 2026-05-29 03:51:09 --> CodeIgniter\Database\Exceptions\DatabaseException: Cannot add or update a child row: a foreign key constraint fails (`db_absensi`.`cuti`, CONSTRAINT `cuti_ibfk_1` FOREIGN KEY (`id_karyawan`) REFERENCES `karyawan` (`id`))
[Method: POST, Route: cuti/store]
in SYSTEMPATH\Database\BaseConnection.php on line 865.
 1 SYSTEMPATH\Database\BaseBuilder.php(2345): CodeIgniter\Database\BaseConnection->query('INSERT INTO `cuti` (`tanggal_mulai`, `tanggal_selesai`, `keterangan`, `status`) VALUES (:tanggal_mulai:, :tanggal_selesai:, :keterangan:, :status:)', [...], false)
 2 SYSTEMPATH\Model.php(355): CodeIgniter\Database\BaseBuilder->insert()
 3 SYSTEMPATH\BaseModel.php(899): CodeIgniter\Model->doInsert([...])
 4 SYSTEMPATH\Model.php(668): CodeIgniter\BaseModel->insert([...], true)
 5 APPPATH\Controllers\User\Cuti.php(59): CodeIgniter\Model->insert([...])
 6 SYSTEMPATH\CodeIgniter.php(951): App\Controllers\User\Cuti->store()
 7 SYSTEMPATH\CodeIgniter.php(497): CodeIgniter\CodeIgniter->runController(Object(App\Controllers\User\Cuti))
 8 SYSTEMPATH\CodeIgniter.php(340): CodeIgniter\CodeIgniter->handleRequest(null, Object(Config\Cache), false)
 9 SYSTEMPATH\Boot.php(417): CodeIgniter\CodeIgniter->run()
10 SYSTEMPATH\Boot.php(68): CodeIgniter\Boot::runCodeIgniter(Object(CodeIgniter\CodeIgniter))
11 FCPATH\index.php(59): CodeIgniter\Boot::bootWeb(Object(Config\Paths))
CRITICAL - 2026-05-29 03:51:09 --> [Caused by] CodeIgniter\Database\Exceptions\DatabaseException: Cannot add or update a child row: a foreign key constraint fails (`db_absensi`.`cuti`, CONSTRAINT `cuti_ibfk_1` FOREIGN KEY (`id_karyawan`) REFERENCES `karyawan` (`id`))
in SYSTEMPATH\Database\MySQLi\Connection.php on line 310.
 1 SYSTEMPATH\Database\BaseConnection.php(910): CodeIgniter\Database\MySQLi\Connection->execute('INSERT INTO `cuti` (`tanggal_mulai`, `tanggal_selesai`, `keterangan`, `status`) VALUES (\'2026-05-29\', \'2026-05-30\', \'Sakit\', \'pending\')')
 2 SYSTEMPATH\Database\BaseConnection.php(827): CodeIgniter\Database\BaseConnection->simpleQuery('INSERT INTO `cuti` (`tanggal_mulai`, `tanggal_selesai`, `keterangan`, `status`) VALUES (\'2026-05-29\', \'2026-05-30\', \'Sakit\', \'pending\')')
 3 SYSTEMPATH\Database\BaseBuilder.php(2345): CodeIgniter\Database\BaseConnection->query('INSERT INTO `cuti` (`tanggal_mulai`, `tanggal_selesai`, `keterangan`, `status`) VALUES (:tanggal_mulai:, :tanggal_selesai:, :keterangan:, :status:)', [...], false)
 4 SYSTEMPATH\Model.php(355): CodeIgniter\Database\BaseBuilder->insert()
 5 SYSTEMPATH\BaseModel.php(899): CodeIgniter\Model->doInsert([...])
 6 SYSTEMPATH\Model.php(668): CodeIgniter\BaseModel->insert([...], true)
 7 APPPATH\Controllers\User\Cuti.php(59): CodeIgniter\Model->insert([...])
 8 SYSTEMPATH\CodeIgniter.php(951): App\Controllers\User\Cuti->store()
 9 SYSTEMPATH\CodeIgniter.php(497): CodeIgniter\CodeIgniter->runController(Object(App\Controllers\User\Cuti))
10 SYSTEMPATH\CodeIgniter.php(340): CodeIgniter\CodeIgniter->handleRequest(null, Object(Config\Cache), false)
11 SYSTEMPATH\Boot.php(417): CodeIgniter\CodeIgniter->run()
12 SYSTEMPATH\Boot.php(68): CodeIgniter\Boot::runCodeIgniter(Object(CodeIgniter\CodeIgniter))
13 FCPATH\index.php(59): CodeIgniter\Boot::bootWeb(Object(Config\Paths))
CRITICAL - 2026-05-29 03:51:09 --> [Caused by] mysqli_sql_exception: Cannot add or update a child row: a foreign key constraint fails (`db_absensi`.`cuti`, CONSTRAINT `cuti_ibfk_1` FOREIGN KEY (`id_karyawan`) REFERENCES `karyawan` (`id`))
in SYSTEMPATH\Database\MySQLi\Connection.php on line 300.
 1 SYSTEMPATH\Database\MySQLi\Connection.php(300): mysqli->query('INSERT INTO `cuti` (`tanggal_mulai`, `tanggal_selesai`, `keterangan`, `status`) VALUES (\'2026-05-29\', \'2026-05-30\', \'Sakit\', \'pending\')', 0)
 2 SYSTEMPATH\Database\BaseConnection.php(910): CodeIgniter\Database\MySQLi\Connection->execute('INSERT INTO `cuti` (`tanggal_mulai`, `tanggal_selesai`, `keterangan`, `status`) VALUES (\'2026-05-29\', \'2026-05-30\', \'Sakit\', \'pending\')')
 3 SYSTEMPATH\Database\BaseConnection.php(827): CodeIgniter\Database\BaseConnection->simpleQuery('INSERT INTO `cuti` (`tanggal_mulai`, `tanggal_selesai`, `keterangan`, `status`) VALUES (\'2026-05-29\', \'2026-05-30\', \'Sakit\', \'pending\')')
 4 SYSTEMPATH\Database\BaseBuilder.php(2345): CodeIgniter\Database\BaseConnection->query('INSERT INTO `cuti` (`tanggal_mulai`, `tanggal_selesai`, `keterangan`, `status`) VALUES (:tanggal_mulai:, :tanggal_selesai:, :keterangan:, :status:)', [...], false)
 5 SYSTEMPATH\Model.php(355): CodeIgniter\Database\BaseBuilder->insert()
 6 SYSTEMPATH\BaseModel.php(899): CodeIgniter\Model->doInsert([...])
 7 SYSTEMPATH\Model.php(668): CodeIgniter\BaseModel->insert([...], true)
 8 APPPATH\Controllers\User\Cuti.php(59): CodeIgniter\Model->insert([...])
 9 SYSTEMPATH\CodeIgniter.php(951): App\Controllers\User\Cuti->store()
10 SYSTEMPATH\CodeIgniter.php(497): CodeIgniter\CodeIgniter->runController(Object(App\Controllers\User\Cuti))
11 SYSTEMPATH\CodeIgniter.php(340): CodeIgniter\CodeIgniter->handleRequest(null, Object(Config\Cache), false)
12 SYSTEMPATH\Boot.php(417): CodeIgniter\CodeIgniter->run()
13 SYSTEMPATH\Boot.php(68): CodeIgniter\Boot::runCodeIgniter(Object(CodeIgniter\CodeIgniter))
14 FCPATH\index.php(59): CodeIgniter\Boot::bootWeb(Object(Config\Paths))
CRITICAL - 2026-05-29 04:11:26 --> ErrorException: Undefined array key "nama_karyawan"
[Method: GET, Route: admin/cuti]
in APPPATH\Views\admin\cuti.php on line 39.
 1 APPPATH\Views\admin\cuti.php(39): CodeIgniter\Debug\Exceptions->errorHandler(2, 'Undefined array key "nama_karyawan"', 'C:\\xampp\\htdocs\\absensi\\app\\Views\\admin\\cuti.php', 39)
 2 SYSTEMPATH\View\View.php(240): include('C:\\xampp\\htdocs\\absensi\\app\\Views\\admin\\cuti.php')
 3 SYSTEMPATH\View\View.php(243): CodeIgniter\View\View->CodeIgniter\View\{closure}()
 4 SYSTEMPATH\Common.php(1250): CodeIgniter\View\View->render('admin/cuti', [], true)
 5 APPPATH\Controllers\Admin\Cuti.php(16): view('admin/cuti', [...])
 6 SYSTEMPATH\CodeIgniter.php(951): App\Controllers\Admin\Cuti->index()
 7 SYSTEMPATH\CodeIgniter.php(497): CodeIgniter\CodeIgniter->runController(Object(App\Controllers\Admin\Cuti))
 8 SYSTEMPATH\CodeIgniter.php(340): CodeIgniter\CodeIgniter->handleRequest(null, Object(Config\Cache), false)
 9 SYSTEMPATH\Boot.php(417): CodeIgniter\CodeIgniter->run()
10 SYSTEMPATH\Boot.php(68): CodeIgniter\Boot::runCodeIgniter(Object(CodeIgniter\CodeIgniter))
11 FCPATH\index.php(59): CodeIgniter\Boot::bootWeb(Object(Config\Paths))
CRITICAL - 2026-05-29 04:56:03 --> ParseError: syntax error, unexpected token "<", expecting end of file
[Method: POST, Route: karyawan/store]
in APPPATH\Models\KaryawanModel.php on line 18.
 1 SYSTEMPATH\Autoloader\Autoloader.php(295): CodeIgniter\Autoloader\Autoloader->includeFile('C:\\xampp\\htdocs\\absensi\\app\\Models\\KaryawanModel.php')
 2 SYSTEMPATH\Autoloader\Autoloader.php(271): CodeIgniter\Autoloader\Autoloader->loadInNamespace('App\\Models\\KaryawanModel')
 3 APPPATH\Controllers\Karyawan.php(30): CodeIgniter\Autoloader\Autoloader->loadClass('App\\Models\\KaryawanModel')
 4 SYSTEMPATH\CodeIgniter.php(951): App\Controllers\Karyawan->store()
 5 SYSTEMPATH\CodeIgniter.php(497): CodeIgniter\CodeIgniter->runController(Object(App\Controllers\Karyawan))
 6 SYSTEMPATH\CodeIgniter.php(340): CodeIgniter\CodeIgniter->handleRequest(null, Object(Config\Cache), false)
 7 SYSTEMPATH\Boot.php(417): CodeIgniter\CodeIgniter->run()
 8 SYSTEMPATH\Boot.php(68): CodeIgniter\Boot::runCodeIgniter(Object(CodeIgniter\CodeIgniter))
 9 FCPATH\index.php(59): CodeIgniter\Boot::bootWeb(Object(Config\Paths))
CRITICAL - 2026-05-29 04:56:23 --> ParseError: syntax error, unexpected token "<", expecting end of file
[Method: GET, Route: admin/dashboard]
in APPPATH\Models\KaryawanModel.php on line 18.
 1 SYSTEMPATH\Autoloader\Autoloader.php(295): CodeIgniter\Autoloader\Autoloader->includeFile('C:\\xampp\\htdocs\\absensi\\app\\Models\\KaryawanModel.php')
 2 SYSTEMPATH\Autoloader\Autoloader.php(271): CodeIgniter\Autoloader\Autoloader->loadInNamespace('App\\Models\\KaryawanModel')
 3 APPPATH\Controllers\Dashboard.php(18): CodeIgniter\Autoloader\Autoloader->loadClass('App\\Models\\KaryawanModel')
 4 SYSTEMPATH\CodeIgniter.php(951): App\Controllers\Dashboard->index()
 5 SYSTEMPATH\CodeIgniter.php(497): CodeIgniter\CodeIgniter->runController(Object(App\Controllers\Dashboard))
 6 SYSTEMPATH\CodeIgniter.php(340): CodeIgniter\CodeIgniter->handleRequest(null, Object(Config\Cache), false)
 7 SYSTEMPATH\Boot.php(417): CodeIgniter\CodeIgniter->run()
 8 SYSTEMPATH\Boot.php(68): CodeIgniter\Boot::runCodeIgniter(Object(CodeIgniter\CodeIgniter))
 9 FCPATH\index.php(59): CodeIgniter\Boot::bootWeb(Object(Config\Paths))
CRITICAL - 2026-05-29 04:56:39 --> ParseError: syntax error, unexpected token "<", expecting end of file
[Method: GET, Route: admin/dashboard]
in APPPATH\Models\KaryawanModel.php on line 18.
 1 SYSTEMPATH\Autoloader\Autoloader.php(295): CodeIgniter\Autoloader\Autoloader->includeFile('C:\\xampp\\htdocs\\absensi\\app\\Models\\KaryawanModel.php')
 2 SYSTEMPATH\Autoloader\Autoloader.php(271): CodeIgniter\Autoloader\Autoloader->loadInNamespace('App\\Models\\KaryawanModel')
 3 APPPATH\Controllers\Dashboard.php(18): CodeIgniter\Autoloader\Autoloader->loadClass('App\\Models\\KaryawanModel')
 4 SYSTEMPATH\CodeIgniter.php(951): App\Controllers\Dashboard->index()
 5 SYSTEMPATH\CodeIgniter.php(497): CodeIgniter\CodeIgniter->runController(Object(App\Controllers\Dashboard))
 6 SYSTEMPATH\CodeIgniter.php(340): CodeIgniter\CodeIgniter->handleRequest(null, Object(Config\Cache), false)
 7 SYSTEMPATH\Boot.php(417): CodeIgniter\CodeIgniter->run()
 8 SYSTEMPATH\Boot.php(68): CodeIgniter\Boot::runCodeIgniter(Object(CodeIgniter\CodeIgniter))
 9 FCPATH\index.php(59): CodeIgniter\Boot::bootWeb(Object(Config\Paths))
CRITICAL - 2026-05-29 06:44:22 --> ErrorException: Undefined array key "nama_karyawan"
[Method: GET, Route: admin/cuti]
in APPPATH\Views\admin\cuti.php on line 39.
 1 APPPATH\Views\admin\cuti.php(39): CodeIgniter\Debug\Exceptions->errorHandler(2, 'Undefined array key "nama_karyawan"', 'C:\\xampp\\htdocs\\absensi\\app\\Views\\admin\\cuti.php', 39)
 2 SYSTEMPATH\View\View.php(240): include('C:\\xampp\\htdocs\\absensi\\app\\Views\\admin\\cuti.php')
 3 SYSTEMPATH\View\View.php(243): CodeIgniter\View\View->CodeIgniter\View\{closure}()
 4 SYSTEMPATH\Common.php(1250): CodeIgniter\View\View->render('admin/cuti', [], true)
 5 APPPATH\Controllers\Admin\Cuti.php(16): view('admin/cuti', [...])
 6 SYSTEMPATH\CodeIgniter.php(951): App\Controllers\Admin\Cuti->index()
 7 SYSTEMPATH\CodeIgniter.php(497): CodeIgniter\CodeIgniter->runController(Object(App\Controllers\Admin\Cuti))
 8 SYSTEMPATH\CodeIgniter.php(340): CodeIgniter\CodeIgniter->handleRequest(null, Object(Config\Cache), false)
 9 SYSTEMPATH\Boot.php(417): CodeIgniter\CodeIgniter->run()
10 SYSTEMPATH\Boot.php(68): CodeIgniter\Boot::runCodeIgniter(Object(CodeIgniter\CodeIgniter))
11 FCPATH\index.php(59): CodeIgniter\Boot::bootWeb(Object(Config\Paths))
CRITICAL - 2026-05-29 08:02:13 --> ErrorException: Undefined array key "id_karyawan"
[Method: GET, Route: dashboard]
in APPPATH\Controllers\Dashboard.php on line 79.
 1 APPPATH\Controllers\Dashboard.php(79): CodeIgniter\Debug\Exceptions->errorHandler(2, 'Undefined array key "id_karyawan"', 'C:\\xampp\\htdocs\\absensi\\app\\Controllers\\Dashboard.php', 79)
 2 SYSTEMPATH\CodeIgniter.php(951): App\Controllers\Dashboard->index()
 3 SYSTEMPATH\CodeIgniter.php(497): CodeIgniter\CodeIgniter->runController(Object(App\Controllers\Dashboard))
 4 SYSTEMPATH\CodeIgniter.php(340): CodeIgniter\CodeIgniter->handleRequest(null, Object(Config\Cache), false)
 5 SYSTEMPATH\Boot.php(417): CodeIgniter\CodeIgniter->run()
 6 SYSTEMPATH\Boot.php(68): CodeIgniter\Boot::runCodeIgniter(Object(CodeIgniter\CodeIgniter))
 7 FCPATH\index.php(59): CodeIgniter\Boot::bootWeb(Object(Config\Paths))
CRITICAL - 2026-05-29 08:02:13 --> ErrorException: Undefined array key "id_karyawan"
[Method: GET, Route: dashboard]
in APPPATH\Controllers\Dashboard.php on line 79.
 1 APPPATH\Controllers\Dashboard.php(79): CodeIgniter\Debug\Exceptions->errorHandler(2, 'Undefined array key "id_karyawan"', 'C:\\xampp\\htdocs\\absensi\\app\\Controllers\\Dashboard.php', 79)
 2 SYSTEMPATH\CodeIgniter.php(951): App\Controllers\Dashboard->index()
 3 SYSTEMPATH\CodeIgniter.php(497): CodeIgniter\CodeIgniter->runController(Object(App\Controllers\Dashboard))
 4 SYSTEMPATH\CodeIgniter.php(340): CodeIgniter\CodeIgniter->handleRequest(null, Object(Config\Cache), false)
 5 SYSTEMPATH\Boot.php(417): CodeIgniter\CodeIgniter->run()
 6 SYSTEMPATH\Boot.php(68): CodeIgniter\Boot::runCodeIgniter(Object(CodeIgniter\CodeIgniter))
 7 FCPATH\index.php(59): CodeIgniter\Boot::bootWeb(Object(Config\Paths))
CRITICAL - 2026-05-29 08:02:14 --> ErrorException: Undefined array key "id_karyawan"
[Method: GET, Route: dashboard]
in APPPATH\Controllers\Dashboard.php on line 79.
 1 APPPATH\Controllers\Dashboard.php(79): CodeIgniter\Debug\Exceptions->errorHandler(2, 'Undefined array key "id_karyawan"', 'C:\\xampp\\htdocs\\absensi\\app\\Controllers\\Dashboard.php', 79)
 2 SYSTEMPATH\CodeIgniter.php(951): App\Controllers\Dashboard->index()
 3 SYSTEMPATH\CodeIgniter.php(497): CodeIgniter\CodeIgniter->runController(Object(App\Controllers\Dashboard))
 4 SYSTEMPATH\CodeIgniter.php(340): CodeIgniter\CodeIgniter->handleRequest(null, Object(Config\Cache), false)
 5 SYSTEMPATH\Boot.php(417): CodeIgniter\CodeIgniter->run()
 6 SYSTEMPATH\Boot.php(68): CodeIgniter\Boot::runCodeIgniter(Object(CodeIgniter\CodeIgniter))
 7 FCPATH\index.php(59): CodeIgniter\Boot::bootWeb(Object(Config\Paths))
CRITICAL - 2026-05-29 08:02:14 --> ErrorException: Undefined array key "id_karyawan"
[Method: GET, Route: dashboard]
in APPPATH\Controllers\Dashboard.php on line 79.
 1 APPPATH\Controllers\Dashboard.php(79): CodeIgniter\Debug\Exceptions->errorHandler(2, 'Undefined array key "id_karyawan"', 'C:\\xampp\\htdocs\\absensi\\app\\Controllers\\Dashboard.php', 79)
 2 SYSTEMPATH\CodeIgniter.php(951): App\Controllers\Dashboard->index()
 3 SYSTEMPATH\CodeIgniter.php(497): CodeIgniter\CodeIgniter->runController(Object(App\Controllers\Dashboard))
 4 SYSTEMPATH\CodeIgniter.php(340): CodeIgniter\CodeIgniter->handleRequest(null, Object(Config\Cache), false)
 5 SYSTEMPATH\Boot.php(417): CodeIgniter\CodeIgniter->run()
 6 SYSTEMPATH\Boot.php(68): CodeIgniter\Boot::runCodeIgniter(Object(CodeIgniter\CodeIgniter))
 7 FCPATH\index.php(59): CodeIgniter\Boot::bootWeb(Object(Config\Paths))
CRITICAL - 2026-05-29 08:02:14 --> ErrorException: Undefined array key "id_karyawan"
[Method: GET, Route: dashboard]
in APPPATH\Controllers\Dashboard.php on line 79.
 1 APPPATH\Controllers\Dashboard.php(79): CodeIgniter\Debug\Exceptions->errorHandler(2, 'Undefined array key "id_karyawan"', 'C:\\xampp\\htdocs\\absensi\\app\\Controllers\\Dashboard.php', 79)
 2 SYSTEMPATH\CodeIgniter.php(951): App\Controllers\Dashboard->index()
 3 SYSTEMPATH\CodeIgniter.php(497): CodeIgniter\CodeIgniter->runController(Object(App\Controllers\Dashboard))
 4 SYSTEMPATH\CodeIgniter.php(340): CodeIgniter\CodeIgniter->handleRequest(null, Object(Config\Cache), false)
 5 SYSTEMPATH\Boot.php(417): CodeIgniter\CodeIgniter->run()
 6 SYSTEMPATH\Boot.php(68): CodeIgniter\Boot::runCodeIgniter(Object(CodeIgniter\CodeIgniter))
 7 FCPATH\index.php(59): CodeIgniter\Boot::bootWeb(Object(Config\Paths))
CRITICAL - 2026-05-29 08:02:25 --> ErrorException: Undefined array key "id_karyawan"
[Method: GET, Route: dashboard]
in APPPATH\Controllers\Dashboard.php on line 79.
 1 APPPATH\Controllers\Dashboard.php(79): CodeIgniter\Debug\Exceptions->errorHandler(2, 'Undefined array key "id_karyawan"', 'C:\\xampp\\htdocs\\absensi\\app\\Controllers\\Dashboard.php', 79)
 2 SYSTEMPATH\CodeIgniter.php(951): App\Controllers\Dashboard->index()
 3 SYSTEMPATH\CodeIgniter.php(497): CodeIgniter\CodeIgniter->runController(Object(App\Controllers\Dashboard))
 4 SYSTEMPATH\CodeIgniter.php(340): CodeIgniter\CodeIgniter->handleRequest(null, Object(Config\Cache), false)
 5 SYSTEMPATH\Boot.php(417): CodeIgniter\CodeIgniter->run()
 6 SYSTEMPATH\Boot.php(68): CodeIgniter\Boot::runCodeIgniter(Object(CodeIgniter\CodeIgniter))
 7 FCPATH\index.php(59): CodeIgniter\Boot::bootWeb(Object(Config\Paths))
ERROR - 2026-05-29 08:09:02 --> Cannot delete or update a parent row: a foreign key constraint fails (`db_absensi`.`absensi`, CONSTRAINT `fk_absensi_karyawan` FOREIGN KEY (`id_karyawan`) REFERENCES `karyawan` (`id`))
in SYSTEMPATH\Database\MySQLi\Connection.php on line 300.
 1 SYSTEMPATH\Database\MySQLi\Connection.php(300): mysqli->query('DELETE FROM `karyawan`
WHERE `id` IN (\'8\')', 0)
 2 SYSTEMPATH\Database\BaseConnection.php(910): CodeIgniter\Database\MySQLi\Connection->execute('DELETE FROM `karyawan`
WHERE `id` IN (\'8\')')
 3 SYSTEMPATH\Database\BaseConnection.php(827): CodeIgniter\Database\BaseConnection->simpleQuery('DELETE FROM `karyawan`
WHERE `id` IN (\'8\')')
 4 SYSTEMPATH\Database\BaseBuilder.php(2848): CodeIgniter\Database\BaseConnection->query('DELETE FROM `karyawan`
WHERE `id` IN :id:', [...], false)
 5 SYSTEMPATH\Model.php(441): CodeIgniter\Database\BaseBuilder->delete()
 6 SYSTEMPATH\BaseModel.php(1207): CodeIgniter\Model->doDelete([...], false)
 7 APPPATH\Controllers\Karyawan.php(125): CodeIgniter\BaseModel->delete([...])
 8 SYSTEMPATH\CodeIgniter.php(951): App\Controllers\Karyawan->delete('8')
 9 SYSTEMPATH\CodeIgniter.php(497): CodeIgniter\CodeIgniter->runController(Object(App\Controllers\Karyawan))
10 SYSTEMPATH\CodeIgniter.php(340): CodeIgniter\CodeIgniter->handleRequest(null, Object(Config\Cache), false)
11 SYSTEMPATH\Boot.php(417): CodeIgniter\CodeIgniter->run()
12 SYSTEMPATH\Boot.php(68): CodeIgniter\Boot::runCodeIgniter(Object(CodeIgniter\CodeIgniter))
13 FCPATH\index.php(59): CodeIgniter\Boot::bootWeb(Object(Config\Paths))
CRITICAL - 2026-05-29 08:09:02 --> CodeIgniter\Database\Exceptions\DatabaseException: Cannot delete or update a parent row: a foreign key constraint fails (`db_absensi`.`absensi`, CONSTRAINT `fk_absensi_karyawan` FOREIGN KEY (`id_karyawan`) REFERENCES `karyawan` (`id`))
[Method: GET, Route: karyawan/delete/8]
in SYSTEMPATH\Database\BaseConnection.php on line 865.
 1 SYSTEMPATH\Database\BaseBuilder.php(2848): CodeIgniter\Database\BaseConnection->query('DELETE FROM `karyawan`
WHERE `id` IN :id:', [...], false)
 2 SYSTEMPATH\Model.php(441): CodeIgniter\Database\BaseBuilder->delete()
 3 SYSTEMPATH\BaseModel.php(1207): CodeIgniter\Model->doDelete([...], false)
 4 APPPATH\Controllers\Karyawan.php(125): CodeIgniter\BaseModel->delete([...])
 5 SYSTEMPATH\CodeIgniter.php(951): App\Controllers\Karyawan->delete('8')
 6 SYSTEMPATH\CodeIgniter.php(497): CodeIgniter\CodeIgniter->runController(Object(App\Controllers\Karyawan))
 7 SYSTEMPATH\CodeIgniter.php(340): CodeIgniter\CodeIgniter->handleRequest(null, Object(Config\Cache), false)
 8 SYSTEMPATH\Boot.php(417): CodeIgniter\CodeIgniter->run()
 9 SYSTEMPATH\Boot.php(68): CodeIgniter\Boot::runCodeIgniter(Object(CodeIgniter\CodeIgniter))
10 FCPATH\index.php(59): CodeIgniter\Boot::bootWeb(Object(Config\Paths))
CRITICAL - 2026-05-29 08:09:02 --> [Caused by] CodeIgniter\Database\Exceptions\DatabaseException: Cannot delete or update a parent row: a foreign key constraint fails (`db_absensi`.`absensi`, CONSTRAINT `fk_absensi_karyawan` FOREIGN KEY (`id_karyawan`) REFERENCES `karyawan` (`id`))
in SYSTEMPATH\Database\MySQLi\Connection.php on line 310.
 1 SYSTEMPATH\Database\BaseConnection.php(910): CodeIgniter\Database\MySQLi\Connection->execute('DELETE FROM `karyawan`
WHERE `id` IN (\'8\')')
 2 SYSTEMPATH\Database\BaseConnection.php(827): CodeIgniter\Database\BaseConnection->simpleQuery('DELETE FROM `karyawan`
WHERE `id` IN (\'8\')')
 3 SYSTEMPATH\Database\BaseBuilder.php(2848): CodeIgniter\Database\BaseConnection->query('DELETE FROM `karyawan`
WHERE `id` IN :id:', [...], false)
 4 SYSTEMPATH\Model.php(441): CodeIgniter\Database\BaseBuilder->delete()
 5 SYSTEMPATH\BaseModel.php(1207): CodeIgniter\Model->doDelete([...], false)
 6 APPPATH\Controllers\Karyawan.php(125): CodeIgniter\BaseModel->delete([...])
 7 SYSTEMPATH\CodeIgniter.php(951): App\Controllers\Karyawan->delete('8')
 8 SYSTEMPATH\CodeIgniter.php(497): CodeIgniter\CodeIgniter->runController(Object(App\Controllers\Karyawan))
 9 SYSTEMPATH\CodeIgniter.php(340): CodeIgniter\CodeIgniter->handleRequest(null, Object(Config\Cache), false)
10 SYSTEMPATH\Boot.php(417): CodeIgniter\CodeIgniter->run()
11 SYSTEMPATH\Boot.php(68): CodeIgniter\Boot::runCodeIgniter(Object(CodeIgniter\CodeIgniter))
12 FCPATH\index.php(59): CodeIgniter\Boot::bootWeb(Object(Config\Paths))
CRITICAL - 2026-05-29 08:09:02 --> [Caused by] mysqli_sql_exception: Cannot delete or update a parent row: a foreign key constraint fails (`db_absensi`.`absensi`, CONSTRAINT `fk_absensi_karyawan` FOREIGN KEY (`id_karyawan`) REFERENCES `karyawan` (`id`))
in SYSTEMPATH\Database\MySQLi\Connection.php on line 300.
 1 SYSTEMPATH\Database\MySQLi\Connection.php(300): mysqli->query('DELETE FROM `karyawan`
WHERE `id` IN (\'8\')', 0)
 2 SYSTEMPATH\Database\BaseConnection.php(910): CodeIgniter\Database\MySQLi\Connection->execute('DELETE FROM `karyawan`
WHERE `id` IN (\'8\')')
 3 SYSTEMPATH\Database\BaseConnection.php(827): CodeIgniter\Database\BaseConnection->simpleQuery('DELETE FROM `karyawan`
WHERE `id` IN (\'8\')')
 4 SYSTEMPATH\Database\BaseBuilder.php(2848): CodeIgniter\Database\BaseConnection->query('DELETE FROM `karyawan`
WHERE `id` IN :id:', [...], false)
 5 SYSTEMPATH\Model.php(441): CodeIgniter\Database\BaseBuilder->delete()
 6 SYSTEMPATH\BaseModel.php(1207): CodeIgniter\Model->doDelete([...], false)
 7 APPPATH\Controllers\Karyawan.php(125): CodeIgniter\BaseModel->delete([...])
 8 SYSTEMPATH\CodeIgniter.php(951): App\Controllers\Karyawan->delete('8')
 9 SYSTEMPATH\CodeIgniter.php(497): CodeIgniter\CodeIgniter->runController(Object(App\Controllers\Karyawan))
10 SYSTEMPATH\CodeIgniter.php(340): CodeIgniter\CodeIgniter->handleRequest(null, Object(Config\Cache), false)
11 SYSTEMPATH\Boot.php(417): CodeIgniter\CodeIgniter->run()
12 SYSTEMPATH\Boot.php(68): CodeIgniter\Boot::runCodeIgniter(Object(CodeIgniter\CodeIgniter))
13 FCPATH\index.php(59): CodeIgniter\Boot::bootWeb(Object(Config\Paths))
ERROR - 2026-05-29 08:09:37 --> Cannot delete or update a parent row: a foreign key constraint fails (`db_absensi`.`absensi`, CONSTRAINT `fk_absensi_karyawan` FOREIGN KEY (`id_karyawan`) REFERENCES `karyawan` (`id`))
in SYSTEMPATH\Database\MySQLi\Connection.php on line 300.
 1 SYSTEMPATH\Database\MySQLi\Connection.php(300): mysqli->query('DELETE FROM `karyawan`
WHERE `id` IN (\'8\')', 0)
 2 SYSTEMPATH\Database\BaseConnection.php(910): CodeIgniter\Database\MySQLi\Connection->execute('DELETE FROM `karyawan`
WHERE `id` IN (\'8\')')
 3 SYSTEMPATH\Database\BaseConnection.php(827): CodeIgniter\Database\BaseConnection->simpleQuery('DELETE FROM `karyawan`
WHERE `id` IN (\'8\')')
 4 SYSTEMPATH\Database\BaseBuilder.php(2848): CodeIgniter\Database\BaseConnection->query('DELETE FROM `karyawan`
WHERE `id` IN :id:', [...], false)
 5 SYSTEMPATH\Model.php(441): CodeIgniter\Database\BaseBuilder->delete()
 6 SYSTEMPATH\BaseModel.php(1207): CodeIgniter\Model->doDelete([...], false)
 7 APPPATH\Controllers\Karyawan.php(125): CodeIgniter\BaseModel->delete([...])
 8 SYSTEMPATH\CodeIgniter.php(951): App\Controllers\Karyawan->delete('8')
 9 SYSTEMPATH\CodeIgniter.php(497): CodeIgniter\CodeIgniter->runController(Object(App\Controllers\Karyawan))
10 SYSTEMPATH\CodeIgniter.php(340): CodeIgniter\CodeIgniter->handleRequest(null, Object(Config\Cache), false)
11 SYSTEMPATH\Boot.php(417): CodeIgniter\CodeIgniter->run()
12 SYSTEMPATH\Boot.php(68): CodeIgniter\Boot::runCodeIgniter(Object(CodeIgniter\CodeIgniter))
13 FCPATH\index.php(59): CodeIgniter\Boot::bootWeb(Object(Config\Paths))
CRITICAL - 2026-05-29 08:09:37 --> CodeIgniter\Database\Exceptions\DatabaseException: Cannot delete or update a parent row: a foreign key constraint fails (`db_absensi`.`absensi`, CONSTRAINT `fk_absensi_karyawan` FOREIGN KEY (`id_karyawan`) REFERENCES `karyawan` (`id`))
[Method: GET, Route: karyawan/delete/8]
in SYSTEMPATH\Database\BaseConnection.php on line 865.
 1 SYSTEMPATH\Database\BaseBuilder.php(2848): CodeIgniter\Database\BaseConnection->query('DELETE FROM `karyawan`
WHERE `id` IN :id:', [...], false)
 2 SYSTEMPATH\Model.php(441): CodeIgniter\Database\BaseBuilder->delete()
 3 SYSTEMPATH\BaseModel.php(1207): CodeIgniter\Model->doDelete([...], false)
 4 APPPATH\Controllers\Karyawan.php(125): CodeIgniter\BaseModel->delete([...])
 5 SYSTEMPATH\CodeIgniter.php(951): App\Controllers\Karyawan->delete('8')
 6 SYSTEMPATH\CodeIgniter.php(497): CodeIgniter\CodeIgniter->runController(Object(App\Controllers\Karyawan))
 7 SYSTEMPATH\CodeIgniter.php(340): CodeIgniter\CodeIgniter->handleRequest(null, Object(Config\Cache), false)
 8 SYSTEMPATH\Boot.php(417): CodeIgniter\CodeIgniter->run()
 9 SYSTEMPATH\Boot.php(68): CodeIgniter\Boot::runCodeIgniter(Object(CodeIgniter\CodeIgniter))
10 FCPATH\index.php(59): CodeIgniter\Boot::bootWeb(Object(Config\Paths))
CRITICAL - 2026-05-29 08:09:37 --> [Caused by] CodeIgniter\Database\Exceptions\DatabaseException: Cannot delete or update a parent row: a foreign key constraint fails (`db_absensi`.`absensi`, CONSTRAINT `fk_absensi_karyawan` FOREIGN KEY (`id_karyawan`) REFERENCES `karyawan` (`id`))
in SYSTEMPATH\Database\MySQLi\Connection.php on line 310.
 1 SYSTEMPATH\Database\BaseConnection.php(910): CodeIgniter\Database\MySQLi\Connection->execute('DELETE FROM `karyawan`
WHERE `id` IN (\'8\')')
 2 SYSTEMPATH\Database\BaseConnection.php(827): CodeIgniter\Database\BaseConnection->simpleQuery('DELETE FROM `karyawan`
WHERE `id` IN (\'8\')')
 3 SYSTEMPATH\Database\BaseBuilder.php(2848): CodeIgniter\Database\BaseConnection->query('DELETE FROM `karyawan`
WHERE `id` IN :id:', [...], false)
 4 SYSTEMPATH\Model.php(441): CodeIgniter\Database\BaseBuilder->delete()
 5 SYSTEMPATH\BaseModel.php(1207): CodeIgniter\Model->doDelete([...], false)
 6 APPPATH\Controllers\Karyawan.php(125): CodeIgniter\BaseModel->delete([...])
 7 SYSTEMPATH\CodeIgniter.php(951): App\Controllers\Karyawan->delete('8')
 8 SYSTEMPATH\CodeIgniter.php(497): CodeIgniter\CodeIgniter->runController(Object(App\Controllers\Karyawan))
 9 SYSTEMPATH\CodeIgniter.php(340): CodeIgniter\CodeIgniter->handleRequest(null, Object(Config\Cache), false)
10 SYSTEMPATH\Boot.php(417): CodeIgniter\CodeIgniter->run()
11 SYSTEMPATH\Boot.php(68): CodeIgniter\Boot::runCodeIgniter(Object(CodeIgniter\CodeIgniter))
12 FCPATH\index.php(59): CodeIgniter\Boot::bootWeb(Object(Config\Paths))
CRITICAL - 2026-05-29 08:09:37 --> [Caused by] mysqli_sql_exception: Cannot delete or update a parent row: a foreign key constraint fails (`db_absensi`.`absensi`, CONSTRAINT `fk_absensi_karyawan` FOREIGN KEY (`id_karyawan`) REFERENCES `karyawan` (`id`))
in SYSTEMPATH\Database\MySQLi\Connection.php on line 300.
 1 SYSTEMPATH\Database\MySQLi\Connection.php(300): mysqli->query('DELETE FROM `karyawan`
WHERE `id` IN (\'8\')', 0)
 2 SYSTEMPATH\Database\BaseConnection.php(910): CodeIgniter\Database\MySQLi\Connection->execute('DELETE FROM `karyawan`
WHERE `id` IN (\'8\')')
 3 SYSTEMPATH\Database\BaseConnection.php(827): CodeIgniter\Database\BaseConnection->simpleQuery('DELETE FROM `karyawan`
WHERE `id` IN (\'8\')')
 4 SYSTEMPATH\Database\BaseBuilder.php(2848): CodeIgniter\Database\BaseConnection->query('DELETE FROM `karyawan`
WHERE `id` IN :id:', [...], false)
 5 SYSTEMPATH\Model.php(441): CodeIgniter\Database\BaseBuilder->delete()
 6 SYSTEMPATH\BaseModel.php(1207): CodeIgniter\Model->doDelete([...], false)
 7 APPPATH\Controllers\Karyawan.php(125): CodeIgniter\BaseModel->delete([...])
 8 SYSTEMPATH\CodeIgniter.php(951): App\Controllers\Karyawan->delete('8')
 9 SYSTEMPATH\CodeIgniter.php(497): CodeIgniter\CodeIgniter->runController(Object(App\Controllers\Karyawan))
10 SYSTEMPATH\CodeIgniter.php(340): CodeIgniter\CodeIgniter->handleRequest(null, Object(Config\Cache), false)
11 SYSTEMPATH\Boot.php(417): CodeIgniter\CodeIgniter->run()
12 SYSTEMPATH\Boot.php(68): CodeIgniter\Boot::runCodeIgniter(Object(CodeIgniter\CodeIgniter))
13 FCPATH\index.php(59): CodeIgniter\Boot::bootWeb(Object(Config\Paths))
ERROR - 2026-05-29 08:15:32 --> Cannot delete or update a parent row: a foreign key constraint fails (`db_absensi`.`absensi`, CONSTRAINT `fk_absensi_karyawan` FOREIGN KEY (`id_karyawan`) REFERENCES `karyawan` (`id`))
in SYSTEMPATH\Database\MySQLi\Connection.php on line 300.
 1 SYSTEMPATH\Database\MySQLi\Connection.php(300): mysqli->query('DELETE FROM `karyawan`
WHERE `id` IN (\'8\')', 0)
 2 SYSTEMPATH\Database\BaseConnection.php(910): CodeIgniter\Database\MySQLi\Connection->execute('DELETE FROM `karyawan`
WHERE `id` IN (\'8\')')
 3 SYSTEMPATH\Database\BaseConnection.php(827): CodeIgniter\Database\BaseConnection->simpleQuery('DELETE FROM `karyawan`
WHERE `id` IN (\'8\')')
 4 SYSTEMPATH\Database\BaseBuilder.php(2848): CodeIgniter\Database\BaseConnection->query('DELETE FROM `karyawan`
WHERE `id` IN :id:', [...], false)
 5 SYSTEMPATH\Model.php(441): CodeIgniter\Database\BaseBuilder->delete()
 6 SYSTEMPATH\BaseModel.php(1207): CodeIgniter\Model->doDelete([...], false)
 7 APPPATH\Controllers\Karyawan.php(134): CodeIgniter\BaseModel->delete([...])
 8 SYSTEMPATH\CodeIgniter.php(951): App\Controllers\Karyawan->delete('8')
 9 SYSTEMPATH\CodeIgniter.php(497): CodeIgniter\CodeIgniter->runController(Object(App\Controllers\Karyawan))
10 SYSTEMPATH\CodeIgniter.php(340): CodeIgniter\CodeIgniter->handleRequest(null, Object(Config\Cache), false)
11 SYSTEMPATH\Boot.php(417): CodeIgniter\CodeIgniter->run()
12 SYSTEMPATH\Boot.php(68): CodeIgniter\Boot::runCodeIgniter(Object(CodeIgniter\CodeIgniter))
13 FCPATH\index.php(59): CodeIgniter\Boot::bootWeb(Object(Config\Paths))
ERROR - 2026-05-29 08:15:32 --> Cannot delete or update a parent row: a foreign key constraint fails (`db_absensi`.`absensi`, CONSTRAINT `fk_absensi_karyawan` FOREIGN KEY (`id_karyawan`) REFERENCES `karyawan` (`id`))
in SYSTEMPATH\Database\MySQLi\Connection.php on line 300.
 1 SYSTEMPATH\Database\MySQLi\Connection.php(300): mysqli->query('DELETE FROM `user`
WHERE `id` IN (\'6\')', 0)
 2 SYSTEMPATH\Database\BaseConnection.php(910): CodeIgniter\Database\MySQLi\Connection->execute('DELETE FROM `user`
WHERE `id` IN (\'6\')')
 3 SYSTEMPATH\Database\BaseConnection.php(827): CodeIgniter\Database\BaseConnection->simpleQuery('DELETE FROM `user`
WHERE `id` IN (\'6\')')
 4 SYSTEMPATH\Database\BaseBuilder.php(2848): CodeIgniter\Database\BaseConnection->query('DELETE FROM `user`
WHERE `id` IN :id:', [...], false)
 5 SYSTEMPATH\Model.php(441): CodeIgniter\Database\BaseBuilder->delete()
 6 SYSTEMPATH\BaseModel.php(1207): CodeIgniter\Model->doDelete([...], false)
 7 APPPATH\Controllers\Karyawan.php(137): CodeIgniter\BaseModel->delete([...])
 8 SYSTEMPATH\CodeIgniter.php(951): App\Controllers\Karyawan->delete('8')
 9 SYSTEMPATH\CodeIgniter.php(497): CodeIgniter\CodeIgniter->runController(Object(App\Controllers\Karyawan))
10 SYSTEMPATH\CodeIgniter.php(340): CodeIgniter\CodeIgniter->handleRequest(null, Object(Config\Cache), false)
11 SYSTEMPATH\Boot.php(417): CodeIgniter\CodeIgniter->run()
12 SYSTEMPATH\Boot.php(68): CodeIgniter\Boot::runCodeIgniter(Object(CodeIgniter\CodeIgniter))
13 FCPATH\index.php(59): CodeIgniter\Boot::bootWeb(Object(Config\Paths))
ERROR - 2026-05-29 08:15:41 --> Cannot delete or update a parent row: a foreign key constraint fails (`db_absensi`.`absensi`, CONSTRAINT `fk_absensi_karyawan` FOREIGN KEY (`id_karyawan`) REFERENCES `karyawan` (`id`))
in SYSTEMPATH\Database\MySQLi\Connection.php on line 300.
 1 SYSTEMPATH\Database\MySQLi\Connection.php(300): mysqli->query('DELETE FROM `karyawan`
WHERE `id` IN (\'8\')', 0)
 2 SYSTEMPATH\Database\BaseConnection.php(910): CodeIgniter\Database\MySQLi\Connection->execute('DELETE FROM `karyawan`
WHERE `id` IN (\'8\')')
 3 SYSTEMPATH\Database\BaseConnection.php(827): CodeIgniter\Database\BaseConnection->simpleQuery('DELETE FROM `karyawan`
WHERE `id` IN (\'8\')')
 4 SYSTEMPATH\Database\BaseBuilder.php(2848): CodeIgniter\Database\BaseConnection->query('DELETE FROM `karyawan`
WHERE `id` IN :id:', [...], false)
 5 SYSTEMPATH\Model.php(441): CodeIgniter\Database\BaseBuilder->delete()
 6 SYSTEMPATH\BaseModel.php(1207): CodeIgniter\Model->doDelete([...], false)
 7 APPPATH\Controllers\Karyawan.php(134): CodeIgniter\BaseModel->delete([...])
 8 SYSTEMPATH\CodeIgniter.php(951): App\Controllers\Karyawan->delete('8')
 9 SYSTEMPATH\CodeIgniter.php(497): CodeIgniter\CodeIgniter->runController(Object(App\Controllers\Karyawan))
10 SYSTEMPATH\CodeIgniter.php(340): CodeIgniter\CodeIgniter->handleRequest(null, Object(Config\Cache), false)
11 SYSTEMPATH\Boot.php(417): CodeIgniter\CodeIgniter->run()
12 SYSTEMPATH\Boot.php(68): CodeIgniter\Boot::runCodeIgniter(Object(CodeIgniter\CodeIgniter))
13 FCPATH\index.php(59): CodeIgniter\Boot::bootWeb(Object(Config\Paths))
ERROR - 2026-05-29 08:15:41 --> Cannot delete or update a parent row: a foreign key constraint fails (`db_absensi`.`absensi`, CONSTRAINT `fk_absensi_karyawan` FOREIGN KEY (`id_karyawan`) REFERENCES `karyawan` (`id`))
in SYSTEMPATH\Database\MySQLi\Connection.php on line 300.
 1 SYSTEMPATH\Database\MySQLi\Connection.php(300): mysqli->query('DELETE FROM `user`
WHERE `id` IN (\'6\')', 0)
 2 SYSTEMPATH\Database\BaseConnection.php(910): CodeIgniter\Database\MySQLi\Connection->execute('DELETE FROM `user`
WHERE `id` IN (\'6\')')
 3 SYSTEMPATH\Database\BaseConnection.php(827): CodeIgniter\Database\BaseConnection->simpleQuery('DELETE FROM `user`
WHERE `id` IN (\'6\')')
 4 SYSTEMPATH\Database\BaseBuilder.php(2848): CodeIgniter\Database\BaseConnection->query('DELETE FROM `user`
WHERE `id` IN :id:', [...], false)
 5 SYSTEMPATH\Model.php(441): CodeIgniter\Database\BaseBuilder->delete()
 6 SYSTEMPATH\BaseModel.php(1207): CodeIgniter\Model->doDelete([...], false)
 7 APPPATH\Controllers\Karyawan.php(137): CodeIgniter\BaseModel->delete([...])
 8 SYSTEMPATH\CodeIgniter.php(951): App\Controllers\Karyawan->delete('8')
 9 SYSTEMPATH\CodeIgniter.php(497): CodeIgniter\CodeIgniter->runController(Object(App\Controllers\Karyawan))
10 SYSTEMPATH\CodeIgniter.php(340): CodeIgniter\CodeIgniter->handleRequest(null, Object(Config\Cache), false)
11 SYSTEMPATH\Boot.php(417): CodeIgniter\CodeIgniter->run()
12 SYSTEMPATH\Boot.php(68): CodeIgniter\Boot::runCodeIgniter(Object(CodeIgniter\CodeIgniter))
13 FCPATH\index.php(59): CodeIgniter\Boot::bootWeb(Object(Config\Paths))
ERROR - 2026-05-29 08:15:47 --> Cannot delete or update a parent row: a foreign key constraint fails (`db_absensi`.`absensi`, CONSTRAINT `fk_absensi_karyawan` FOREIGN KEY (`id_karyawan`) REFERENCES `karyawan` (`id`))
in SYSTEMPATH\Database\MySQLi\Connection.php on line 300.
 1 SYSTEMPATH\Database\MySQLi\Connection.php(300): mysqli->query('DELETE FROM `karyawan`
WHERE `id` IN (\'8\')', 0)
 2 SYSTEMPATH\Database\BaseConnection.php(910): CodeIgniter\Database\MySQLi\Connection->execute('DELETE FROM `karyawan`
WHERE `id` IN (\'8\')')
 3 SYSTEMPATH\Database\BaseConnection.php(827): CodeIgniter\Database\BaseConnection->simpleQuery('DELETE FROM `karyawan`
WHERE `id` IN (\'8\')')
 4 SYSTEMPATH\Database\BaseBuilder.php(2848): CodeIgniter\Database\BaseConnection->query('DELETE FROM `karyawan`
WHERE `id` IN :id:', [...], false)
 5 SYSTEMPATH\Model.php(441): CodeIgniter\Database\BaseBuilder->delete()
 6 SYSTEMPATH\BaseModel.php(1207): CodeIgniter\Model->doDelete([...], false)
 7 APPPATH\Controllers\Karyawan.php(134): CodeIgniter\BaseModel->delete([...])
 8 SYSTEMPATH\CodeIgniter.php(951): App\Controllers\Karyawan->delete('8')
 9 SYSTEMPATH\CodeIgniter.php(497): CodeIgniter\CodeIgniter->runController(Object(App\Controllers\Karyawan))
10 SYSTEMPATH\CodeIgniter.php(340): CodeIgniter\CodeIgniter->handleRequest(null, Object(Config\Cache), false)
11 SYSTEMPATH\Boot.php(417): CodeIgniter\CodeIgniter->run()
12 SYSTEMPATH\Boot.php(68): CodeIgniter\Boot::runCodeIgniter(Object(CodeIgniter\CodeIgniter))
13 FCPATH\index.php(59): CodeIgniter\Boot::bootWeb(Object(Config\Paths))
ERROR - 2026-05-29 08:15:47 --> Cannot delete or update a parent row: a foreign key constraint fails (`db_absensi`.`absensi`, CONSTRAINT `fk_absensi_karyawan` FOREIGN KEY (`id_karyawan`) REFERENCES `karyawan` (`id`))
in SYSTEMPATH\Database\MySQLi\Connection.php on line 300.
 1 SYSTEMPATH\Database\MySQLi\Connection.php(300): mysqli->query('DELETE FROM `user`
WHERE `id` IN (\'6\')', 0)
 2 SYSTEMPATH\Database\BaseConnection.php(910): CodeIgniter\Database\MySQLi\Connection->execute('DELETE FROM `user`
WHERE `id` IN (\'6\')')
 3 SYSTEMPATH\Database\BaseConnection.php(827): CodeIgniter\Database\BaseConnection->simpleQuery('DELETE FROM `user`
WHERE `id` IN (\'6\')')
 4 SYSTEMPATH\Database\BaseBuilder.php(2848): CodeIgniter\Database\BaseConnection->query('DELETE FROM `user`
WHERE `id` IN :id:', [...], false)
 5 SYSTEMPATH\Model.php(441): CodeIgniter\Database\BaseBuilder->delete()
 6 SYSTEMPATH\BaseModel.php(1207): CodeIgniter\Model->doDelete([...], false)
 7 APPPATH\Controllers\Karyawan.php(137): CodeIgniter\BaseModel->delete([...])
 8 SYSTEMPATH\CodeIgniter.php(951): App\Controllers\Karyawan->delete('8')
 9 SYSTEMPATH\CodeIgniter.php(497): CodeIgniter\CodeIgniter->runController(Object(App\Controllers\Karyawan))
10 SYSTEMPATH\CodeIgniter.php(340): CodeIgniter\CodeIgniter->handleRequest(null, Object(Config\Cache), false)
11 SYSTEMPATH\Boot.php(417): CodeIgniter\CodeIgniter->run()
12 SYSTEMPATH\Boot.php(68): CodeIgniter\Boot::runCodeIgniter(Object(CodeIgniter\CodeIgniter))
13 FCPATH\index.php(59): CodeIgniter\Boot::bootWeb(Object(Config\Paths))
CRITICAL - 2026-05-29 08:20:21 --> ErrorException: Undefined array key "nama_karyawan"
[Method: GET, Route: admin/cuti]
in APPPATH\Views\admin\cuti.php on line 39.
 1 APPPATH\Views\admin\cuti.php(39): CodeIgniter\Debug\Exceptions->errorHandler(2, 'Undefined array key "nama_karyawan"', 'C:\\xampp\\htdocs\\absensi\\app\\Views\\admin\\cuti.php', 39)
 2 SYSTEMPATH\View\View.php(240): include('C:\\xampp\\htdocs\\absensi\\app\\Views\\admin\\cuti.php')
 3 SYSTEMPATH\View\View.php(243): CodeIgniter\View\View->CodeIgniter\View\{closure}()
 4 SYSTEMPATH\Common.php(1250): CodeIgniter\View\View->render('admin/cuti', [], true)
 5 APPPATH\Controllers\Admin\Cuti.php(16): view('admin/cuti', [...])
 6 SYSTEMPATH\CodeIgniter.php(951): App\Controllers\Admin\Cuti->index()
 7 SYSTEMPATH\CodeIgniter.php(497): CodeIgniter\CodeIgniter->runController(Object(App\Controllers\Admin\Cuti))
 8 SYSTEMPATH\CodeIgniter.php(340): CodeIgniter\CodeIgniter->handleRequest(null, Object(Config\Cache), false)
 9 SYSTEMPATH\Boot.php(417): CodeIgniter\CodeIgniter->run()
10 SYSTEMPATH\Boot.php(68): CodeIgniter\Boot::runCodeIgniter(Object(CodeIgniter\CodeIgniter))
11 FCPATH\index.php(59): CodeIgniter\Boot::bootWeb(Object(Config\Paths))
CRITICAL - 2026-05-29 08:24:40 --> ErrorException: Undefined array key "nama_karyawan"
[Method: GET, Route: admin/cuti]
in APPPATH\Views\admin\cuti.php on line 39.
 1 APPPATH\Views\admin\cuti.php(39): CodeIgniter\Debug\Exceptions->errorHandler(2, 'Undefined array key "nama_karyawan"', 'C:\\xampp\\htdocs\\absensi\\app\\Views\\admin\\cuti.php', 39)
 2 SYSTEMPATH\View\View.php(240): include('C:\\xampp\\htdocs\\absensi\\app\\Views\\admin\\cuti.php')
 3 SYSTEMPATH\View\View.php(243): CodeIgniter\View\View->CodeIgniter\View\{closure}()
 4 SYSTEMPATH\Common.php(1250): CodeIgniter\View\View->render('admin/cuti', [], true)
 5 APPPATH\Controllers\Admin\Cuti.php(16): view('admin/cuti', [...])
 6 SYSTEMPATH\CodeIgniter.php(951): App\Controllers\Admin\Cuti->index()
 7 SYSTEMPATH\CodeIgniter.php(497): CodeIgniter\CodeIgniter->runController(Object(App\Controllers\Admin\Cuti))
 8 SYSTEMPATH\CodeIgniter.php(340): CodeIgniter\CodeIgniter->handleRequest(null, Object(Config\Cache), false)
 9 SYSTEMPATH\Boot.php(417): CodeIgniter\CodeIgniter->run()
10 SYSTEMPATH\Boot.php(68): CodeIgniter\Boot::runCodeIgniter(Object(CodeIgniter\CodeIgniter))
11 FCPATH\index.php(59): CodeIgniter\Boot::bootWeb(Object(Config\Paths))
CRITICAL - 2026-05-29 08:29:10 --> CodeIgniter\View\Exceptions\ViewException: Invalid file: "admin/cuti/index.php"
[Method: GET, Route: admin/cuti]
in SYSTEMPATH\Exceptions\FrameworkException.php on line 39.
 1 SYSTEMPATH\View\View.php(228): CodeIgniter\Exceptions\FrameworkException::forInvalidFile('admin/cuti/index.php')
 2 SYSTEMPATH\Common.php(1250): CodeIgniter\View\View->render('admin/cuti/index', [], true)
 3 APPPATH\Controllers\Admin\Cuti.php(19): view('admin/cuti/index', [...])
 4 SYSTEMPATH\CodeIgniter.php(951): App\Controllers\Admin\Cuti->index()
 5 SYSTEMPATH\CodeIgniter.php(497): CodeIgniter\CodeIgniter->runController(Object(App\Controllers\Admin\Cuti))
 6 SYSTEMPATH\CodeIgniter.php(340): CodeIgniter\CodeIgniter->handleRequest(null, Object(Config\Cache), false)
 7 SYSTEMPATH\Boot.php(417): CodeIgniter\CodeIgniter->run()
 8 SYSTEMPATH\Boot.php(68): CodeIgniter\Boot::runCodeIgniter(Object(CodeIgniter\CodeIgniter))
 9 FCPATH\index.php(59): CodeIgniter\Boot::bootWeb(Object(Config\Paths))
CRITICAL - 2026-05-29 08:29:23 --> CodeIgniter\View\Exceptions\ViewException: Invalid file: "admin/cuti/index.php"
[Method: GET, Route: admin/cuti]
in SYSTEMPATH\Exceptions\FrameworkException.php on line 39.
 1 SYSTEMPATH\View\View.php(228): CodeIgniter\Exceptions\FrameworkException::forInvalidFile('admin/cuti/index.php')
 2 SYSTEMPATH\Common.php(1250): CodeIgniter\View\View->render('admin/cuti/index', [], true)
 3 APPPATH\Controllers\Admin\Cuti.php(19): view('admin/cuti/index', [...])
 4 SYSTEMPATH\CodeIgniter.php(951): App\Controllers\Admin\Cuti->index()
 5 SYSTEMPATH\CodeIgniter.php(497): CodeIgniter\CodeIgniter->runController(Object(App\Controllers\Admin\Cuti))
 6 SYSTEMPATH\CodeIgniter.php(340): CodeIgniter\CodeIgniter->handleRequest(null, Object(Config\Cache), false)
 7 SYSTEMPATH\Boot.php(417): CodeIgniter\CodeIgniter->run()
 8 SYSTEMPATH\Boot.php(68): CodeIgniter\Boot::runCodeIgniter(Object(CodeIgniter\CodeIgniter))
 9 FCPATH\index.php(59): CodeIgniter\Boot::bootWeb(Object(Config\Paths))
CRITICAL - 2026-05-29 08:52:38 --> ErrorException: Undefined array key "jam_pulang"
[Method: GET, Route: admin/absensi]
in APPPATH\Views\admin\absensi.php on line 48.
 1 APPPATH\Views\admin\absensi.php(48): CodeIgniter\Debug\Exceptions->errorHandler(2, 'Undefined array key "jam_pulang"', 'C:\\xampp\\htdocs\\absensi\\app\\Views\\admin\\absensi.php', 48)
 2 SYSTEMPATH\View\View.php(240): include('C:\\xampp\\htdocs\\absensi\\app\\Views\\admin\\absensi.php')
 3 SYSTEMPATH\View\View.php(243): CodeIgniter\View\View->CodeIgniter\View\{closure}()
 4 SYSTEMPATH\Common.php(1250): CodeIgniter\View\View->render('admin/absensi', [], true)
 5 APPPATH\Controllers\Admin\Absensi.php(21): view('admin/absensi', [...])
 6 SYSTEMPATH\CodeIgniter.php(951): App\Controllers\Admin\Absensi->index()
 7 SYSTEMPATH\CodeIgniter.php(497): CodeIgniter\CodeIgniter->runController(Object(App\Controllers\Admin\Absensi))
 8 SYSTEMPATH\CodeIgniter.php(340): CodeIgniter\CodeIgniter->handleRequest(null, Object(Config\Cache), false)
 9 SYSTEMPATH\Boot.php(417): CodeIgniter\CodeIgniter->run()
10 SYSTEMPATH\Boot.php(68): CodeIgniter\Boot::runCodeIgniter(Object(CodeIgniter\CodeIgniter))
11 FCPATH\index.php(59): CodeIgniter\Boot::bootWeb(Object(Config\Paths))
CRITICAL - 2026-05-29 08:52:39 --> ErrorException: Undefined array key "jam_pulang"
[Method: GET, Route: admin/absensi]
in APPPATH\Views\admin\absensi.php on line 48.
 1 APPPATH\Views\admin\absensi.php(48): CodeIgniter\Debug\Exceptions->errorHandler(2, 'Undefined array key "jam_pulang"', 'C:\\xampp\\htdocs\\absensi\\app\\Views\\admin\\absensi.php', 48)
 2 SYSTEMPATH\View\View.php(240): include('C:\\xampp\\htdocs\\absensi\\app\\Views\\admin\\absensi.php')
 3 SYSTEMPATH\View\View.php(243): CodeIgniter\View\View->CodeIgniter\View\{closure}()
 4 SYSTEMPATH\Common.php(1250): CodeIgniter\View\View->render('admin/absensi', [], true)
 5 APPPATH\Controllers\Admin\Absensi.php(21): view('admin/absensi', [...])
 6 SYSTEMPATH\CodeIgniter.php(951): App\Controllers\Admin\Absensi->index()
 7 SYSTEMPATH\CodeIgniter.php(497): CodeIgniter\CodeIgniter->runController(Object(App\Controllers\Admin\Absensi))
 8 SYSTEMPATH\CodeIgniter.php(340): CodeIgniter\CodeIgniter->handleRequest(null, Object(Config\Cache), false)
 9 SYSTEMPATH\Boot.php(417): CodeIgniter\CodeIgniter->run()
10 SYSTEMPATH\Boot.php(68): CodeIgniter\Boot::runCodeIgniter(Object(CodeIgniter\CodeIgniter))
11 FCPATH\index.php(59): CodeIgniter\Boot::bootWeb(Object(Config\Paths))
CRITICAL - 2026-05-29 08:52:40 --> ErrorException: Undefined array key "jam_pulang"
[Method: GET, Route: admin/absensi]
in APPPATH\Views\admin\absensi.php on line 48.
 1 APPPATH\Views\admin\absensi.php(48): CodeIgniter\Debug\Exceptions->errorHandler(2, 'Undefined array key "jam_pulang"', 'C:\\xampp\\htdocs\\absensi\\app\\Views\\admin\\absensi.php', 48)
 2 SYSTEMPATH\View\View.php(240): include('C:\\xampp\\htdocs\\absensi\\app\\Views\\admin\\absensi.php')
 3 SYSTEMPATH\View\View.php(243): CodeIgniter\View\View->CodeIgniter\View\{closure}()
 4 SYSTEMPATH\Common.php(1250): CodeIgniter\View\View->render('admin/absensi', [], true)
 5 APPPATH\Controllers\Admin\Absensi.php(21): view('admin/absensi', [...])
 6 SYSTEMPATH\CodeIgniter.php(951): App\Controllers\Admin\Absensi->index()
 7 SYSTEMPATH\CodeIgniter.php(497): CodeIgniter\CodeIgniter->runController(Object(App\Controllers\Admin\Absensi))
 8 SYSTEMPATH\CodeIgniter.php(340): CodeIgniter\CodeIgniter->handleRequest(null, Object(Config\Cache), false)
 9 SYSTEMPATH\Boot.php(417): CodeIgniter\CodeIgniter->run()
10 SYSTEMPATH\Boot.php(68): CodeIgniter\Boot::runCodeIgniter(Object(CodeIgniter\CodeIgniter))
11 FCPATH\index.php(59): CodeIgniter\Boot::bootWeb(Object(Config\Paths))
CRITICAL - 2026-05-29 08:52:46 --> ErrorException: Undefined array key "jam_pulang"
[Method: GET, Route: admin/absensi]
in APPPATH\Views\admin\absensi.php on line 48.
 1 APPPATH\Views\admin\absensi.php(48): CodeIgniter\Debug\Exceptions->errorHandler(2, 'Undefined array key "jam_pulang"', 'C:\\xampp\\htdocs\\absensi\\app\\Views\\admin\\absensi.php', 48)
 2 SYSTEMPATH\View\View.php(240): include('C:\\xampp\\htdocs\\absensi\\app\\Views\\admin\\absensi.php')
 3 SYSTEMPATH\View\View.php(243): CodeIgniter\View\View->CodeIgniter\View\{closure}()
 4 SYSTEMPATH\Common.php(1250): CodeIgniter\View\View->render('admin/absensi', [], true)
 5 APPPATH\Controllers\Admin\Absensi.php(21): view('admin/absensi', [...])
 6 SYSTEMPATH\CodeIgniter.php(951): App\Controllers\Admin\Absensi->index()
 7 SYSTEMPATH\CodeIgniter.php(497): CodeIgniter\CodeIgniter->runController(Object(App\Controllers\Admin\Absensi))
 8 SYSTEMPATH\CodeIgniter.php(340): CodeIgniter\CodeIgniter->handleRequest(null, Object(Config\Cache), false)
 9 SYSTEMPATH\Boot.php(417): CodeIgniter\CodeIgniter->run()
10 SYSTEMPATH\Boot.php(68): CodeIgniter\Boot::runCodeIgniter(Object(CodeIgniter\CodeIgniter))
11 FCPATH\index.php(59): CodeIgniter\Boot::bootWeb(Object(Config\Paths))
